{"numFailedTestSuites":0,"numFailedTests":0,"numPassedTestSuites":14,"numPassedTests":163,"numPendingTestSuites":0,"numPendingTests":0,"numRuntimeErrorTestSuites":0,"numTodoTests":0,"numTotalTestSuites":14,"numTotalTests":163,"openHandles":[],"snapshot":{"added":0,"didUpdate":false,"failure":false,"filesAdded":0,"filesRemoved":0,"filesRemovedList":[],"filesUnmatched":0,"filesUpdated":0,"matched":0,"total":0,"unchecked":0,"uncheckedKeysByFile":[],"unmatched":0,"updated":0},"startTime":1780413831813,"success":true,"testResults":[{"assertionResults":[{"ancestorTitles":["POST /eventos-cientificos/crear-evento-cientifico"],"duration":53,"failing":false,"failureDetails":[],"failureMessages":[],"fullName":"POST /eventos-cientificos/crear-evento-cientifico 401 — sin token","invocations":1,"location":null,"numPassingAsserts":1,"retryReasons":[],"startAt":1780413832779,"status":"passed","title":"401 — sin token"},{"ancestorTitles":["POST /eventos-cientificos/crear-evento-cientifico"],"duration":15,"failing":false,"failureDetails":[],"failureMessages":[],"fullName":"POST /eventos-cientificos/crear-evento-cientifico 400 — faltan datos obligatorios","invocations":1,"location":null,"numPassingAsserts":1,"retryReasons":[],"startAt":1780413832834,"status":"passed","title":"400 — faltan datos obligatorios"},{"ancestorTitles":["POST /eventos-cientificos/crear-evento-cientifico"],"duration":9,"failing":false,"failureDetails":[],"failureMessages":[],"fullName":"POST /eventos-cientificos/crear-evento-cientifico 400 — fecha_fin anterior a fecha_inicio","invocations":1,"location":null,"numPassingAsserts":2,"retryReasons":[],"startAt":1780413832849,"status":"passed","title":"400 — fecha_fin anterior a fecha_inicio"},{"ancestorTitles":["POST /eventos-cientificos/crear-evento-cientifico"],"duration":6,"failing":false,"failureDetails":[],"failureMessages":[],"fullName":"POST /eventos-cientificos/crear-evento-cientifico 200 — admin crea evento con datos válidos","invocations":1,"location":null,"numPassingAsserts":2,"retryReasons":[],"startAt":1780413832858,"status":"passed","title":"200 — admin crea evento con datos válidos"},{"ancestorTitles":["PUT /eventos-cientificos/:id"],"duration":6,"failing":false,"failureDetails":[],"failureMessages":[],"fullName":"PUT /eventos-cientificos/:id 401 — sin token","invocations":1,"location":null,"numPassingAsserts":1,"retryReasons":[],"startAt":1780413832864,"status":"passed","title":"401 — sin token"},{"ancestorTitles":["PUT /eventos-cientificos/:id"],"duration":7,"failing":false,"failureDetails":[],"failureMessages":[],"fullName":"PUT /eventos-cientificos/:id 200 — admin puede editar un evento por ID correctamente","invocations":1,"location":null,"numPassingAsserts":2,"retryReasons":[],"startAt":1780413832870,"status":"passed","title":"200 — admin puede editar un evento por ID correctamente"},{"ancestorTitles":["PUT /eventos-cientificos/:id"],"duration":4,"failing":false,"failureDetails":[],"failureMessages":[],"fullName":"PUT /eventos-cientificos/:id 403 — socio no-presidente no puede editar el evento","invocations":1,"location":null,"numPassingAsserts":1,"retryReasons":[],"startAt":1780413832877,"status":"passed","title":"403 — socio no-presidente no puede editar el evento"},{"ancestorTitles":["POST /eventos-cientificos/:id/inscribirse"],"duration":5,"failing":false,"failureDetails":[],"failureMessages":[],"fullName":"POST /eventos-cientificos/:id/inscribirse 401 — sin token","invocations":1,"location":null,"numPassingAsserts":1,"retryReasons":[],"startAt":1780413832883,"status":"passed","title":"401 — sin token"},{"ancestorTitles":["POST /eventos-cientificos/:id/inscribirse"],"duration":36,"failing":false,"failureDetails":[],"failureMessages":[],"fullName":"POST /eventos-cientificos/:id/inscribirse 200 — socio con suscripción activa se inscribe al evento por ID numérico","invocations":1,"location":null,"numPassingAsserts":2,"retryReasons":[],"startAt":1780413832888,"status":"passed","title":"200 — socio con suscripción activa se inscribe al evento por ID numérico"},{"ancestorTitles":["POST /eventos-cientificos/:id/inscribirse"],"duration":8,"failing":false,"failureDetails":[],"failureMessages":[],"fullName":"POST /eventos-cientificos/:id/inscribirse 200 — socio se inscribe al evento por slug","invocations":1,"location":null,"numPassingAsserts":1,"retryReasons":[],"startAt":1780413832925,"status":"passed","title":"200 — socio se inscribe al evento por slug"},{"ancestorTitles":["DELETE /eventos-cientificos/:id/cancelar-inscripcion"],"duration":4,"failing":false,"failureDetails":[],"failureMessages":[],"fullName":"DELETE /eventos-cientificos/:id/cancelar-inscripcion 401 — sin token","invocations":1,"location":null,"numPassingAsserts":1,"retryReasons":[],"startAt":1780413832933,"status":"passed","title":"401 — sin token"},{"ancestorTitles":["DELETE /eventos-cientificos/:id/cancelar-inscripcion"],"duration":5,"failing":false,"failureDetails":[],"failureMessages":[],"fullName":"DELETE /eventos-cientificos/:id/cancelar-inscripcion 404 — inscripción no encontrada (rowCount=0)","invocations":1,"location":null,"numPassingAsserts":1,"retryReasons":[],"startAt":1780413832937,"status":"passed","title":"404 — inscripción no encontrada (rowCount=0)"},{"ancestorTitles":["DELETE /eventos-cientificos/:id/cancelar-inscripcion"],"duration":8,"failing":false,"failureDetails":[],"failureMessages":[],"fullName":"DELETE /eventos-cientificos/:id/cancelar-inscripcion 200 — cancela inscripción pagada → Stripe refund","invocations":1,"location":null,"numPassingAsserts":2,"retryReasons":[],"startAt":1780413832942,"status":"passed","title":"200 — cancela inscripción pagada → Stripe refund"},{"ancestorTitles":["DELETE /eventos-cientificos/:id/cancelar-inscripcion"],"duration":8,"failing":false,"failureDetails":[],"failureMessages":[],"fullName":"DELETE /eventos-cientificos/:id/cancelar-inscripcion 200 — cancela inscripción pendiente → Stripe paymentIntent.cancel","invocations":1,"location":null,"numPassingAsserts":1,"retryReasons":[],"startAt":1780413832950,"status":"passed","title":"200 — cancela inscripción pendiente → Stripe paymentIntent.cancel"},{"ancestorTitles":["DELETE /eventos-cientificos/:id/cancelar-inscripcion"],"duration":8,"failing":false,"failureDetails":[],"failureMessages":[],"fullName":"DELETE /eventos-cientificos/:id/cancelar-inscripcion 200 — cancela inscripción gratuita (sin payment_intent)","invocations":1,"location":null,"numPassingAsserts":1,"retryReasons":[],"startAt":1780413832958,"status":"passed","title":"200 — cancela inscripción gratuita (sin payment_intent)"}],"endTime":1780413832973,"message":"","name":"/home/artraxer/TFG-Sociedad-Cientifica/backend/tests/eventos_extended.test.js","startTime":1780413831948,"status":"passed","summary":""},{"assertionResults":[{"ancestorTitles":["POST /crear-comite-cientifico"],"duration":18,"failing":false,"failureDetails":[],"failureMessages":[],"fullName":"POST /crear-comite-cientifico 401 — sin token","invocations":1,"location":null,"numPassingAsserts":1,"retryReasons":[],"startAt":1780413833302,"status":"passed","title":"401 — sin token"},{"ancestorTitles":["POST /crear-comite-cientifico"],"duration":7,"failing":false,"failureDetails":[],"failureMessages":[],"fullName":"POST /crear-comite-cientifico 400 — faltan datos obligatorios","invocations":1,"location":null,"numPassingAsserts":1,"retryReasons":[],"startAt":1780413833321,"status":"passed","title":"400 — faltan datos obligatorios"},{"ancestorTitles":["POST /crear-comite-cientifico"],"duration":3,"failing":false,"failureDetails":[],"failureMessages":[],"fullName":"POST /crear-comite-cientifico 403 — socio normal no-admin no puede crear comités","invocations":1,"location":null,"numPassingAsserts":1,"retryReasons":[],"startAt":1780413833329,"status":"passed","title":"403 — socio normal no-admin no puede crear comités"},{"ancestorTitles":["POST /crear-comite-cientifico"],"duration":3,"failing":false,"failureDetails":[],"failureMessages":[],"fullName":"POST /crear-comite-cientifico 200 — admin puede crear comités con éxito","invocations":1,"location":null,"numPassingAsserts":3,"retryReasons":[],"startAt":1780413833333,"status":"passed","title":"200 — admin puede crear comités con éxito"},{"ancestorTitles":["GET /listado-comites-cientificos"],"duration":4,"failing":false,"failureDetails":[],"failureMessages":[],"fullName":"GET /listado-comites-cientificos 200 — obtiene el listado de comités agrupado","invocations":1,"location":null,"numPassingAsserts":3,"retryReasons":[],"startAt":1780413833337,"status":"passed","title":"200 — obtiene el listado de comités agrupado"},{"ancestorTitles":["POST /add-miembro-comite-cientifico"],"duration":3,"failing":false,"failureDetails":[],"failureMessages":[],"fullName":"POST /add-miembro-comite-cientifico 200 — admin puede añadir un miembro a un comité","invocations":1,"location":null,"numPassingAsserts":2,"retryReasons":[],"startAt":1780413833341,"status":"passed","title":"200 — admin puede añadir un miembro a un comité"},{"ancestorTitles":["POST /add-miembro-comite-cientifico"],"duration":4,"failing":false,"failureDetails":[],"failureMessages":[],"fullName":"POST /add-miembro-comite-cientifico 200 — presidente de comité puede añadir un miembro a su comité","invocations":1,"location":null,"numPassingAsserts":1,"retryReasons":[],"startAt":1780413833345,"status":"passed","title":"200 — presidente de comité puede añadir un miembro a su comité"},{"ancestorTitles":["DELETE /eliminar-miembro-comite"],"duration":8,"failing":false,"failureDetails":[],"failureMessages":[],"fullName":"DELETE /eliminar-miembro-comite 200 — presidente de comité puede expulsar a un miembro","invocations":1,"location":null,"numPassingAsserts":2,"retryReasons":[],"startAt":1780413833349,"status":"passed","title":"200 — presidente de comité puede expulsar a un miembro"},{"ancestorTitles":["Muro de Mensajes de Comités"],"duration":5,"failing":false,"failureDetails":[],"failureMessages":[],"fullName":"Muro de Mensajes de Comités GET /comites/:id/mensajes — 200 obtiene mensajes","invocations":1,"location":null,"numPassingAsserts":2,"retryReasons":[],"startAt":1780413833358,"status":"passed","title":"GET /comites/:id/mensajes — 200 obtiene mensajes"},{"ancestorTitles":["Muro de Mensajes de Comités"],"duration":3,"failing":false,"failureDetails":[],"failureMessages":[],"fullName":"Muro de Mensajes de Comités POST /comites/:id/mensajes — 201 envía mensaje si es miembro","invocations":1,"location":null,"numPassingAsserts":2,"retryReasons":[],"startAt":1780413833363,"status":"passed","title":"POST /comites/:id/mensajes — 201 envía mensaje si es miembro"},{"ancestorTitles":["Muro de Mensajes de Comités"],"duration":6,"failing":false,"failureDetails":[],"failureMessages":[],"fullName":"Muro de Mensajes de Comités POST /comites/:id/mensajes — 403 si no es miembro ni admin","invocations":1,"location":null,"numPassingAsserts":1,"retryReasons":[],"startAt":1780413833366,"status":"passed","title":"POST /comites/:id/mensajes — 403 si no es miembro ni admin"}],"endTime":1780413833372,"message":"","name":"/home/artraxer/TFG-Sociedad-Cientifica/backend/tests/comites.test.js","startTime":1780413833000,"status":"passed","summary":""},{"assertionResults":[{"ancestorTitles":["POST /renovar-suscripcion"],"duration":26,"failing":false,"failureDetails":[],"failureMessages":[],"fullName":"POST /renovar-suscripcion 401 — sin token","invocations":1,"location":null,"numPassingAsserts":1,"retryReasons":[],"startAt":1780413833632,"status":"passed","title":"401 — sin token"},{"ancestorTitles":["POST /renovar-suscripcion"],"duration":11,"failing":false,"failureDetails":[],"failureMessages":[],"fullName":"POST /renovar-suscripcion 404 — socio no encontrado en BD","invocations":1,"location":null,"numPassingAsserts":1,"retryReasons":[],"startAt":1780413833658,"status":"passed","title":"404 — socio no encontrado en BD"},{"ancestorTitles":["POST /renovar-suscripcion"],"duration":7,"failing":false,"failureDetails":[],"failureMessages":[],"fullName":"POST /renovar-suscripcion 200 — socio con cuota=0 renueva sin pago","invocations":1,"location":null,"numPassingAsserts":2,"retryReasons":[],"startAt":1780413833669,"status":"passed","title":"200 — socio con cuota=0 renueva sin pago"},{"ancestorTitles":["POST /renovar-suscripcion"],"duration":6,"failing":false,"failureDetails":[],"failureMessages":[],"fullName":"POST /renovar-suscripcion 200 — socio con cuota>0 obtiene clientSecret de Stripe","invocations":1,"location":null,"numPassingAsserts":3,"retryReasons":[],"startAt":1780413833677,"status":"passed","title":"200 — socio con cuota>0 obtiene clientSecret de Stripe"},{"ancestorTitles":["POST /socios/crear-socios"],"duration":11,"failing":false,"failureDetails":[],"failureMessages":[],"fullName":"POST /socios/crear-socios 401 — sin token","invocations":1,"location":null,"numPassingAsserts":1,"retryReasons":[],"startAt":1780413833683,"status":"passed","title":"401 — sin token"},{"ancestorTitles":["POST /socios/crear-socios"],"duration":4,"failing":false,"failureDetails":[],"failureMessages":[],"fullName":"POST /socios/crear-socios 403 — socio normal no puede crear socios","invocations":1,"location":null,"numPassingAsserts":1,"retryReasons":[],"startAt":1780413833694,"status":"passed","title":"403 — socio normal no puede crear socios"},{"ancestorTitles":["POST /socios/crear-socios"],"duration":5,"failing":false,"failureDetails":[],"failureMessages":[],"fullName":"POST /socios/crear-socios 201 — admin crea un socio correctamente","invocations":1,"location":null,"numPassingAsserts":2,"retryReasons":[],"startAt":1780413833698,"status":"passed","title":"201 — admin crea un socio correctamente"},{"ancestorTitles":["GET /corporacion/miembros"],"duration":3,"failing":false,"failureDetails":[],"failureMessages":[],"fullName":"GET /corporacion/miembros 401 — sin token","invocations":1,"location":null,"numPassingAsserts":1,"retryReasons":[],"startAt":1780413833704,"status":"passed","title":"401 — sin token"},{"ancestorTitles":["GET /corporacion/miembros"],"duration":2,"failing":false,"failureDetails":[],"failureMessages":[],"fullName":"GET /corporacion/miembros 403 — socio normal (tipo≠6) no puede ver miembros de corporación","invocations":1,"location":null,"numPassingAsserts":1,"retryReasons":[],"startAt":1780413833707,"status":"passed","title":"403 — socio normal (tipo≠6) no puede ver miembros de corporación"},{"ancestorTitles":["GET /corporacion/miembros"],"duration":5,"failing":false,"failureDetails":[],"failureMessages":[],"fullName":"GET /corporacion/miembros 200 — socio corporación obtiene sus miembros","invocations":1,"location":null,"numPassingAsserts":2,"retryReasons":[],"startAt":1780413833710,"status":"passed","title":"200 — socio corporación obtiene sus miembros"},{"ancestorTitles":["POST /corporacion/miembros"],"duration":3,"failing":false,"failureDetails":[],"failureMessages":[],"fullName":"POST /corporacion/miembros 403 — socio normal (tipo≠6) no puede añadir miembros","invocations":1,"location":null,"numPassingAsserts":1,"retryReasons":[],"startAt":1780413833715,"status":"passed","title":"403 — socio normal (tipo≠6) no puede añadir miembros"},{"ancestorTitles":["POST /corporacion/miembros"],"duration":6,"failing":false,"failureDetails":[],"failureMessages":[],"fullName":"POST /corporacion/miembros 201 — corporación añade un nuevo miembro","invocations":1,"location":null,"numPassingAsserts":2,"retryReasons":[],"startAt":1780413833718,"status":"passed","title":"201 — corporación añade un nuevo miembro"},{"ancestorTitles":["DELETE /corporacion/miembros/:id"],"duration":3,"failing":false,"failureDetails":[],"failureMessages":[],"fullName":"DELETE /corporacion/miembros/:id 403 — socio normal no puede eliminar miembros de corporación","invocations":1,"location":null,"numPassingAsserts":1,"retryReasons":[],"startAt":1780413833724,"status":"passed","title":"403 — socio normal no puede eliminar miembros de corporación"},{"ancestorTitles":["DELETE /corporacion/miembros/:id"],"duration":5,"failing":false,"failureDetails":[],"failureMessages":[],"fullName":"DELETE /corporacion/miembros/:id 404 — miembro no pertenece a la corporación","invocations":1,"location":null,"numPassingAsserts":1,"retryReasons":[],"startAt":1780413833727,"status":"passed","title":"404 — miembro no pertenece a la corporación"},{"ancestorTitles":["DELETE /corporacion/miembros/:id"],"duration":4,"failing":false,"failureDetails":[],"failureMessages":[],"fullName":"DELETE /corporacion/miembros/:id 200 — corporación elimina un miembro correctamente","invocations":1,"location":null,"numPassingAsserts":2,"retryReasons":[],"startAt":1780413833733,"status":"passed","title":"200 — corporación elimina un miembro correctamente"}],"endTime":1780413833738,"message":"","name":"/home/artraxer/TFG-Sociedad-Cientifica/backend/tests/socios_extended.test.js","startTime":1780413833387,"status":"passed","summary":""},{"assertionResults":[{"ancestorTitles":["GET /listado-eventos-cientificos"],"duration":37,"failing":false,"failureDetails":[],"failureMessages":[],"fullName":"GET /listado-eventos-cientificos 200 — devuelve lista de eventos (ruta pública)","invocations":1,"location":null,"numPassingAsserts":2,"retryReasons":[],"startAt":1780413833985,"status":"passed","title":"200 — devuelve lista de eventos (ruta pública)"},{"ancestorTitles":["GET /listado-eventos-cientificos"],"duration":8,"failing":false,"failureDetails":[],"failureMessages":[],"fullName":"GET /listado-eventos-cientificos 200 — lista vacía si no hay eventos","invocations":1,"location":null,"numPassingAsserts":2,"retryReasons":[],"startAt":1780413834024,"status":"passed","title":"200 — lista vacía si no hay eventos"},{"ancestorTitles":["GET /eventos-cientificos/:id"],"duration":7,"failing":false,"failureDetails":[],"failureMessages":[],"fullName":"GET /eventos-cientificos/:id 200 — obtiene evento por ID numérico","invocations":1,"location":null,"numPassingAsserts":3,"retryReasons":[],"startAt":1780413834033,"status":"passed","title":"200 — obtiene evento por ID numérico"},{"ancestorTitles":["GET /eventos-cientificos/:id"],"duration":6,"failing":false,"failureDetails":[],"failureMessages":[],"fullName":"GET /eventos-cientificos/:id 200 — obtiene evento por slug","invocations":1,"location":null,"numPassingAsserts":2,"retryReasons":[],"startAt":1780413834041,"status":"passed","title":"200 — obtiene evento por slug"},{"ancestorTitles":["GET /eventos-cientificos/:id"],"duration":2,"failing":false,"failureDetails":[],"failureMessages":[],"fullName":"GET /eventos-cientificos/:id 404 — evento no encontrado","invocations":1,"location":null,"numPassingAsserts":1,"retryReasons":[],"startAt":1780413834048,"status":"passed","title":"404 — evento no encontrado"},{"ancestorTitles":["DELETE /eventos-cientificos/:id"],"duration":3,"failing":false,"failureDetails":[],"failureMessages":[],"fullName":"DELETE /eventos-cientificos/:id 401 — sin token","invocations":1,"location":null,"numPassingAsserts":1,"retryReasons":[],"startAt":1780413834050,"status":"passed","title":"401 — sin token"},{"ancestorTitles":["DELETE /eventos-cientificos/:id"],"duration":4,"failing":false,"failureDetails":[],"failureMessages":[],"fullName":"DELETE /eventos-cientificos/:id 200 — admin puede eliminar un evento","invocations":1,"location":null,"numPassingAsserts":2,"retryReasons":[],"startAt":1780413834053,"status":"passed","title":"200 — admin puede eliminar un evento"},{"ancestorTitles":["DELETE /eventos-cientificos/:id"],"duration":6,"failing":false,"failureDetails":[],"failureMessages":[],"fullName":"DELETE /eventos-cientificos/:id 403 — socio no-presidente no puede eliminar el evento","invocations":1,"location":null,"numPassingAsserts":1,"retryReasons":[],"startAt":1780413834057,"status":"passed","title":"403 — socio no-presidente no puede eliminar el evento"},{"ancestorTitles":["GET /incripciones/listado-incripciones-usuario"],"duration":2,"failing":false,"failureDetails":[],"failureMessages":[],"fullName":"GET /incripciones/listado-incripciones-usuario 401 — sin token","invocations":1,"location":null,"numPassingAsserts":1,"retryReasons":[],"startAt":1780413834064,"status":"passed","title":"401 — sin token"},{"ancestorTitles":["GET /incripciones/listado-incripciones-usuario"],"duration":3,"failing":false,"failureDetails":[],"failureMessages":[],"fullName":"GET /incripciones/listado-incripciones-usuario 200 — devuelve inscripciones del socio autenticado","invocations":1,"location":null,"numPassingAsserts":2,"retryReasons":[],"startAt":1780413834066,"status":"passed","title":"200 — devuelve inscripciones del socio autenticado"}],"endTime":1780413834070,"message":"","name":"/home/artraxer/TFG-Sociedad-Cientifica/backend/tests/eventos.test.js","startTime":1780413833748,"status":"passed","summary":""},{"assertionResults":[{"ancestorTitles":["GET /listado-proyectos-investigacion"],"duration":6,"failing":false,"failureDetails":[],"failureMessages":[],"fullName":"GET /listado-proyectos-investigacion 200 — devuelve lista de proyectos (ruta pública)","invocations":1,"location":null,"numPassingAsserts":3,"retryReasons":[],"startAt":1780413834379,"status":"passed","title":"200 — devuelve lista de proyectos (ruta pública)"},{"ancestorTitles":["GET /listado-proyectos-investigacion"],"duration":3,"failing":false,"failureDetails":[],"failureMessages":[],"fullName":"GET /listado-proyectos-investigacion 200 — lista vacía si no hay proyectos","invocations":1,"location":null,"numPassingAsserts":2,"retryReasons":[],"startAt":1780413834385,"status":"passed","title":"200 — lista vacía si no hay proyectos"},{"ancestorTitles":["GET /proyectos-investigacion/:id"],"duration":4,"failing":false,"failureDetails":[],"failureMessages":[],"fullName":"GET /proyectos-investigacion/:id 200 — obtiene proyecto por ID numérico con miembros","invocations":1,"location":null,"numPassingAsserts":3,"retryReasons":[],"startAt":1780413834389,"status":"passed","title":"200 — obtiene proyecto por ID numérico con miembros"},{"ancestorTitles":["GET /proyectos-investigacion/:id"],"duration":4,"failing":false,"failureDetails":[],"failureMessages":[],"fullName":"GET /proyectos-investigacion/:id 200 — obtiene proyecto por slug","invocations":1,"location":null,"numPassingAsserts":2,"retryReasons":[],"startAt":1780413834394,"status":"passed","title":"200 — obtiene proyecto por slug"},{"ancestorTitles":["GET /proyectos-investigacion/:id"],"duration":3,"failing":false,"failureDetails":[],"failureMessages":[],"fullName":"GET /proyectos-investigacion/:id 404 — proyecto no encontrado","invocations":1,"location":null,"numPassingAsserts":1,"retryReasons":[],"startAt":1780413834398,"status":"passed","title":"404 — proyecto no encontrado"},{"ancestorTitles":["POST /proyectos-investigacion/crear-proyecto-investigacion"],"duration":10,"failing":false,"failureDetails":[],"failureMessages":[],"fullName":"POST /proyectos-investigacion/crear-proyecto-investigacion 401 — sin token","invocations":1,"location":null,"numPassingAsserts":1,"retryReasons":[],"startAt":1780413834401,"status":"passed","title":"401 — sin token"},{"ancestorTitles":["POST /proyectos-investigacion/crear-proyecto-investigacion"],"duration":6,"failing":false,"failureDetails":[],"failureMessages":[],"fullName":"POST /proyectos-investigacion/crear-proyecto-investigacion 400 — faltan datos obligatorios","invocations":1,"location":null,"numPassingAsserts":1,"retryReasons":[],"startAt":1780413834411,"status":"passed","title":"400 — faltan datos obligatorios"},{"ancestorTitles":["POST /proyectos-investigacion/crear-proyecto-investigacion"],"duration":5,"failing":false,"failureDetails":[],"failureMessages":[],"fullName":"POST /proyectos-investigacion/crear-proyecto-investigacion 200 — crea proyecto con datos válidos","invocations":1,"location":null,"numPassingAsserts":2,"retryReasons":[],"startAt":1780413834417,"status":"passed","title":"200 — crea proyecto con datos válidos"},{"ancestorTitles":["DELETE /proyectos-investigacion/:id"],"duration":4,"failing":false,"failureDetails":[],"failureMessages":[],"fullName":"DELETE /proyectos-investigacion/:id 401 — sin token","invocations":1,"location":null,"numPassingAsserts":1,"retryReasons":[],"startAt":1780413834422,"status":"passed","title":"401 — sin token"},{"ancestorTitles":["DELETE /proyectos-investigacion/:id"],"duration":9,"failing":false,"failureDetails":[],"failureMessages":[],"fullName":"DELETE /proyectos-investigacion/:id 200 — admin puede eliminar un proyecto","invocations":1,"location":null,"numPassingAsserts":2,"retryReasons":[],"startAt":1780413834426,"status":"passed","title":"200 — admin puede eliminar un proyecto"},{"ancestorTitles":["DELETE /proyectos-investigacion/:id"],"duration":18,"failing":false,"failureDetails":[],"failureMessages":[],"fullName":"DELETE /proyectos-investigacion/:id 403 — socio no-presidente no puede eliminar el proyecto","invocations":1,"location":null,"numPassingAsserts":1,"retryReasons":[],"startAt":1780413834435,"status":"passed","title":"403 — socio no-presidente no puede eliminar el proyecto"},{"ancestorTitles":["POST /proyectos-investigacion/:id/miembros"],"duration":3,"failing":false,"failureDetails":[],"failureMessages":[],"fullName":"POST /proyectos-investigacion/:id/miembros 401 — sin token","invocations":1,"location":null,"numPassingAsserts":1,"retryReasons":[],"startAt":1780413834454,"status":"passed","title":"401 — sin token"},{"ancestorTitles":["POST /proyectos-investigacion/:id/miembros"],"duration":6,"failing":false,"failureDetails":[],"failureMessages":[],"fullName":"POST /proyectos-investigacion/:id/miembros 400 — faltan datos (socio o rol)","invocations":1,"location":null,"numPassingAsserts":1,"retryReasons":[],"startAt":1780413834457,"status":"passed","title":"400 — faltan datos (socio o rol)"},{"ancestorTitles":["POST /proyectos-investigacion/:id/miembros"],"duration":4,"failing":false,"failureDetails":[],"failureMessages":[],"fullName":"POST /proyectos-investigacion/:id/miembros 200 — admin añade un miembro al proyecto","invocations":1,"location":null,"numPassingAsserts":2,"retryReasons":[],"startAt":1780413834463,"status":"passed","title":"200 — admin añade un miembro al proyecto"}],"endTime":1780413834470,"message":"","name":"/home/artraxer/TFG-Sociedad-Cientifica/backend/tests/proyectos.test.js","startTime":1780413834080,"status":"passed","summary":""},{"assertionResults":[{"ancestorTitles":["Panel de Administración — Gestión de Roles"],"duration":10,"failing":false,"failureDetails":[],"failureMessages":[],"fullName":"Panel de Administración — Gestión de Roles GET /roles — 200 listado de roles (admin)","invocations":1,"location":null,"numPassingAsserts":2,"retryReasons":[],"startAt":1780413834732,"status":"passed","title":"GET /roles — 200 listado de roles (admin)"},{"ancestorTitles":["Panel de Administración — Gestión de Roles"],"duration":10,"failing":false,"failureDetails":[],"failureMessages":[],"fullName":"Panel de Administración — Gestión de Roles POST /roles — 200 crea rol (admin)","invocations":1,"location":null,"numPassingAsserts":2,"retryReasons":[],"startAt":1780413834742,"status":"passed","title":"POST /roles — 200 crea rol (admin)"},{"ancestorTitles":["Panel de Administración — Gestión de Roles"],"duration":7,"failing":false,"failureDetails":[],"failureMessages":[],"fullName":"Panel de Administración — Gestión de Roles PUT /roles/:id — 200 actualiza rol","invocations":1,"location":null,"numPassingAsserts":2,"retryReasons":[],"startAt":1780413834752,"status":"passed","title":"PUT /roles/:id — 200 actualiza rol"},{"ancestorTitles":["Panel de Administración — Gestión de Roles"],"duration":3,"failing":false,"failureDetails":[],"failureMessages":[],"fullName":"Panel de Administración — Gestión de Roles DELETE /roles/:id — 200 elimina rol","invocations":1,"location":null,"numPassingAsserts":1,"retryReasons":[],"startAt":1780413834759,"status":"passed","title":"DELETE /roles/:id — 200 elimina rol"},{"ancestorTitles":["Panel de Administración — Gestión de Tipos"],"duration":4,"failing":false,"failureDetails":[],"failureMessages":[],"fullName":"Panel de Administración — Gestión de Tipos GET /tipos — 200 listado de tipos de socios","invocations":1,"location":null,"numPassingAsserts":2,"retryReasons":[],"startAt":1780413834763,"status":"passed","title":"GET /tipos — 200 listado de tipos de socios"},{"ancestorTitles":["Panel de Administración — Gestión de Tipos"],"duration":4,"failing":false,"failureDetails":[],"failureMessages":[],"fullName":"Panel de Administración — Gestión de Tipos POST /tipos — 200 crea tipo de socio","invocations":1,"location":null,"numPassingAsserts":2,"retryReasons":[],"startAt":1780413834767,"status":"passed","title":"POST /tipos — 200 crea tipo de socio"},{"ancestorTitles":["Panel de Administración — Asignar y Eliminar Roles"],"duration":4,"failing":false,"failureDetails":[],"failureMessages":[],"fullName":"Panel de Administración — Asignar y Eliminar Roles PUT /asignar-rol — asigna rol a socio en un comité","invocations":1,"location":null,"numPassingAsserts":1,"retryReasons":[],"startAt":1780413834771,"status":"passed","title":"PUT /asignar-rol — asigna rol a socio en un comité"},{"ancestorTitles":["Panel de Administración — Asignar y Eliminar Roles"],"duration":4,"failing":false,"failureDetails":[],"failureMessages":[],"fullName":"Panel de Administración — Asignar y Eliminar Roles DELETE /eliminar-rol — elimina rol de socio en un proyecto","invocations":1,"location":null,"numPassingAsserts":1,"retryReasons":[],"startAt":1780413834775,"status":"passed","title":"DELETE /eliminar-rol — elimina rol de socio en un proyecto"},{"ancestorTitles":["Administración — Buscar Calles"],"duration":4,"failing":false,"failureDetails":[],"failureMessages":[],"fullName":"Administración — Buscar Calles GET /buscar-calles — 200 devuelve geolocalización de calles","invocations":1,"location":null,"numPassingAsserts":3,"retryReasons":[],"startAt":1780413834779,"status":"passed","title":"GET /buscar-calles — 200 devuelve geolocalización de calles"},{"ancestorTitles":["Administración — Buscar Calles"],"duration":3,"failing":false,"failureDetails":[],"failureMessages":[],"fullName":"Administración — Buscar Calles GET /buscar-calles — 400 si faltan parámetros","invocations":1,"location":null,"numPassingAsserts":1,"retryReasons":[],"startAt":1780413834783,"status":"passed","title":"GET /buscar-calles — 400 si faltan parámetros"}],"endTime":1780413834789,"message":"","name":"/home/artraxer/TFG-Sociedad-Cientifica/backend/tests/admin.test.js","startTime":1780413834478,"status":"passed","summary":""},{"assertionResults":[{"ancestorTitles":["PUT /proyectos-investigacion/:id"],"duration":9,"failing":false,"failureDetails":[],"failureMessages":[],"fullName":"PUT /proyectos-investigacion/:id 401 — sin token","invocations":1,"location":null,"numPassingAsserts":1,"retryReasons":[],"startAt":1780413835049,"status":"passed","title":"401 — sin token"},{"ancestorTitles":["PUT /proyectos-investigacion/:id"],"duration":8,"failing":false,"failureDetails":[],"failureMessages":[],"fullName":"PUT /proyectos-investigacion/:id 400 — nombre vacío","invocations":1,"location":null,"numPassingAsserts":2,"retryReasons":[],"startAt":1780413835058,"status":"passed","title":"400 — nombre vacío"},{"ancestorTitles":["PUT /proyectos-investigacion/:id"],"duration":7,"failing":false,"failureDetails":[],"failureMessages":[],"fullName":"PUT /proyectos-investigacion/:id 200 — admin actualiza proyecto","invocations":1,"location":null,"numPassingAsserts":2,"retryReasons":[],"startAt":1780413835066,"status":"passed","title":"200 — admin actualiza proyecto"},{"ancestorTitles":["PUT /proyectos-investigacion/:id"],"duration":5,"failing":false,"failureDetails":[],"failureMessages":[],"fullName":"PUT /proyectos-investigacion/:id 403 — socio no-presidente no puede editar el proyecto","invocations":1,"location":null,"numPassingAsserts":1,"retryReasons":[],"startAt":1780413835073,"status":"passed","title":"403 — socio no-presidente no puede editar el proyecto"},{"ancestorTitles":["PUT /proyectos-investigacion/:id"],"duration":17,"failing":false,"failureDetails":[],"failureMessages":[],"fullName":"PUT /proyectos-investigacion/:id 200 — presidente puede actualizar su proyecto por slug","invocations":1,"location":null,"numPassingAsserts":1,"retryReasons":[],"startAt":1780413835081,"status":"passed","title":"200 — presidente puede actualizar su proyecto por slug"},{"ancestorTitles":["DELETE /proyectos-investigacion/:id/miembros/:id_socio"],"duration":3,"failing":false,"failureDetails":[],"failureMessages":[],"fullName":"DELETE /proyectos-investigacion/:id/miembros/:id_socio 401 — sin token","invocations":1,"location":null,"numPassingAsserts":1,"retryReasons":[],"startAt":1780413835099,"status":"passed","title":"401 — sin token"},{"ancestorTitles":["DELETE /proyectos-investigacion/:id/miembros/:id_socio"],"duration":4,"failing":false,"failureDetails":[],"failureMessages":[],"fullName":"DELETE /proyectos-investigacion/:id/miembros/:id_socio 200 — admin puede expulsar a un miembro del proyecto","invocations":1,"location":null,"numPassingAsserts":2,"retryReasons":[],"startAt":1780413835102,"status":"passed","title":"200 — admin puede expulsar a un miembro del proyecto"},{"ancestorTitles":["DELETE /proyectos-investigacion/:id/miembros/:id_socio"],"duration":3,"failing":false,"failureDetails":[],"failureMessages":[],"fullName":"DELETE /proyectos-investigacion/:id/miembros/:id_socio 403 — socio no-presidente no puede expulsar a un miembro","invocations":1,"location":null,"numPassingAsserts":1,"retryReasons":[],"startAt":1780413835107,"status":"passed","title":"403 — socio no-presidente no puede expulsar a un miembro"},{"ancestorTitles":["DELETE /proyectos-investigacion/:id/miembros/:id_socio"],"duration":3,"failing":false,"failureDetails":[],"failureMessages":[],"fullName":"DELETE /proyectos-investigacion/:id/miembros/:id_socio 200 — presidente puede expulsar a un miembro de su proyecto por slug","invocations":1,"location":null,"numPassingAsserts":1,"retryReasons":[],"startAt":1780413835110,"status":"passed","title":"200 — presidente puede expulsar a un miembro de su proyecto por slug"},{"ancestorTitles":["POST /proyectos-investigacion/crear-proyecto-investigacion — validaciones"],"duration":2,"failing":false,"failureDetails":[],"failureMessages":[],"fullName":"POST /proyectos-investigacion/crear-proyecto-investigacion — validaciones 400 — fecha_inicio en el pasado","invocations":1,"location":null,"numPassingAsserts":2,"retryReasons":[],"startAt":1780413835114,"status":"passed","title":"400 — fecha_inicio en el pasado"},{"ancestorTitles":["POST /proyectos-investigacion/crear-proyecto-investigacion — validaciones"],"duration":3,"failing":false,"failureDetails":[],"failureMessages":[],"fullName":"POST /proyectos-investigacion/crear-proyecto-investigacion — validaciones 403 — fecha_fin anterior a fecha_inicio","invocations":1,"location":null,"numPassingAsserts":2,"retryReasons":[],"startAt":1780413835117,"status":"passed","title":"403 — fecha_fin anterior a fecha_inicio"}],"endTime":1780413835121,"message":"","name":"/home/artraxer/TFG-Sociedad-Cientifica/backend/tests/proyectos_extended.test.js","startTime":1780413834797,"status":"passed","summary":""},{"assertionResults":[{"ancestorTitles":["GET /perfil"],"duration":5,"failing":false,"failureDetails":[],"failureMessages":[],"fullName":"GET /perfil 401 — sin token","invocations":1,"location":null,"numPassingAsserts":1,"retryReasons":[],"startAt":1780413835357,"status":"passed","title":"401 — sin token"},{"ancestorTitles":["GET /perfil"],"duration":6,"failing":false,"failureDetails":[],"failureMessages":[],"fullName":"GET /perfil 200 — socio autenticado obtiene su perfil","invocations":1,"location":null,"numPassingAsserts":3,"retryReasons":[],"startAt":1780413835362,"status":"passed","title":"200 — socio autenticado obtiene su perfil"},{"ancestorTitles":["GET /perfil"],"duration":3,"failing":false,"failureDetails":[],"failureMessages":[],"fullName":"GET /perfil 404 — usuario inexistente en BD","invocations":1,"location":null,"numPassingAsserts":1,"retryReasons":[],"startAt":1780413835369,"status":"passed","title":"404 — usuario inexistente en BD"},{"ancestorTitles":["PATCH /perfil"],"duration":8,"failing":false,"failureDetails":[],"failureMessages":[],"fullName":"PATCH /perfil 401 — sin token","invocations":1,"location":null,"numPassingAsserts":1,"retryReasons":[],"startAt":1780413835374,"status":"passed","title":"401 — sin token"},{"ancestorTitles":["PATCH /perfil"],"duration":5,"failing":false,"failureDetails":[],"failureMessages":[],"fullName":"PATCH /perfil 400 — campos obligatorios vacíos","invocations":1,"location":null,"numPassingAsserts":2,"retryReasons":[],"startAt":1780413835382,"status":"passed","title":"400 — campos obligatorios vacíos"},{"ancestorTitles":["PATCH /perfil"],"duration":4,"failing":false,"failureDetails":[],"failureMessages":[],"fullName":"PATCH /perfil 200 — actualiza perfil con datos válidos","invocations":1,"location":null,"numPassingAsserts":2,"retryReasons":[],"startAt":1780413835387,"status":"passed","title":"200 — actualiza perfil con datos válidos"},{"ancestorTitles":["GET /socios/listado-socios"],"duration":2,"failing":false,"failureDetails":[],"failureMessages":[],"fullName":"GET /socios/listado-socios 401 — sin token","invocations":1,"location":null,"numPassingAsserts":1,"retryReasons":[],"startAt":1780413835391,"status":"passed","title":"401 — sin token"},{"ancestorTitles":["GET /socios/listado-socios"],"duration":3,"failing":false,"failureDetails":[],"failureMessages":[],"fullName":"GET /socios/listado-socios 403 — socio normal no puede listar socios","invocations":1,"location":null,"numPassingAsserts":1,"retryReasons":[],"startAt":1780413835393,"status":"passed","title":"403 — socio normal no puede listar socios"},{"ancestorTitles":["GET /socios/listado-socios"],"duration":3,"failing":false,"failureDetails":[],"failureMessages":[],"fullName":"GET /socios/listado-socios 200 — admin obtiene la lista completa de socios","invocations":1,"location":null,"numPassingAsserts":2,"retryReasons":[],"startAt":1780413835396,"status":"passed","title":"200 — admin obtiene la lista completa de socios"},{"ancestorTitles":["DELETE /perfil"],"duration":2,"failing":false,"failureDetails":[],"failureMessages":[],"fullName":"DELETE /perfil 401 — sin token","invocations":1,"location":null,"numPassingAsserts":1,"retryReasons":[],"startAt":1780413835399,"status":"passed","title":"401 — sin token"},{"ancestorTitles":["DELETE /perfil"],"duration":7,"failing":false,"failureDetails":[],"failureMessages":[],"fullName":"DELETE /perfil 200 — socio autenticado elimina su cuenta","invocations":1,"location":null,"numPassingAsserts":2,"retryReasons":[],"startAt":1780413835402,"status":"passed","title":"200 — socio autenticado elimina su cuenta"}],"endTime":1780413835411,"message":"","name":"/home/artraxer/TFG-Sociedad-Cientifica/backend/tests/socios.test.js","startTime":1780413835129,"status":"passed","summary":""},{"assertionResults":[{"ancestorTitles":["GET /listado-notificacion-usuario"],"duration":25,"failing":false,"failureDetails":[],"failureMessages":[],"fullName":"GET /listado-notificacion-usuario 200 — obtiene notificaciones del usuario logueado","invocations":1,"location":null,"numPassingAsserts":2,"retryReasons":[],"startAt":1780413835670,"status":"passed","title":"200 — obtiene notificaciones del usuario logueado"},{"ancestorTitles":["GET /listado-notificacion-usuario-sin-leer"],"duration":19,"failing":false,"failureDetails":[],"failureMessages":[],"fullName":"GET /listado-notificacion-usuario-sin-leer 200 — obtiene notificaciones sin leer","invocations":1,"location":null,"numPassingAsserts":2,"retryReasons":[],"startAt":1780413835696,"status":"passed","title":"200 — obtiene notificaciones sin leer"},{"ancestorTitles":["GET /listado-notificaciones (todas — admin)"],"duration":13,"failing":false,"failureDetails":[],"failureMessages":[],"fullName":"GET /listado-notificaciones (todas — admin) 200 — admin obtiene todas las notificaciones","invocations":1,"location":null,"numPassingAsserts":2,"retryReasons":[],"startAt":1780413835718,"status":"passed","title":"200 — admin obtiene todas las notificaciones"},{"ancestorTitles":["GET /listado-notificaciones (todas — admin)"],"duration":14,"failing":false,"failureDetails":[],"failureMessages":[],"fullName":"GET /listado-notificaciones (todas — admin) 403 — socio normal no puede ver todas las notificaciones","invocations":1,"location":null,"numPassingAsserts":1,"retryReasons":[],"startAt":1780413835731,"status":"passed","title":"403 — socio normal no puede ver todas las notificaciones"},{"ancestorTitles":["POST /notificacion-usuario (admin envía a socio)"],"duration":38,"failing":false,"failureDetails":[],"failureMessages":[],"fullName":"POST /notificacion-usuario (admin envía a socio) 200 — admin envía notificación","invocations":1,"location":null,"numPassingAsserts":1,"retryReasons":[],"startAt":1780413835746,"status":"passed","title":"200 — admin envía notificación"},{"ancestorTitles":["POST /notificacion-usuario (admin envía a socio)"],"duration":4,"failing":false,"failureDetails":[],"failureMessages":[],"fullName":"POST /notificacion-usuario (admin envía a socio) 400 — faltan parámetros","invocations":1,"location":null,"numPassingAsserts":1,"retryReasons":[],"startAt":1780413835784,"status":"passed","title":"400 — faltan parámetros"},{"ancestorTitles":["POST /notificacion-contacto"],"duration":4,"failing":false,"failureDetails":[],"failureMessages":[],"fullName":"POST /notificacion-contacto 200 — envía notificación de contacto","invocations":1,"location":null,"numPassingAsserts":1,"retryReasons":[],"startAt":1780413835788,"status":"passed","title":"200 — envía notificación de contacto"},{"ancestorTitles":["POST /notificacion-contacto"],"duration":4,"failing":false,"failureDetails":[],"failureMessages":[],"fullName":"POST /notificacion-contacto 403 — email del body no coincide con el del token","invocations":1,"location":null,"numPassingAsserts":1,"retryReasons":[],"startAt":1780413835792,"status":"passed","title":"403 — email del body no coincide con el del token"},{"ancestorTitles":["PATCH /notificaciones/:id/leida"],"duration":2,"failing":false,"failureDetails":[],"failureMessages":[],"fullName":"PATCH /notificaciones/:id/leida 200 — marca como leída","invocations":1,"location":null,"numPassingAsserts":1,"retryReasons":[],"startAt":1780413835796,"status":"passed","title":"200 — marca como leída"}],"endTime":1780413835800,"message":"","name":"/home/artraxer/TFG-Sociedad-Cientifica/backend/tests/notificaciones.test.js","startTime":1780413835427,"status":"passed","summary":""},{"assertionResults":[{"ancestorTitles":["POST /login"],"duration":28,"failing":false,"failureDetails":[],"failureMessages":[],"fullName":"POST /login 200 — credenciales correctas devuelve token y datos del socio","invocations":1,"location":null,"numPassingAsserts":3,"retryReasons":[],"startAt":1780413836029,"status":"passed","title":"200 — credenciales correctas devuelve token y datos del socio"},{"ancestorTitles":["POST /login"],"duration":3,"failing":false,"failureDetails":[],"failureMessages":[],"fullName":"POST /login 401 — contraseña incorrecta","invocations":1,"location":null,"numPassingAsserts":2,"retryReasons":[],"startAt":1780413836057,"status":"passed","title":"401 — contraseña incorrecta"},{"ancestorTitles":["POST /login"],"duration":3,"failing":false,"failureDetails":[],"failureMessages":[],"fullName":"POST /login 401 — email no registrado en BD","invocations":1,"location":null,"numPassingAsserts":1,"retryReasons":[],"startAt":1780413836061,"status":"passed","title":"401 — email no registrado en BD"},{"ancestorTitles":["POST /login"],"duration":3,"failing":false,"failureDetails":[],"failureMessages":[],"fullName":"POST /login 400 — faltan email y contraseña en el body","invocations":1,"location":null,"numPassingAsserts":1,"retryReasons":[],"startAt":1780413836064,"status":"passed","title":"400 — faltan email y contraseña en el body"},{"ancestorTitles":["POST /login"],"duration":3,"failing":false,"failureDetails":[],"failureMessages":[],"fullName":"POST /login 400 — falta solo la contraseña","invocations":1,"location":null,"numPassingAsserts":1,"retryReasons":[],"startAt":1780413836067,"status":"passed","title":"400 — falta solo la contraseña"},{"ancestorTitles":["POST /auth/forgot-password"],"duration":4,"failing":false,"failureDetails":[],"failureMessages":[],"fullName":"POST /auth/forgot-password 200 — email existente (no revela si existe o no)","invocations":1,"location":null,"numPassingAsserts":2,"retryReasons":[],"startAt":1780413836070,"status":"passed","title":"200 — email existente (no revela si existe o no)"},{"ancestorTitles":["POST /auth/forgot-password"],"duration":6,"failing":false,"failureDetails":[],"failureMessages":[],"fullName":"POST /auth/forgot-password 200 — email inexistente (respuesta idéntica por seguridad)","invocations":1,"location":null,"numPassingAsserts":2,"retryReasons":[],"startAt":1780413836074,"status":"passed","title":"200 — email inexistente (respuesta idéntica por seguridad)"},{"ancestorTitles":["POST /auth/reset-password"],"duration":4,"failing":false,"failureDetails":[],"failureMessages":[],"fullName":"POST /auth/reset-password 400 — faltan token o contraseña","invocations":1,"location":null,"numPassingAsserts":1,"retryReasons":[],"startAt":1780413836080,"status":"passed","title":"400 — faltan token o contraseña"},{"ancestorTitles":["POST /auth/reset-password"],"duration":5,"failing":false,"failureDetails":[],"failureMessages":[],"fullName":"POST /auth/reset-password 400 — token inválido (no existe en BD)","invocations":1,"location":null,"numPassingAsserts":2,"retryReasons":[],"startAt":1780413836084,"status":"passed","title":"400 — token inválido (no existe en BD)"},{"ancestorTitles":["POST /auth/reset-password"],"duration":2,"failing":false,"failureDetails":[],"failureMessages":[],"fullName":"POST /auth/reset-password 400 — contraseña menor de 8 caracteres","invocations":1,"location":null,"numPassingAsserts":2,"retryReasons":[],"startAt":1780413836089,"status":"passed","title":"400 — contraseña menor de 8 caracteres"},{"ancestorTitles":["POST /auth/reset-password"],"duration":3,"failing":false,"failureDetails":[],"failureMessages":[],"fullName":"POST /auth/reset-password 200 — token válido y contraseña correcta","invocations":1,"location":null,"numPassingAsserts":2,"retryReasons":[],"startAt":1780413836092,"status":"passed","title":"200 — token válido y contraseña correcta"}],"endTime":1780413836097,"message":"","name":"/home/artraxer/TFG-Sociedad-Cientifica/backend/tests/auth.test.js","startTime":1780413835813,"status":"passed","summary":""},{"assertionResults":[{"ancestorTitles":["GET /listado-articulos-cientificos"],"duration":6,"failing":false,"failureDetails":[],"failureMessages":[],"fullName":"GET /listado-articulos-cientificos 200 — devuelve la lista de artículos (ruta pública)","invocations":1,"location":null,"numPassingAsserts":3,"retryReasons":[],"startAt":1780413836238,"status":"passed","title":"200 — devuelve la lista de artículos (ruta pública)"},{"ancestorTitles":["GET /listado-articulos-cientificos"],"duration":3,"failing":false,"failureDetails":[],"failureMessages":[],"fullName":"GET /listado-articulos-cientificos 200 — devuelve lista vacía si no hay artículos","invocations":1,"location":null,"numPassingAsserts":2,"retryReasons":[],"startAt":1780413836244,"status":"passed","title":"200 — devuelve lista vacía si no hay artículos"},{"ancestorTitles":["GET /articulos-cientificos/:id"],"duration":3,"failing":false,"failureDetails":[],"failureMessages":[],"fullName":"GET /articulos-cientificos/:id 200 — obtiene artículo por ID numérico","invocations":1,"location":null,"numPassingAsserts":3,"retryReasons":[],"startAt":1780413836248,"status":"passed","title":"200 — obtiene artículo por ID numérico"},{"ancestorTitles":["GET /articulos-cientificos/:id"],"duration":3,"failing":false,"failureDetails":[],"failureMessages":[],"fullName":"GET /articulos-cientificos/:id 200 — obtiene artículo por slug","invocations":1,"location":null,"numPassingAsserts":2,"retryReasons":[],"startAt":1780413836251,"status":"passed","title":"200 — obtiene artículo por slug"},{"ancestorTitles":["GET /articulos-cientificos/:id"],"duration":3,"failing":false,"failureDetails":[],"failureMessages":[],"fullName":"GET /articulos-cientificos/:id 404 — artículo no encontrado","invocations":1,"location":null,"numPassingAsserts":1,"retryReasons":[],"startAt":1780413836254,"status":"passed","title":"404 — artículo no encontrado"},{"ancestorTitles":["POST /articulos-cientificos/publicar-articulo-cientifico"],"duration":13,"failing":false,"failureDetails":[],"failureMessages":[],"fullName":"POST /articulos-cientificos/publicar-articulo-cientifico 401 — sin token devuelve 401","invocations":1,"location":null,"numPassingAsserts":1,"retryReasons":[],"startAt":1780413836257,"status":"passed","title":"401 — sin token devuelve 401"},{"ancestorTitles":["POST /articulos-cientificos/publicar-articulo-cientifico"],"duration":5,"failing":false,"failureDetails":[],"failureMessages":[],"fullName":"POST /articulos-cientificos/publicar-articulo-cientifico 200 — socio autenticado crea artículo con contenido texto","invocations":1,"location":null,"numPassingAsserts":2,"retryReasons":[],"startAt":1780413836270,"status":"passed","title":"200 — socio autenticado crea artículo con contenido texto"},{"ancestorTitles":["POST /articulos-cientificos/publicar-articulo-cientifico"],"duration":3,"failing":false,"failureDetails":[],"failureMessages":[],"fullName":"POST /articulos-cientificos/publicar-articulo-cientifico 400 — faltan título y contenido","invocations":1,"location":null,"numPassingAsserts":1,"retryReasons":[],"startAt":1780413836275,"status":"passed","title":"400 — faltan título y contenido"},{"ancestorTitles":["DELETE /articulos-cientificos/:id"],"duration":2,"failing":false,"failureDetails":[],"failureMessages":[],"fullName":"DELETE /articulos-cientificos/:id 401 — sin token","invocations":1,"location":null,"numPassingAsserts":1,"retryReasons":[],"startAt":1780413836278,"status":"passed","title":"401 — sin token"},{"ancestorTitles":["DELETE /articulos-cientificos/:id"],"duration":3,"failing":false,"failureDetails":[],"failureMessages":[],"fullName":"DELETE /articulos-cientificos/:id 200 — el autor puede eliminar su propio artículo","invocations":1,"location":null,"numPassingAsserts":1,"retryReasons":[],"startAt":1780413836281,"status":"passed","title":"200 — el autor puede eliminar su propio artículo"},{"ancestorTitles":["DELETE /articulos-cientificos/:id"],"duration":3,"failing":false,"failureDetails":[],"failureMessages":[],"fullName":"DELETE /articulos-cientificos/:id 403 — otro socio no puede eliminar un artículo ajeno","invocations":1,"location":null,"numPassingAsserts":1,"retryReasons":[],"startAt":1780413836284,"status":"passed","title":"403 — otro socio no puede eliminar un artículo ajeno"},{"ancestorTitles":["DELETE /articulos-cientificos/:id"],"duration":3,"failing":false,"failureDetails":[],"failureMessages":[],"fullName":"DELETE /articulos-cientificos/:id 200 — el admin puede eliminar cualquier artículo","invocations":1,"location":null,"numPassingAsserts":1,"retryReasons":[],"startAt":1780413836287,"status":"passed","title":"200 — el admin puede eliminar cualquier artículo"},{"ancestorTitles":["POST /articulos-cientificos/:id/comentarios"],"duration":4,"failing":false,"failureDetails":[],"failureMessages":[],"fullName":"POST /articulos-cientificos/:id/comentarios 401 — sin token","invocations":1,"location":null,"numPassingAsserts":1,"retryReasons":[],"startAt":1780413836290,"status":"passed","title":"401 — sin token"},{"ancestorTitles":["POST /articulos-cientificos/:id/comentarios"],"duration":3,"failing":false,"failureDetails":[],"failureMessages":[],"fullName":"POST /articulos-cientificos/:id/comentarios 200 — socio autenticado publica un comentario","invocations":1,"location":null,"numPassingAsserts":2,"retryReasons":[],"startAt":1780413836294,"status":"passed","title":"200 — socio autenticado publica un comentario"},{"ancestorTitles":["POST /articulos-cientificos/:id/comentarios"],"duration":3,"failing":false,"failureDetails":[],"failureMessages":[],"fullName":"POST /articulos-cientificos/:id/comentarios 400 — comentario vacío","invocations":1,"location":null,"numPassingAsserts":1,"retryReasons":[],"startAt":1780413836297,"status":"passed","title":"400 — comentario vacío"}],"endTime":1780413836301,"message":"","name":"/home/artraxer/TFG-Sociedad-Cientifica/backend/tests/articulos.test.js","startTime":1780413836103,"status":"passed","summary":""},{"assertionResults":[{"ancestorTitles":["PATCH /articulos-cientificos/:id/comentarios/:id_comentario/moderar"],"duration":5,"failing":false,"failureDetails":[],"failureMessages":[],"fullName":"PATCH /articulos-cientificos/:id/comentarios/:id_comentario/moderar 401 — sin token","invocations":1,"location":null,"numPassingAsserts":1,"retryReasons":[],"startAt":1780413836424,"status":"passed","title":"401 — sin token"},{"ancestorTitles":["PATCH /articulos-cientificos/:id/comentarios/:id_comentario/moderar"],"duration":4,"failing":false,"failureDetails":[],"failureMessages":[],"fullName":"PATCH /articulos-cientificos/:id/comentarios/:id_comentario/moderar 403 — socio normal no puede moderar comentarios","invocations":1,"location":null,"numPassingAsserts":1,"retryReasons":[],"startAt":1780413836429,"status":"passed","title":"403 — socio normal no puede moderar comentarios"},{"ancestorTitles":["PATCH /articulos-cientificos/:id/comentarios/:id_comentario/moderar"],"duration":3,"failing":false,"failureDetails":[],"failureMessages":[],"fullName":"PATCH /articulos-cientificos/:id/comentarios/:id_comentario/moderar 404 — comentario no encontrado","invocations":1,"location":null,"numPassingAsserts":1,"retryReasons":[],"startAt":1780413836433,"status":"passed","title":"404 — comentario no encontrado"},{"ancestorTitles":["PATCH /articulos-cientificos/:id/comentarios/:id_comentario/moderar"],"duration":3,"failing":false,"failureDetails":[],"failureMessages":[],"fullName":"PATCH /articulos-cientificos/:id/comentarios/:id_comentario/moderar 200 — admin modera un comentario (toggle visibilidad)","invocations":1,"location":null,"numPassingAsserts":3,"retryReasons":[],"startAt":1780413836436,"status":"passed","title":"200 — admin modera un comentario (toggle visibilidad)"},{"ancestorTitles":["DELETE /articulos-cientificos/:slug — por slug"],"duration":4,"failing":false,"failureDetails":[],"failureMessages":[],"fullName":"DELETE /articulos-cientificos/:slug — por slug 404 — slug no existe en BD","invocations":1,"location":null,"numPassingAsserts":1,"retryReasons":[],"startAt":1780413836439,"status":"passed","title":"404 — slug no existe en BD"},{"ancestorTitles":["POST /articulos-cientificos/:slug/comentarios — por slug"],"duration":6,"failing":false,"failureDetails":[],"failureMessages":[],"fullName":"POST /articulos-cientificos/:slug/comentarios — por slug 404 — artículo no encontrado por slug en comentario","invocations":1,"location":null,"numPassingAsserts":1,"retryReasons":[],"startAt":1780413836443,"status":"passed","title":"404 — artículo no encontrado por slug en comentario"},{"ancestorTitles":["POST /articulos-cientificos/:slug/comentarios — por slug"],"duration":11,"failing":false,"failureDetails":[],"failureMessages":[],"fullName":"POST /articulos-cientificos/:slug/comentarios — por slug 200 — añade comentario por slug válido","invocations":1,"location":null,"numPassingAsserts":1,"retryReasons":[],"startAt":1780413836449,"status":"passed","title":"200 — añade comentario por slug válido"},{"ancestorTitles":["Panel Admin — DELETE tipos y UPDATE tipos"],"duration":5,"failing":false,"failureDetails":[],"failureMessages":[],"fullName":"Panel Admin — DELETE tipos y UPDATE tipos PUT /tipos/:id — 200 actualiza tipo","invocations":1,"location":null,"numPassingAsserts":2,"retryReasons":[],"startAt":1780413836460,"status":"passed","title":"PUT /tipos/:id — 200 actualiza tipo"},{"ancestorTitles":["Panel Admin — DELETE tipos y UPDATE tipos"],"duration":3,"failing":false,"failureDetails":[],"failureMessages":[],"fullName":"Panel Admin — DELETE tipos y UPDATE tipos DELETE /tipos/:id — 200 elimina tipo","invocations":1,"location":null,"numPassingAsserts":1,"retryReasons":[],"startAt":1780413836465,"status":"passed","title":"DELETE /tipos/:id — 200 elimina tipo"},{"ancestorTitles":["Panel Admin — DELETE tipos y UPDATE tipos"],"duration":3,"failing":false,"failureDetails":[],"failureMessages":[],"fullName":"Panel Admin — DELETE tipos y UPDATE tipos PUT /asignar-rol — asigna rol a nivel de socio","invocations":1,"location":null,"numPassingAsserts":1,"retryReasons":[],"startAt":1780413836468,"status":"passed","title":"PUT /asignar-rol — asigna rol a nivel de socio"},{"ancestorTitles":["Panel Admin — DELETE tipos y UPDATE tipos"],"duration":4,"failing":false,"failureDetails":[],"failureMessages":[],"fullName":"Panel Admin — DELETE tipos y UPDATE tipos PUT /asignar-rol — asigna rol en proyecto","invocations":1,"location":null,"numPassingAsserts":1,"retryReasons":[],"startAt":1780413836471,"status":"passed","title":"PUT /asignar-rol — asigna rol en proyecto"},{"ancestorTitles":["Panel Admin — DELETE tipos y UPDATE tipos"],"duration":2,"failing":false,"failureDetails":[],"failureMessages":[],"fullName":"Panel Admin — DELETE tipos y UPDATE tipos DELETE /eliminar-rol — elimina rol a nivel de socio","invocations":1,"location":null,"numPassingAsserts":1,"retryReasons":[],"startAt":1780413836475,"status":"passed","title":"DELETE /eliminar-rol — elimina rol a nivel de socio"},{"ancestorTitles":["Panel Admin — DELETE tipos y UPDATE tipos"],"duration":3,"failing":false,"failureDetails":[],"failureMessages":[],"fullName":"Panel Admin — DELETE tipos y UPDATE tipos DELETE /eliminar-rol — elimina rol de comité","invocations":1,"location":null,"numPassingAsserts":1,"retryReasons":[],"startAt":1780413836477,"status":"passed","title":"DELETE /eliminar-rol — elimina rol de comité"},{"ancestorTitles":["POST /register — registro de nuevos socios"],"duration":2,"failing":false,"failureDetails":[],"failureMessages":[],"fullName":"POST /register — registro de nuevos socios 400 — falta password","invocations":1,"location":null,"numPassingAsserts":1,"retryReasons":[],"startAt":1780413836481,"status":"passed","title":"400 — falta password"},{"ancestorTitles":["POST /register — registro de nuevos socios"],"duration":2,"failing":false,"failureDetails":[],"failureMessages":[],"fullName":"POST /register — registro de nuevos socios 400 — contraseña menor de 8 caracteres","invocations":1,"location":null,"numPassingAsserts":1,"retryReasons":[],"startAt":1780413836483,"status":"passed","title":"400 — contraseña menor de 8 caracteres"}],"endTime":1780413836486,"message":"","name":"/home/artraxer/TFG-Sociedad-Cientifica/backend/tests/articulos_extended.test.js","startTime":1780413836307,"status":"passed","summary":""},{"assertionResults":[{"ancestorTitles":["verificarToken"],"duration":3,"failing":false,"failureDetails":[],"failureMessages":[],"fullName":"verificarToken devuelve 401 si no se envía Authorization header","invocations":1,"location":null,"numPassingAsserts":3,"retryReasons":[],"startAt":1780413836530,"status":"passed","title":"devuelve 401 si no se envía Authorization header"},{"ancestorTitles":["verificarToken"],"duration":2,"failing":false,"failureDetails":[],"failureMessages":[],"fullName":"verificarToken devuelve 403 si el token es inválido o está manipulado","invocations":1,"location":null,"numPassingAsserts":3,"retryReasons":[],"startAt":1780413836533,"status":"passed","title":"devuelve 403 si el token es inválido o está manipulado"},{"ancestorTitles":["verificarToken"],"duration":2,"failing":false,"failureDetails":[],"failureMessages":[],"fullName":"verificarToken llama a next() y adjunta req.usuario con un token válido de admin","invocations":1,"location":null,"numPassingAsserts":4,"retryReasons":[],"startAt":1780413836535,"status":"passed","title":"llama a next() y adjunta req.usuario con un token válido de admin"},{"ancestorTitles":["verificarToken"],"duration":0,"failing":false,"failureDetails":[],"failureMessages":[],"fullName":"verificarToken llama a next() y adjunta req.usuario con un token válido de socio","invocations":1,"location":null,"numPassingAsserts":2,"retryReasons":[],"startAt":1780413836537,"status":"passed","title":"llama a next() y adjunta req.usuario con un token válido de socio"},{"ancestorTitles":["verificarSuscripcionActiva"],"duration":0,"failing":false,"failureDetails":[],"failureMessages":[],"fullName":"verificarSuscripcionActiva devuelve 401 si no hay token","invocations":1,"location":null,"numPassingAsserts":2,"retryReasons":[],"startAt":1780413836538,"status":"passed","title":"devuelve 401 si no hay token"},{"ancestorTitles":["verificarSuscripcionActiva"],"duration":1,"failing":false,"failureDetails":[],"failureMessages":[],"fullName":"verificarSuscripcionActiva devuelve 403 con requiereRenovacion si la suscripción está caducada","invocations":1,"location":null,"numPassingAsserts":3,"retryReasons":[],"startAt":1780413836539,"status":"passed","title":"devuelve 403 con requiereRenovacion si la suscripción está caducada"},{"ancestorTitles":["verificarSuscripcionActiva"],"duration":1,"failing":false,"failureDetails":[],"failureMessages":[],"fullName":"verificarSuscripcionActiva llama a next() si la suscripción está activa","invocations":1,"location":null,"numPassingAsserts":1,"retryReasons":[],"startAt":1780413836540,"status":"passed","title":"llama a next() si la suscripción está activa"},{"ancestorTitles":["verificarSuscripcionActiva"],"duration":1,"failing":false,"failureDetails":[],"failureMessages":[],"fullName":"verificarSuscripcionActiva devuelve 404 si el socio no existe en BD","invocations":1,"location":null,"numPassingAsserts":1,"retryReasons":[],"startAt":1780413836541,"status":"passed","title":"devuelve 404 si el socio no existe en BD"}],"endTime":1780413836543,"message":"","name":"/home/artraxer/TFG-Sociedad-Cientifica/backend/tests/middleware.test.js","startTime":1780413836492,"status":"passed","summary":""},{"assertionResults":[{"ancestorTitles":["slugify()"],"duration":2,"failing":false,"failureDetails":[],"failureMessages":[],"fullName":"slugify() convierte texto simple a slug en minúsculas","invocations":1,"location":null,"numPassingAsserts":1,"retryReasons":[],"startAt":1780413836584,"status":"passed","title":"convierte texto simple a slug en minúsculas"},{"ancestorTitles":["slugify()"],"duration":0,"failing":false,"failureDetails":[],"failureMessages":[],"fullName":"slugify() elimina tildes y diacríticos","invocations":1,"location":null,"numPassingAsserts":1,"retryReasons":[],"startAt":1780413836586,"status":"passed","title":"elimina tildes y diacríticos"},{"ancestorTitles":["slugify()"],"duration":0,"failing":false,"failureDetails":[],"failureMessages":[],"fullName":"slugify() elimina la ñ correctamente","invocations":1,"location":null,"numPassingAsserts":1,"retryReasons":[],"startAt":1780413836587,"status":"passed","title":"elimina la ñ correctamente"},{"ancestorTitles":["slugify()"],"duration":1,"failing":false,"failureDetails":[],"failureMessages":[],"fullName":"slugify() reemplaza espacios múltiples por un solo guion","invocations":1,"location":null,"numPassingAsserts":1,"retryReasons":[],"startAt":1780413836587,"status":"passed","title":"reemplaza espacios múltiples por un solo guion"},{"ancestorTitles":["slugify()"],"duration":0,"failing":false,"failureDetails":[],"failureMessages":[],"fullName":"slugify() elimina caracteres especiales","invocations":1,"location":null,"numPassingAsserts":1,"retryReasons":[],"startAt":1780413836589,"status":"passed","title":"elimina caracteres especiales"},{"ancestorTitles":["slugify()"],"duration":1,"failing":false,"failureDetails":[],"failureMessages":[],"fullName":"slugify() elimina guiones dobles","invocations":1,"location":null,"numPassingAsserts":1,"retryReasons":[],"startAt":1780413836589,"status":"passed","title":"elimina guiones dobles"},{"ancestorTitles":["slugify()"],"duration":1,"failing":false,"failureDetails":[],"failureMessages":[],"fullName":"slugify() elimina espacios al inicio y al final","invocations":1,"location":null,"numPassingAsserts":1,"retryReasons":[],"startAt":1780413836590,"status":"passed","title":"elimina espacios al inicio y al final"},{"ancestorTitles":["slugify()"],"duration":1,"failing":false,"failureDetails":[],"failureMessages":[],"fullName":"slugify() texto ya en minúsculas permanece igual","invocations":1,"location":null,"numPassingAsserts":1,"retryReasons":[],"startAt":1780413836591,"status":"passed","title":"texto ya en minúsculas permanece igual"}],"endTime":1780413836593,"message":"","name":"/home/artraxer/TFG-Sociedad-Cientifica/backend/tests/utils/slugify.test.js","startTime":1780413836553,"status":"passed","summary":""}],"wasInterrupted":false}
