{"numTotalTestSuites":20,"numPassedTestSuites":20,"numFailedTestSuites":0,"numPendingTestSuites":0,"numTotalTests":41,"numPassedTests":41,"numFailedTests":0,"numPendingTests":0,"numTodoTests":0,"snapshot":{"added":0,"failure":false,"filesAdded":0,"filesRemoved":0,"filesRemovedList":[],"filesUnmatched":0,"filesUpdated":0,"matched":0,"total":0,"unchecked":0,"uncheckedKeysByFile":[],"unmatched":0,"updated":0,"didUpdate":false},"startTime":1780413844905,"success":true,"testResults":[{"assertionResults":[{"ancestorTitles":["Prueba de Integración: Listado de Artículos Científicos"],"fullName":"Prueba de Integración: Listado de Artículos Científicos Muestra cargando y luego renderiza tarjetas de artículos correctamente","status":"passed","title":"Muestra cargando y luego renderiza tarjetas de artículos correctamente","duration":138.58927200000016,"failureMessages":[],"meta":{},"tags":[]},{"ancestorTitles":["Prueba de Integración: Listado de Artículos Científicos"],"fullName":"Prueba de Integración: Listado de Artículos Científicos Muestra mensaje vacío si no hay artículos","status":"passed","title":"Muestra mensaje vacío si no hay artículos","duration":19.374493999999686,"failureMessages":[],"meta":{},"tags":[]},{"ancestorTitles":["Prueba de Integración: Listado de Artículos Científicos"],"fullName":"Prueba de Integración: Listado de Artículos Científicos Siempre muestra el botón \"Publicar artículo\" independientemente del rol","status":"passed","title":"Siempre muestra el botón \"Publicar artículo\" independientemente del rol","duration":11.49377800000002,"failureMessages":[],"meta":{},"tags":[]},{"ancestorTitles":["Prueba de Integración: Listado de Artículos Científicos"],"fullName":"Prueba de Integración: Listado de Artículos Científicos Paginación: muestra página 1 correctamente con más de 6 artículos y navega a página 2","status":"passed","title":"Paginación: muestra página 1 correctamente con más de 6 artículos y navega a página 2","duration":276.6955680000001,"failureMessages":[],"meta":{},"tags":[]}],"startTime":1780413863639,"endTime":1780413864085.6956,"status":"passed","message":"","name":"/home/artraxer/TFG-Sociedad-Cientifica/frontend/Sociedad Científica de Desarrollo Informático (SCDI)/tests/articulos.test.jsx"},{"assertionResults":[{"ancestorTitles":["Prueba de Integración: Formulario de Contacto"],"fullName":"Prueba de Integración: Formulario de Contacto Renderiza el formulario con todos los campos requeridos","status":"passed","title":"Renderiza el formulario con todos los campos requeridos","duration":325.2596230000004,"failureMessages":[],"meta":{},"tags":[]},{"ancestorTitles":["Prueba de Integración: Formulario de Contacto"],"fullName":"Prueba de Integración: Formulario de Contacto Muestra alerta si se intenta enviar sin estar autenticado","status":"passed","title":"Muestra alerta si se intenta enviar sin estar autenticado","duration":61.86379600000009,"failureMessages":[],"meta":{},"tags":[]},{"ancestorTitles":["Prueba de Integración: Formulario de Contacto"],"fullName":"Prueba de Integración: Formulario de Contacto Envío exitoso con usuario autenticado muestra mensaje de confirmación","status":"passed","title":"Envío exitoso con usuario autenticado muestra mensaje de confirmación","duration":87.44343299999991,"failureMessages":[],"meta":{},"tags":[]},{"ancestorTitles":["Prueba de Integración: Formulario de Contacto"],"fullName":"Prueba de Integración: Formulario de Contacto Error de servidor muestra alerta al usuario","status":"passed","title":"Error de servidor muestra alerta al usuario","duration":83.73095199999989,"failureMessages":[],"meta":{},"tags":[]}],"startTime":1780413851925,"endTime":1780413852483.731,"status":"passed","message":"","name":"/home/artraxer/TFG-Sociedad-Cientifica/frontend/Sociedad Científica de Desarrollo Informático (SCDI)/tests/contacto.test.jsx"},{"assertionResults":[{"ancestorTitles":["Prueba de Integración: Listado de Eventos Científicos"],"fullName":"Prueba de Integración: Listado de Eventos Científicos Muestra el estado de carga al principio y luego renderiza los eventos en tarjetas","status":"passed","title":"Muestra el estado de carga al principio y luego renderiza los eventos en tarjetas","duration":104.26777599999969,"failureMessages":[],"meta":{},"tags":[]},{"ancestorTitles":["Prueba de Integración: Listado de Eventos Científicos"],"fullName":"Prueba de Integración: Listado de Eventos Científicos Control de acceso al botón \"Crear Evento\" según tipo de socio y rol","status":"passed","title":"Control de acceso al botón \"Crear Evento\" según tipo de socio y rol","duration":31.342403000000104,"failureMessages":[],"meta":{},"tags":[]},{"ancestorTitles":["Prueba de Integración: Listado de Eventos Científicos"],"fullName":"Prueba de Integración: Listado de Eventos Científicos Cambio de modo de vista entre Lista y Calendario","status":"passed","title":"Cambio de modo de vista entre Lista y Calendario","duration":35.24433199999976,"failureMessages":[],"meta":{},"tags":[]},{"ancestorTitles":["Prueba de Integración: Listado de Eventos Científicos"],"fullName":"Prueba de Integración: Listado de Eventos Científicos Gestión de paginación con más de 6 eventos","status":"passed","title":"Gestión de paginación con más de 6 eventos","duration":288.0433640000001,"failureMessages":[],"meta":{},"tags":[]}],"startTime":1780413854994,"endTime":1780413855453.0435,"status":"passed","message":"","name":"/home/artraxer/TFG-Sociedad-Cientifica/frontend/Sociedad Científica de Desarrollo Informático (SCDI)/tests/eventos.test.jsx"},{"assertionResults":[{"ancestorTitles":["Prueba de Integración: Login"],"fullName":"Prueba de Integración: Login Renderiza el formulario con campos e inputs requeridos","status":"passed","title":"Renderiza el formulario con campos e inputs requeridos","duration":308.801062,"failureMessages":[],"meta":{},"tags":[]},{"ancestorTitles":["Prueba de Integración: Login"],"fullName":"Prueba de Integración: Login Inicio de sesión exitoso y redirección","status":"passed","title":"Inicio de sesión exitoso y redirección","duration":75.5498950000001,"failureMessages":[],"meta":{},"tags":[]},{"ancestorTitles":["Prueba de Integración: Login"],"fullName":"Prueba de Integración: Login Muestra un mensaje de error si las credenciales son inválidas","status":"passed","title":"Muestra un mensaje de error si las credenciales son inválidas","duration":45.878177999999934,"failureMessages":[],"meta":{},"tags":[]}],"startTime":1780413866338,"endTime":1780413866768.8782,"status":"passed","message":"","name":"/home/artraxer/TFG-Sociedad-Cientifica/frontend/Sociedad Científica de Desarrollo Informático (SCDI)/tests/login.test.jsx"},{"assertionResults":[{"ancestorTitles":["Prueba de Integración: Navegación Dinámica según Roles"],"fullName":"Prueba de Integración: Navegación Dinámica según Roles Renderiza elementos y enlaces públicos por defecto","status":"passed","title":"Renderiza elementos y enlaces públicos por defecto","duration":129.15899799999988,"failureMessages":[],"meta":{},"tags":[]},{"ancestorTitles":["Prueba de Integración: Navegación Dinámica según Roles"],"fullName":"Prueba de Integración: Navegación Dinámica según Roles Renderiza opciones de Socio pero no el panel de administración","status":"passed","title":"Renderiza opciones de Socio pero no el panel de administración","duration":31.248469000000114,"failureMessages":[],"meta":{},"tags":[]},{"ancestorTitles":["Prueba de Integración: Navegación Dinámica según Roles"],"fullName":"Prueba de Integración: Navegación Dinámica según Roles Renderiza opciones de Administrador incluyendo el panel de control","status":"passed","title":"Renderiza opciones de Administrador incluyendo el panel de control","duration":33.84605399999964,"failureMessages":[],"meta":{},"tags":[]}],"startTime":1780413861106,"endTime":1780413861300.846,"status":"passed","message":"","name":"/home/artraxer/TFG-Sociedad-Cientifica/frontend/Sociedad Científica de Desarrollo Informático (SCDI)/tests/navigation.test.jsx"},{"assertionResults":[{"ancestorTitles":["Prueba de Integración: Página de Notificaciones"],"fullName":"Prueba de Integración: Página de Notificaciones Muestra mensaje de inicio de sesión requerido si no está autenticado","status":"passed","title":"Muestra mensaje de inicio de sesión requerido si no está autenticado","duration":71.87259899999981,"failureMessages":[],"meta":{},"tags":[]},{"ancestorTitles":["Prueba de Integración: Página de Notificaciones"],"fullName":"Prueba de Integración: Página de Notificaciones Muestra \"cargando\" mientras se obtienen las notificaciones","status":"passed","title":"Muestra \"cargando\" mientras se obtienen las notificaciones","duration":7.830156999999872,"failureMessages":[],"meta":{},"tags":[]},{"ancestorTitles":["Prueba de Integración: Página de Notificaciones"],"fullName":"Prueba de Integración: Página de Notificaciones Renderiza lista de notificaciones con sus títulos correctamente","status":"passed","title":"Renderiza lista de notificaciones con sus títulos correctamente","duration":119.39220099999966,"failureMessages":[],"meta":{},"tags":[]},{"ancestorTitles":["Prueba de Integración: Página de Notificaciones"],"fullName":"Prueba de Integración: Página de Notificaciones Muestra mensaje \"sin notificaciones\" cuando la lista está vacía","status":"passed","title":"Muestra mensaje \"sin notificaciones\" cuando la lista está vacía","duration":9.995562999999947,"failureMessages":[],"meta":{},"tags":[]},{"ancestorTitles":["Prueba de Integración: Página de Notificaciones"],"fullName":"Prueba de Integración: Página de Notificaciones Al hacer clic en una notificación no leída abre el modal con su contenido","status":"passed","title":"Al hacer clic en una notificación no leída abre el modal con su contenido","duration":58.51165399999991,"failureMessages":[],"meta":{},"tags":[]},{"ancestorTitles":["Prueba de Integración: Página de Notificaciones"],"fullName":"Prueba de Integración: Página de Notificaciones Al hacer clic en \"Cerrar\" del modal, el modal desaparece","status":"passed","title":"Al hacer clic en \"Cerrar\" del modal, el modal desaparece","duration":32.635569999999916,"failureMessages":[],"meta":{},"tags":[]}],"startTime":1780413869201,"endTime":1780413869502.6355,"status":"passed","message":"","name":"/home/artraxer/TFG-Sociedad-Cientifica/frontend/Sociedad Científica de Desarrollo Informático (SCDI)/tests/notificaciones.test.jsx"},{"assertionResults":[{"ancestorTitles":["Prueba de Integración: Panel de Administración"],"fullName":"Prueba de Integración: Panel de Administración Muestra el panel de Socios por defecto al cargar","status":"passed","title":"Muestra el panel de Socios por defecto al cargar","duration":311.55165799999986,"failureMessages":[],"meta":{},"tags":[]},{"ancestorTitles":["Prueba de Integración: Panel de Administración"],"fullName":"Prueba de Integración: Panel de Administración Navegar a la pestaña \"Artículos\" muestra el panel correcto","status":"passed","title":"Navegar a la pestaña \"Artículos\" muestra el panel correcto","duration":128.83419300000014,"failureMessages":[],"meta":{},"tags":[]},{"ancestorTitles":["Prueba de Integración: Panel de Administración"],"fullName":"Prueba de Integración: Panel de Administración Navegar a la pestaña \"Eventos\" muestra el panel correcto","status":"passed","title":"Navegar a la pestaña \"Eventos\" muestra el panel correcto","duration":64.75895600000013,"failureMessages":[],"meta":{},"tags":[]},{"ancestorTitles":["Prueba de Integración: Panel de Administración"],"fullName":"Prueba de Integración: Panel de Administración Navegar a la pestaña \"Proyectos\" muestra el panel correcto","status":"passed","title":"Navegar a la pestaña \"Proyectos\" muestra el panel correcto","duration":69.07711299999983,"failureMessages":[],"meta":{},"tags":[]},{"ancestorTitles":["Prueba de Integración: Panel de Administración"],"fullName":"Prueba de Integración: Panel de Administración Navegar a la pestaña \"Roles\" muestra el panel correcto","status":"passed","title":"Navegar a la pestaña \"Roles\" muestra el panel correcto","duration":60.61019000000033,"failureMessages":[],"meta":{},"tags":[]},{"ancestorTitles":["Prueba de Integración: Panel de Administración"],"fullName":"Prueba de Integración: Panel de Administración Navegar a \"Tipos de socio\" muestra el panel correcto","status":"passed","title":"Navegar a \"Tipos de socio\" muestra el panel correcto","duration":101.66586699999971,"failureMessages":[],"meta":{},"tags":[]},{"ancestorTitles":["Prueba de Integración: Panel de Administración"],"fullName":"Prueba de Integración: Panel de Administración Contiene todas las pestañas de navegación en la barra lateral","status":"passed","title":"Contiene todas las pestañas de navegación en la barra lateral","duration":40.0563259999999,"failureMessages":[],"meta":{},"tags":[]}],"startTime":1780413847909,"endTime":1780413848686.0564,"status":"passed","message":"","name":"/home/artraxer/TFG-Sociedad-Cientifica/frontend/Sociedad Científica de Desarrollo Informático (SCDI)/tests/panel_admin.test.jsx"},{"assertionResults":[{"ancestorTitles":["Prueba de Integración: PrivateRoute"],"fullName":"Prueba de Integración: PrivateRoute Redirecciona a la página de login si no hay token en localStorage","status":"passed","title":"Redirecciona a la página de login si no hay token en localStorage","duration":97.13250999999991,"failureMessages":[],"meta":{},"tags":[]},{"ancestorTitles":["Prueba de Integración: PrivateRoute"],"fullName":"Prueba de Integración: PrivateRoute Renderiza el componente hijo si hay un token en localStorage","status":"passed","title":"Renderiza el componente hijo si hay un token en localStorage","duration":8.722719000000325,"failureMessages":[],"meta":{},"tags":[]}],"startTime":1780413874248,"endTime":1780413874353.7227,"status":"passed","message":"","name":"/home/artraxer/TFG-Sociedad-Cientifica/frontend/Sociedad Científica de Desarrollo Informático (SCDI)/tests/private_route.test.jsx"},{"assertionResults":[{"ancestorTitles":["Prueba de Integración: Listado de Proyectos de Investigación"],"fullName":"Prueba de Integración: Listado de Proyectos de Investigación Muestra cargando y luego renderiza proyectos correctamente","status":"passed","title":"Muestra cargando y luego renderiza proyectos correctamente","duration":176.57433100000026,"failureMessages":[],"meta":{},"tags":[]},{"ancestorTitles":["Prueba de Integración: Listado de Proyectos de Investigación"],"fullName":"Prueba de Integración: Listado de Proyectos de Investigación Botón \"Nuevo proyecto\" solo visible para usuarios con acceso (userTipoSocio > 2 o admin)","status":"passed","title":"Botón \"Nuevo proyecto\" solo visible para usuarios con acceso (userTipoSocio > 2 o admin)","duration":28.915878999999677,"failureMessages":[],"meta":{},"tags":[]},{"ancestorTitles":["Prueba de Integración: Listado de Proyectos de Investigación"],"fullName":"Prueba de Integración: Listado de Proyectos de Investigación Filtro por estado: al seleccionar \"En curso\" solo muestra proyectos con ese estado","status":"passed","title":"Filtro por estado: al seleccionar \"En curso\" solo muestra proyectos con ese estado","duration":48.67656399999987,"failureMessages":[],"meta":{},"tags":[]},{"ancestorTitles":["Prueba de Integración: Listado de Proyectos de Investigación"],"fullName":"Prueba de Integración: Listado de Proyectos de Investigación Filtro sin resultados muestra mensaje \"proyectos.no_proyectos\"","status":"passed","title":"Filtro sin resultados muestra mensaje \"proyectos.no_proyectos\"","duration":24.809768000000076,"failureMessages":[],"meta":{},"tags":[]}],"startTime":1780413871725,"endTime":1780413872004.8098,"status":"passed","message":"","name":"/home/artraxer/TFG-Sociedad-Cientifica/frontend/Sociedad Científica de Desarrollo Informático (SCDI)/tests/proyectos.test.jsx"},{"assertionResults":[{"ancestorTitles":["Prueba de Integración: Registro de Socios"],"fullName":"Prueba de Integración: Registro de Socios Redirecciona a /seleccionar-plan si no hay ningún plan en localStorage","status":"passed","title":"Redirecciona a /seleccionar-plan si no hay ningún plan en localStorage","duration":115.90875599999981,"failureMessages":[],"meta":{},"tags":[]},{"ancestorTitles":["Prueba de Integración: Registro de Socios"],"fullName":"Prueba de Integración: Registro de Socios Muestra el plan seleccionado y los campos del formulario si existe plan en localStorage","status":"passed","title":"Muestra el plan seleccionado y los campos del formulario si existe plan en localStorage","duration":59.73050699999976,"failureMessages":[],"meta":{},"tags":[]},{"ancestorTitles":["Prueba de Integración: Registro de Socios"],"fullName":"Prueba de Integración: Registro de Socios Envío del formulario exitoso abre pasarela y redirige al éxito tras pagar","status":"passed","title":"Envío del formulario exitoso abre pasarela y redirige al éxito tras pagar","duration":327.9693589999997,"failureMessages":[],"meta":{},"tags":[]},{"ancestorTitles":["Prueba de Integración: Registro de Socios"],"fullName":"Prueba de Integración: Registro de Socios Envío del formulario con error del servidor muestra mensaje de error","status":"passed","title":"Envío del formulario con error del servidor muestra mensaje de error","duration":58.10862899999984,"failureMessages":[],"meta":{},"tags":[]}],"startTime":1780413857853,"endTime":1780413858415.1086,"status":"passed","message":"","name":"/home/artraxer/TFG-Sociedad-Cientifica/frontend/Sociedad Científica de Desarrollo Informático (SCDI)/tests/register.test.jsx"}]}