{"/home/artraxer/TFG-Sociedad-Cientifica/frontend/Sociedad Científica de Desarrollo Informático (SCDI)/src/components/Administrador/AdminComites.jsx": {"path":"/home/artraxer/TFG-Sociedad-Cientifica/frontend/Sociedad Científica de Desarrollo Informático (SCDI)/src/components/Administrador/AdminComites.jsx","statementMap":{"0":{"start":{"line":5,"column":21},"end":{"line":457,"column":null}},"1":{"start":{"line":6,"column":31},"end":{"line":6,"column":null}},"2":{"start":{"line":7,"column":29},"end":{"line":7,"column":null}},"3":{"start":{"line":8,"column":31},"end":{"line":8,"column":null}},"4":{"start":{"line":9,"column":45},"end":{"line":9,"column":null}},"5":{"start":{"line":10,"column":45},"end":{"line":10,"column":null}},"6":{"start":{"line":11,"column":49},"end":{"line":11,"column":null}},"7":{"start":{"line":13,"column":37},"end":{"line":17,"column":null}},"8":{"start":{"line":19,"column":37},"end":{"line":22,"column":null}},"9":{"start":{"line":24,"column":27},"end":{"line":24,"column":null}},"10":{"start":{"line":25,"column":31},"end":{"line":25,"column":null}},"11":{"start":{"line":27,"column":24},"end":{"line":33,"column":null}},"12":{"start":{"line":35,"column":4},"end":{"line":37,"column":null}},"13":{"start":{"line":36,"column":8},"end":{"line":36,"column":null}},"14":{"start":{"line":39,"column":23},"end":{"line":66,"column":null}},"15":{"start":{"line":40,"column":8},"end":{"line":40,"column":null}},"16":{"start":{"line":41,"column":8},"end":{"line":41,"column":null}},"17":{"start":{"line":42,"column":8},"end":{"line":65,"column":null}},"18":{"start":{"line":43,"column":26},"end":{"line":43,"column":null}},"19":{"start":{"line":46,"column":31},"end":{"line":48,"column":null}},"20":{"start":{"line":49,"column":12},"end":{"line":49,"column":null}},"21":{"start":{"line":49,"column":32},"end":{"line":49,"column":null}},"22":{"start":{"line":50,"column":32},"end":{"line":50,"column":null}},"23":{"start":{"line":51,"column":12},"end":{"line":51,"column":null}},"24":{"start":{"line":54,"column":30},"end":{"line":56,"column":null}},"25":{"start":{"line":57,"column":12},"end":{"line":57,"column":null}},"26":{"start":{"line":57,"column":31},"end":{"line":57,"column":null}},"27":{"start":{"line":58,"column":31},"end":{"line":58,"column":null}},"28":{"start":{"line":59,"column":12},"end":{"line":59,"column":null}},"29":{"start":{"line":61,"column":12},"end":{"line":61,"column":null}},"30":{"start":{"line":62,"column":12},"end":{"line":62,"column":null}},"31":{"start":{"line":64,"column":12},"end":{"line":64,"column":null}},"32":{"start":{"line":69,"column":31},"end":{"line":108,"column":null}},"33":{"start":{"line":70,"column":8},"end":{"line":70,"column":null}},"34":{"start":{"line":71,"column":8},"end":{"line":71,"column":null}},"35":{"start":{"line":72,"column":8},"end":{"line":72,"column":null}},"36":{"start":{"line":74,"column":8},"end":{"line":77,"column":null}},"37":{"start":{"line":75,"column":12},"end":{"line":75,"column":null}},"38":{"start":{"line":76,"column":12},"end":{"line":76,"column":null}},"39":{"start":{"line":79,"column":8},"end":{"line":107,"column":null}},"40":{"start":{"line":80,"column":26},"end":{"line":80,"column":null}},"41":{"start":{"line":81,"column":24},"end":{"line":92,"column":null}},"42":{"start":{"line":94,"column":25},"end":{"line":94,"column":null}},"43":{"start":{"line":95,"column":12},"end":{"line":98,"column":null}},"44":{"start":{"line":96,"column":16},"end":{"line":96,"column":null}},"45":{"start":{"line":97,"column":16},"end":{"line":97,"column":null}},"46":{"start":{"line":100,"column":12},"end":{"line":100,"column":null}},"47":{"start":{"line":101,"column":12},"end":{"line":101,"column":null}},"48":{"start":{"line":102,"column":12},"end":{"line":102,"column":null}},"49":{"start":{"line":103,"column":12},"end":{"line":103,"column":null}},"50":{"start":{"line":105,"column":12},"end":{"line":105,"column":null}},"51":{"start":{"line":106,"column":12},"end":{"line":106,"column":null}},"52":{"start":{"line":111,"column":31},"end":{"line":135,"column":null}},"53":{"start":{"line":112,"column":8},"end":{"line":112,"column":null}},"54":{"start":{"line":112,"column":97},"end":{"line":112,"column":null}},"55":{"start":{"line":114,"column":8},"end":{"line":114,"column":null}},"56":{"start":{"line":115,"column":8},"end":{"line":115,"column":null}},"57":{"start":{"line":116,"column":8},"end":{"line":134,"column":null}},"58":{"start":{"line":117,"column":26},"end":{"line":117,"column":null}},"59":{"start":{"line":118,"column":24},"end":{"line":121,"column":null}},"60":{"start":{"line":123,"column":25},"end":{"line":123,"column":null}},"61":{"start":{"line":124,"column":12},"end":{"line":127,"column":null}},"62":{"start":{"line":125,"column":16},"end":{"line":125,"column":null}},"63":{"start":{"line":126,"column":16},"end":{"line":126,"column":null}},"64":{"start":{"line":129,"column":12},"end":{"line":129,"column":null}},"65":{"start":{"line":130,"column":12},"end":{"line":130,"column":null}},"66":{"start":{"line":132,"column":12},"end":{"line":132,"column":null}},"67":{"start":{"line":133,"column":12},"end":{"line":133,"column":null}},"68":{"start":{"line":138,"column":28},"end":{"line":177,"column":null}},"69":{"start":{"line":139,"column":8},"end":{"line":139,"column":null}},"70":{"start":{"line":140,"column":8},"end":{"line":140,"column":null}},"71":{"start":{"line":141,"column":8},"end":{"line":141,"column":null}},"72":{"start":{"line":143,"column":8},"end":{"line":146,"column":null}},"73":{"start":{"line":144,"column":12},"end":{"line":144,"column":null}},"74":{"start":{"line":145,"column":12},"end":{"line":145,"column":null}},"75":{"start":{"line":148,"column":8},"end":{"line":176,"column":null}},"76":{"start":{"line":149,"column":26},"end":{"line":149,"column":null}},"77":{"start":{"line":150,"column":24},"end":{"line":161,"column":null}},"78":{"start":{"line":163,"column":25},"end":{"line":163,"column":null}},"79":{"start":{"line":164,"column":12},"end":{"line":167,"column":null}},"80":{"start":{"line":165,"column":16},"end":{"line":165,"column":null}},"81":{"start":{"line":166,"column":16},"end":{"line":166,"column":null}},"82":{"start":{"line":169,"column":12},"end":{"line":169,"column":null}},"83":{"start":{"line":170,"column":12},"end":{"line":170,"column":null}},"84":{"start":{"line":171,"column":12},"end":{"line":171,"column":null}},"85":{"start":{"line":172,"column":12},"end":{"line":172,"column":null}},"86":{"start":{"line":174,"column":12},"end":{"line":174,"column":null}},"87":{"start":{"line":175,"column":12},"end":{"line":175,"column":null}},"88":{"start":{"line":180,"column":31},"end":{"line":211,"column":null}},"89":{"start":{"line":181,"column":8},"end":{"line":181,"column":null}},"90":{"start":{"line":181,"column":98},"end":{"line":181,"column":null}},"91":{"start":{"line":183,"column":8},"end":{"line":183,"column":null}},"92":{"start":{"line":184,"column":8},"end":{"line":184,"column":null}},"93":{"start":{"line":185,"column":8},"end":{"line":210,"column":null}},"94":{"start":{"line":186,"column":26},"end":{"line":186,"column":null}},"95":{"start":{"line":187,"column":24},"end":{"line":197,"column":null}},"96":{"start":{"line":199,"column":25},"end":{"line":199,"column":null}},"97":{"start":{"line":200,"column":12},"end":{"line":203,"column":null}},"98":{"start":{"line":201,"column":16},"end":{"line":201,"column":null}},"99":{"start":{"line":202,"column":16},"end":{"line":202,"column":null}},"100":{"start":{"line":205,"column":12},"end":{"line":205,"column":null}},"101":{"start":{"line":206,"column":12},"end":{"line":206,"column":null}},"102":{"start":{"line":208,"column":12},"end":{"line":208,"column":null}},"103":{"start":{"line":209,"column":12},"end":{"line":209,"column":null}},"104":{"start":{"line":213,"column":4},"end":{"line":447,"column":null}},"105":{"start":{"line":219,"column":24},"end":{"line":219,"column":null}},"106":{"start":{"line":220,"column":24},"end":{"line":220,"column":null}},"107":{"start":{"line":221,"column":24},"end":{"line":221,"column":null}},"108":{"start":{"line":239,"column":34},"end":{"line":240,"column":52}},"109":{"start":{"line":252,"column":44},"end":{"line":252,"column":null}},"110":{"start":{"line":253,"column":44},"end":{"line":253,"column":null}},"111":{"start":{"line":254,"column":44},"end":{"line":254,"column":null}},"112":{"start":{"line":255,"column":44},"end":{"line":255,"column":null}},"113":{"start":{"line":262,"column":55},"end":{"line":262,"column":null}},"114":{"start":{"line":284,"column":70},"end":{"line":285,"column":79}},"115":{"start":{"line":304,"column":79},"end":{"line":304,"column":null}},"116":{"start":{"line":341,"column":53},"end":{"line":341,"column":null}},"117":{"start":{"line":352,"column":53},"end":{"line":352,"column":null}},"118":{"start":{"line":364,"column":53},"end":{"line":364,"column":null}},"119":{"start":{"line":369,"column":49},"end":{"line":370,"column":69}},"120":{"start":{"line":380,"column":51},"end":{"line":380,"column":null}},"121":{"start":{"line":407,"column":53},"end":{"line":407,"column":null}},"122":{"start":{"line":412,"column":49},"end":{"line":413,"column":69}},"123":{"start":{"line":424,"column":53},"end":{"line":424,"column":null}},"124":{"start":{"line":428,"column":54},"end":{"line":429,"column":61}},"125":{"start":{"line":439,"column":51},"end":{"line":439,"column":null}}},"fnMap":{"0":{"name":"(anonymous_0)","decl":{"start":{"line":5,"column":21},"end":{"line":5,"column":null}},"loc":{"start":{"line":5,"column":21},"end":{"line":457,"column":null}},"line":5},"1":{"name":"(anonymous_1)","decl":{"start":{"line":35,"column":14},"end":{"line":35,"column":null}},"loc":{"start":{"line":35,"column":14},"end":{"line":37,"column":7}},"line":35},"2":{"name":"(anonymous_2)","decl":{"start":{"line":39,"column":23},"end":{"line":39,"column":null}},"loc":{"start":{"line":39,"column":23},"end":{"line":66,"column":null}},"line":39},"3":{"name":"(anonymous_3)","decl":{"start":{"line":69,"column":31},"end":{"line":69,"column":38}},"loc":{"start":{"line":69,"column":38},"end":{"line":108,"column":null}},"line":69},"4":{"name":"(anonymous_4)","decl":{"start":{"line":111,"column":31},"end":{"line":111,"column":38}},"loc":{"start":{"line":111,"column":42},"end":{"line":135,"column":null}},"line":111},"5":{"name":"(anonymous_5)","decl":{"start":{"line":138,"column":28},"end":{"line":138,"column":35}},"loc":{"start":{"line":138,"column":35},"end":{"line":177,"column":null}},"line":138},"6":{"name":"(anonymous_6)","decl":{"start":{"line":180,"column":31},"end":{"line":180,"column":38}},"loc":{"start":{"line":180,"column":57},"end":{"line":211,"column":null}},"line":180},"7":{"name":"(anonymous_7)","decl":{"start":{"line":218,"column":29},"end":{"line":218,"column":null}},"loc":{"start":{"line":218,"column":29},"end":{"line":222,"column":null}},"line":218},"8":{"name":"(anonymous_8)","decl":{"start":{"line":239,"column":33},"end":{"line":239,"column":34}},"loc":{"start":{"line":239,"column":34},"end":{"line":240,"column":52}},"line":239},"9":{"name":"(anonymous_9)","decl":{"start":{"line":251,"column":49},"end":{"line":251,"column":null}},"loc":{"start":{"line":251,"column":49},"end":{"line":256,"column":null}},"line":251},"10":{"name":"(anonymous_10)","decl":{"start":{"line":262,"column":49},"end":{"line":262,"column":55}},"loc":{"start":{"line":262,"column":55},"end":{"line":262,"column":null}},"line":262},"11":{"name":"(anonymous_11)","decl":{"start":{"line":284,"column":69},"end":{"line":284,"column":70}},"loc":{"start":{"line":284,"column":70},"end":{"line":285,"column":79}},"line":284},"12":{"name":"(anonymous_12)","decl":{"start":{"line":304,"column":73},"end":{"line":304,"column":79}},"loc":{"start":{"line":304,"column":79},"end":{"line":304,"column":null}},"line":304},"13":{"name":"(anonymous_13)","decl":{"start":{"line":341,"column":46},"end":{"line":341,"column":47}},"loc":{"start":{"line":341,"column":53},"end":{"line":341,"column":null}},"line":341},"14":{"name":"(anonymous_14)","decl":{"start":{"line":352,"column":46},"end":{"line":352,"column":47}},"loc":{"start":{"line":352,"column":53},"end":{"line":352,"column":null}},"line":352},"15":{"name":"(anonymous_15)","decl":{"start":{"line":364,"column":46},"end":{"line":364,"column":47}},"loc":{"start":{"line":364,"column":53},"end":{"line":364,"column":null}},"line":364},"16":{"name":"(anonymous_16)","decl":{"start":{"line":369,"column":48},"end":{"line":369,"column":49}},"loc":{"start":{"line":369,"column":49},"end":{"line":370,"column":69}},"line":369},"17":{"name":"(anonymous_17)","decl":{"start":{"line":380,"column":45},"end":{"line":380,"column":51}},"loc":{"start":{"line":380,"column":51},"end":{"line":380,"column":null}},"line":380},"18":{"name":"(anonymous_18)","decl":{"start":{"line":407,"column":46},"end":{"line":407,"column":47}},"loc":{"start":{"line":407,"column":53},"end":{"line":407,"column":null}},"line":407},"19":{"name":"(anonymous_19)","decl":{"start":{"line":412,"column":48},"end":{"line":412,"column":49}},"loc":{"start":{"line":412,"column":49},"end":{"line":413,"column":69}},"line":412},"20":{"name":"(anonymous_20)","decl":{"start":{"line":424,"column":46},"end":{"line":424,"column":47}},"loc":{"start":{"line":424,"column":53},"end":{"line":424,"column":null}},"line":424},"21":{"name":"(anonymous_21)","decl":{"start":{"line":428,"column":53},"end":{"line":428,"column":54}},"loc":{"start":{"line":428,"column":54},"end":{"line":429,"column":61}},"line":428},"22":{"name":"(anonymous_22)","decl":{"start":{"line":439,"column":45},"end":{"line":439,"column":51}},"loc":{"start":{"line":439,"column":51},"end":{"line":439,"column":null}},"line":439}},"branchMap":{"0":{"loc":{"start":{"line":49,"column":12},"end":{"line":49,"column":null}},"type":"if","locations":[{"start":{"line":49,"column":12},"end":{"line":49,"column":null}},{"start":{},"end":{}}],"line":49},"1":{"loc":{"start":{"line":51,"column":23},"end":{"line":51,"column":55}},"type":"binary-expr","locations":[{"start":{"line":51,"column":23},"end":{"line":51,"column":49}},{"start":{"line":51,"column":53},"end":{"line":51,"column":55}}],"line":51},"2":{"loc":{"start":{"line":57,"column":12},"end":{"line":57,"column":null}},"type":"if","locations":[{"start":{"line":57,"column":12},"end":{"line":57,"column":null}},{"start":{},"end":{}}],"line":57},"3":{"loc":{"start":{"line":59,"column":22},"end":{"line":59,"column":58}},"type":"binary-expr","locations":[{"start":{"line":59,"column":22},"end":{"line":59,"column":56}},{"start":{"line":59,"column":56},"end":{"line":59,"column":58}}],"line":59},"4":{"loc":{"start":{"line":74,"column":8},"end":{"line":77,"column":null}},"type":"if","locations":[{"start":{"line":74,"column":8},"end":{"line":77,"column":null}},{"start":{},"end":{}}],"line":74},"5":{"loc":{"start":{"line":74,"column":12},"end":{"line":74,"column":85}},"type":"binary-expr","locations":[{"start":{"line":74,"column":12},"end":{"line":74,"column":37}},{"start":{"line":74,"column":41},"end":{"line":74,"column":64}},{"start":{"line":74,"column":68},"end":{"line":74,"column":85}}],"line":74},"6":{"loc":{"start":{"line":95,"column":12},"end":{"line":98,"column":null}},"type":"if","locations":[{"start":{"line":95,"column":12},"end":{"line":98,"column":null}},{"start":{},"end":{}}],"line":95},"7":{"loc":{"start":{"line":96,"column":25},"end":{"line":96,"column":null}},"type":"binary-expr","locations":[{"start":{"line":96,"column":25},"end":{"line":96,"column":37}},{"start":{"line":96,"column":41},"end":{"line":96,"column":null}}],"line":96},"8":{"loc":{"start":{"line":112,"column":8},"end":{"line":112,"column":null}},"type":"if","locations":[{"start":{"line":112,"column":8},"end":{"line":112,"column":null}},{"start":{},"end":{}}],"line":112},"9":{"loc":{"start":{"line":124,"column":12},"end":{"line":127,"column":null}},"type":"if","locations":[{"start":{"line":124,"column":12},"end":{"line":127,"column":null}},{"start":{},"end":{}}],"line":124},"10":{"loc":{"start":{"line":125,"column":25},"end":{"line":125,"column":null}},"type":"binary-expr","locations":[{"start":{"line":125,"column":25},"end":{"line":125,"column":37}},{"start":{"line":125,"column":41},"end":{"line":125,"column":null}}],"line":125},"11":{"loc":{"start":{"line":143,"column":8},"end":{"line":146,"column":null}},"type":"if","locations":[{"start":{"line":143,"column":8},"end":{"line":146,"column":null}},{"start":{},"end":{}}],"line":143},"12":{"loc":{"start":{"line":143,"column":12},"end":{"line":143,"column":55}},"type":"binary-expr","locations":[{"start":{"line":143,"column":12},"end":{"line":143,"column":29}},{"start":{"line":143,"column":33},"end":{"line":143,"column":55}}],"line":143},"13":{"loc":{"start":{"line":164,"column":12},"end":{"line":167,"column":null}},"type":"if","locations":[{"start":{"line":164,"column":12},"end":{"line":167,"column":null}},{"start":{},"end":{}}],"line":164},"14":{"loc":{"start":{"line":165,"column":25},"end":{"line":165,"column":null}},"type":"binary-expr","locations":[{"start":{"line":165,"column":25},"end":{"line":165,"column":37}},{"start":{"line":165,"column":41},"end":{"line":165,"column":null}}],"line":165},"15":{"loc":{"start":{"line":181,"column":8},"end":{"line":181,"column":null}},"type":"if","locations":[{"start":{"line":181,"column":8},"end":{"line":181,"column":null}},{"start":{},"end":{}}],"line":181},"16":{"loc":{"start":{"line":200,"column":12},"end":{"line":203,"column":null}},"type":"if","locations":[{"start":{"line":200,"column":12},"end":{"line":203,"column":null}},{"start":{},"end":{}}],"line":200},"17":{"loc":{"start":{"line":201,"column":25},"end":{"line":201,"column":null}},"type":"binary-expr","locations":[{"start":{"line":201,"column":25},"end":{"line":201,"column":37}},{"start":{"line":201,"column":41},"end":{"line":201,"column":null}}],"line":201},"18":{"loc":{"start":{"line":229,"column":13},"end":{"line":229,"column":null}},"type":"binary-expr","locations":[{"start":{"line":229,"column":13},"end":{"line":229,"column":22}},{"start":{"line":229,"column":13},"end":{"line":229,"column":null}}],"line":229},"19":{"loc":{"start":{"line":230,"column":13},"end":{"line":230,"column":null}},"type":"binary-expr","locations":[{"start":{"line":230,"column":13},"end":{"line":230,"column":24}},{"start":{"line":230,"column":13},"end":{"line":230,"column":null}}],"line":230},"20":{"loc":{"start":{"line":232,"column":13},"end":{"line":324,"column":null}},"type":"cond-expr","locations":[{"start":{"line":232,"column":13},"end":{"line":238,"column":17}},{"start":{"line":238,"column":16},"end":{"line":324,"column":null}}],"line":232},"21":{"loc":{"start":{"line":273,"column":33},"end":{"line":317,"column":null}},"type":"cond-expr","locations":[{"start":{"line":273,"column":77},"end":{"line":317,"column":37}},{"start":{"line":317,"column":36},"end":{"line":317,"column":null}}],"line":273},"22":{"loc":{"start":{"line":273,"column":33},"end":{"line":273,"column":null}},"type":"binary-expr","locations":[{"start":{"line":273,"column":33},"end":{"line":273,"column":48}},{"start":{"line":273,"column":52},"end":{"line":273,"column":null}}],"line":273},"23":{"loc":{"start":{"line":292,"column":120},"end":{"line":296,"column":null}},"type":"cond-expr","locations":[{"start":{"line":292,"column":151},"end":{"line":292,"column":null}},{"start":{"line":293,"column":64},"end":{"line":296,"column":null}}],"line":292},"24":{"loc":{"start":{"line":293,"column":64},"end":{"line":296,"column":null}},"type":"cond-expr","locations":[{"start":{"line":293,"column":95},"end":{"line":293,"column":null}},{"start":{"line":294,"column":68},"end":{"line":296,"column":null}}],"line":293},"25":{"loc":{"start":{"line":294,"column":68},"end":{"line":296,"column":null}},"type":"cond-expr","locations":[{"start":{"line":294,"column":97},"end":{"line":294,"column":null}},{"start":{"line":295,"column":72},"end":{"line":296,"column":null}}],"line":294},"26":{"loc":{"start":{"line":295,"column":72},"end":{"line":296,"column":null}},"type":"cond-expr","locations":[{"start":{"line":295,"column":98},"end":{"line":295,"column":null}},{"start":{"line":296,"column":76},"end":{"line":296,"column":null}}],"line":295},"27":{"loc":{"start":{"line":322,"column":21},"end":{"line":324,"column":null}},"type":"binary-expr","locations":[{"start":{"line":322,"column":21},"end":{"line":322,"column":null}},{"start":{"line":322,"column":40},"end":{"line":324,"column":null}}],"line":322},"28":{"loc":{"start":{"line":331,"column":13},"end":{"line":388,"column":null}},"type":"binary-expr","locations":[{"start":{"line":331,"column":13},"end":{"line":331,"column":null}},{"start":{"line":331,"column":13},"end":{"line":388,"column":null}}],"line":331},"29":{"loc":{"start":{"line":398,"column":13},"end":{"line":447,"column":null}},"type":"binary-expr","locations":[{"start":{"line":398,"column":13},"end":{"line":398,"column":null}},{"start":{"line":398,"column":13},"end":{"line":447,"column":null}}],"line":398}},"s":{"0":1,"1":25,"2":25,"3":25,"4":25,"5":25,"6":25,"7":25,"8":25,"9":25,"10":25,"11":25,"12":25,"13":5,"14":25,"15":9,"16":9,"17":9,"18":9,"19":9,"20":9,"21":0,"22":9,"23":9,"24":9,"25":9,"26":0,"27":9,"28":9,"29":0,"30":0,"31":9,"32":25,"33":1,"34":1,"35":1,"36":1,"37":0,"38":0,"39":1,"40":1,"41":1,"42":1,"43":1,"44":0,"45":0,"46":1,"47":1,"48":1,"49":1,"50":0,"51":0,"52":25,"53":1,"54":0,"55":1,"56":1,"57":1,"58":1,"59":1,"60":1,"61":1,"62":0,"63":0,"64":1,"65":1,"66":0,"67":0,"68":25,"69":1,"70":1,"71":1,"72":1,"73":0,"74":0,"75":1,"76":1,"77":1,"78":1,"79":1,"80":0,"81":0,"82":1,"83":1,"84":1,"85":1,"86":0,"87":0,"88":25,"89":1,"90":0,"91":1,"92":1,"93":1,"94":1,"95":1,"96":1,"97":1,"98":0,"99":0,"100":1,"101":1,"102":0,"103":0,"104":25,"105":1,"106":1,"107":1,"108":20,"109":1,"110":1,"111":1,"112":1,"113":1,"114":38,"115":1,"116":1,"117":1,"118":1,"119":15,"120":0,"121":1,"122":12,"123":1,"124":20,"125":0},"f":{"0":25,"1":5,"2":9,"3":1,"4":1,"5":1,"6":1,"7":1,"8":20,"9":1,"10":1,"11":38,"12":1,"13":1,"14":1,"15":1,"16":15,"17":0,"18":1,"19":12,"20":1,"21":20,"22":0},"b":{"0":[0,9],"1":[9,0],"2":[0,9],"3":[9,0],"4":[0,1],"5":[1,1,1],"6":[0,1],"7":[0,0],"8":[0,1],"9":[0,1],"10":[0,0],"11":[0,1],"12":[1,1],"13":[0,1],"14":[0,0],"15":[0,1],"16":[0,1],"17":[0,0],"18":[25,0],"19":[25,4],"20":[5,20],"21":[19,1],"22":[20,20],"23":[19,19],"24":[18,1],"25":[0,1],"26":[1,0],"27":[20,1],"28":[25,5],"29":[25,4]},"meta":{"lastBranch":30,"lastFunction":23,"lastStatement":126,"seen":{"s:5:21:457:Infinity":0,"f:5:21:5:Infinity":0,"s:6:31:6:Infinity":1,"s:7:29:7:Infinity":2,"s:8:31:8:Infinity":3,"s:9:45:9:Infinity":4,"s:10:45:10:Infinity":5,"s:11:49:11:Infinity":6,"s:13:37:17:Infinity":7,"s:19:37:22:Infinity":8,"s:24:27:24:Infinity":9,"s:25:31:25:Infinity":10,"s:27:24:33:Infinity":11,"s:35:4:37:Infinity":12,"f:35:14:35:Infinity":1,"s:36:8:36:Infinity":13,"s:39:23:66:Infinity":14,"f:39:23:39:Infinity":2,"s:40:8:40:Infinity":15,"s:41:8:41:Infinity":16,"s:42:8:65:Infinity":17,"s:43:26:43:Infinity":18,"s:46:31:48:Infinity":19,"b:49:12:49:Infinity:undefined:undefined:undefined:undefined":0,"s:49:12:49:Infinity":20,"s:49:32:49:Infinity":21,"s:50:32:50:Infinity":22,"s:51:12:51:Infinity":23,"b:51:23:51:49:51:53:51:55":1,"s:54:30:56:Infinity":24,"b:57:12:57:Infinity:undefined:undefined:undefined:undefined":2,"s:57:12:57:Infinity":25,"s:57:31:57:Infinity":26,"s:58:31:58:Infinity":27,"s:59:12:59:Infinity":28,"b:59:22:59:56:59:56:59:58":3,"s:61:12:61:Infinity":29,"s:62:12:62:Infinity":30,"s:64:12:64:Infinity":31,"s:69:31:108:Infinity":32,"f:69:31:69:38":3,"s:70:8:70:Infinity":33,"s:71:8:71:Infinity":34,"s:72:8:72:Infinity":35,"b:74:8:77:Infinity:undefined:undefined:undefined:undefined":4,"s:74:8:77:Infinity":36,"b:74:12:74:37:74:41:74:64:74:68:74:85":5,"s:75:12:75:Infinity":37,"s:76:12:76:Infinity":38,"s:79:8:107:Infinity":39,"s:80:26:80:Infinity":40,"s:81:24:92:Infinity":41,"s:94:25:94:Infinity":42,"b:95:12:98:Infinity:undefined:undefined:undefined:undefined":6,"s:95:12:98:Infinity":43,"s:96:16:96:Infinity":44,"b:96:25:96:37:96:41:96:Infinity":7,"s:97:16:97:Infinity":45,"s:100:12:100:Infinity":46,"s:101:12:101:Infinity":47,"s:102:12:102:Infinity":48,"s:103:12:103:Infinity":49,"s:105:12:105:Infinity":50,"s:106:12:106:Infinity":51,"s:111:31:135:Infinity":52,"f:111:31:111:38":4,"b:112:8:112:Infinity:undefined:undefined:undefined:undefined":8,"s:112:8:112:Infinity":53,"s:112:97:112:Infinity":54,"s:114:8:114:Infinity":55,"s:115:8:115:Infinity":56,"s:116:8:134:Infinity":57,"s:117:26:117:Infinity":58,"s:118:24:121:Infinity":59,"s:123:25:123:Infinity":60,"b:124:12:127:Infinity:undefined:undefined:undefined:undefined":9,"s:124:12:127:Infinity":61,"s:125:16:125:Infinity":62,"b:125:25:125:37:125:41:125:Infinity":10,"s:126:16:126:Infinity":63,"s:129:12:129:Infinity":64,"s:130:12:130:Infinity":65,"s:132:12:132:Infinity":66,"s:133:12:133:Infinity":67,"s:138:28:177:Infinity":68,"f:138:28:138:35":5,"s:139:8:139:Infinity":69,"s:140:8:140:Infinity":70,"s:141:8:141:Infinity":71,"b:143:8:146:Infinity:undefined:undefined:undefined:undefined":11,"s:143:8:146:Infinity":72,"b:143:12:143:29:143:33:143:55":12,"s:144:12:144:Infinity":73,"s:145:12:145:Infinity":74,"s:148:8:176:Infinity":75,"s:149:26:149:Infinity":76,"s:150:24:161:Infinity":77,"s:163:25:163:Infinity":78,"b:164:12:167:Infinity:undefined:undefined:undefined:undefined":13,"s:164:12:167:Infinity":79,"s:165:16:165:Infinity":80,"b:165:25:165:37:165:41:165:Infinity":14,"s:166:16:166:Infinity":81,"s:169:12:169:Infinity":82,"s:170:12:170:Infinity":83,"s:171:12:171:Infinity":84,"s:172:12:172:Infinity":85,"s:174:12:174:Infinity":86,"s:175:12:175:Infinity":87,"s:180:31:211:Infinity":88,"f:180:31:180:38":6,"b:181:8:181:Infinity:undefined:undefined:undefined:undefined":15,"s:181:8:181:Infinity":89,"s:181:98:181:Infinity":90,"s:183:8:183:Infinity":91,"s:184:8:184:Infinity":92,"s:185:8:210:Infinity":93,"s:186:26:186:Infinity":94,"s:187:24:197:Infinity":95,"s:199:25:199:Infinity":96,"b:200:12:203:Infinity:undefined:undefined:undefined:undefined":16,"s:200:12:203:Infinity":97,"s:201:16:201:Infinity":98,"b:201:25:201:37:201:41:201:Infinity":17,"s:202:16:202:Infinity":99,"s:205:12:205:Infinity":100,"s:206:12:206:Infinity":101,"s:208:12:208:Infinity":102,"s:209:12:209:Infinity":103,"s:213:4:447:Infinity":104,"f:218:29:218:Infinity":7,"s:219:24:219:Infinity":105,"s:220:24:220:Infinity":106,"s:221:24:221:Infinity":107,"b:229:13:229:22:229:13:229:Infinity":18,"b:230:13:230:24:230:13:230:Infinity":19,"b:232:13:238:17:238:16:324:Infinity":20,"f:239:33:239:34":8,"s:239:34:240:52":108,"f:251:49:251:Infinity":9,"s:252:44:252:Infinity":109,"s:253:44:253:Infinity":110,"s:254:44:254:Infinity":111,"s:255:44:255:Infinity":112,"f:262:49:262:55":10,"s:262:55:262:Infinity":113,"b:273:77:317:37:317:36:317:Infinity":21,"b:273:33:273:48:273:52:273:Infinity":22,"f:284:69:284:70":11,"s:284:70:285:79":114,"b:292:151:292:Infinity:293:64:296:Infinity":23,"b:293:95:293:Infinity:294:68:296:Infinity":24,"b:294:97:294:Infinity:295:72:296:Infinity":25,"b:295:98:295:Infinity:296:76:296:Infinity":26,"f:304:73:304:79":12,"s:304:79:304:Infinity":115,"b:322:21:322:Infinity:322:40:324:Infinity":27,"b:331:13:331:Infinity:331:13:388:Infinity":28,"f:341:46:341:47":13,"s:341:53:341:Infinity":116,"f:352:46:352:47":14,"s:352:53:352:Infinity":117,"f:364:46:364:47":15,"s:364:53:364:Infinity":118,"f:369:48:369:49":16,"s:369:49:370:69":119,"f:380:45:380:51":17,"s:380:51:380:Infinity":120,"b:398:13:398:Infinity:398:13:447:Infinity":29,"f:407:46:407:47":18,"s:407:53:407:Infinity":121,"f:412:48:412:49":19,"s:412:49:413:69":122,"f:424:46:424:47":20,"s:424:53:424:Infinity":123,"f:428:53:428:54":21,"s:428:54:429:61":124,"f:439:45:439:51":22,"s:439:51:439:Infinity":125}}}
,"/home/artraxer/TFG-Sociedad-Cientifica/frontend/Sociedad Científica de Desarrollo Informático (SCDI)/src/components/Administrador/AdminProyectos.jsx": {"path":"/home/artraxer/TFG-Sociedad-Cientifica/frontend/Sociedad Científica de Desarrollo Informático (SCDI)/src/components/Administrador/AdminProyectos.jsx","statementMap":{"0":{"start":{"line":5,"column":23},"end":{"line":515,"column":null}},"1":{"start":{"line":6,"column":35},"end":{"line":6,"column":null}},"2":{"start":{"line":7,"column":29},"end":{"line":7,"column":null}},"3":{"start":{"line":8,"column":27},"end":{"line":8,"column":null}},"4":{"start":{"line":9,"column":31},"end":{"line":9,"column":null}},"5":{"start":{"line":11,"column":33},"end":{"line":11,"column":null}},"6":{"start":{"line":12,"column":45},"end":{"line":12,"column":null}},"7":{"start":{"line":13,"column":53},"end":{"line":13,"column":null}},"8":{"start":{"line":14,"column":47},"end":{"line":14,"column":null}},"9":{"start":{"line":16,"column":33},"end":{"line":21,"column":null}},"10":{"start":{"line":23,"column":37},"end":{"line":26,"column":null}},"11":{"start":{"line":28,"column":27},"end":{"line":28,"column":null}},"12":{"start":{"line":29,"column":31},"end":{"line":29,"column":null}},"13":{"start":{"line":31,"column":4},"end":{"line":33,"column":null}},"14":{"start":{"line":32,"column":8},"end":{"line":32,"column":null}},"15":{"start":{"line":35,"column":23},"end":{"line":70,"column":null}},"16":{"start":{"line":36,"column":8},"end":{"line":36,"column":null}},"17":{"start":{"line":37,"column":8},"end":{"line":37,"column":null}},"18":{"start":{"line":38,"column":8},"end":{"line":69,"column":null}},"19":{"start":{"line":39,"column":26},"end":{"line":39,"column":null}},"20":{"start":{"line":42,"column":33},"end":{"line":44,"column":null}},"21":{"start":{"line":45,"column":12},"end":{"line":45,"column":null}},"22":{"start":{"line":45,"column":34},"end":{"line":45,"column":null}},"23":{"start":{"line":46,"column":34},"end":{"line":46,"column":null}},"24":{"start":{"line":47,"column":12},"end":{"line":47,"column":null}},"25":{"start":{"line":50,"column":30},"end":{"line":52,"column":null}},"26":{"start":{"line":53,"column":12},"end":{"line":53,"column":null}},"27":{"start":{"line":53,"column":31},"end":{"line":53,"column":null}},"28":{"start":{"line":54,"column":31},"end":{"line":54,"column":null}},"29":{"start":{"line":55,"column":12},"end":{"line":55,"column":null}},"30":{"start":{"line":58,"column":29},"end":{"line":60,"column":null}},"31":{"start":{"line":61,"column":12},"end":{"line":61,"column":null}},"32":{"start":{"line":61,"column":30},"end":{"line":61,"column":null}},"33":{"start":{"line":62,"column":30},"end":{"line":62,"column":null}},"34":{"start":{"line":63,"column":12},"end":{"line":63,"column":null}},"35":{"start":{"line":65,"column":12},"end":{"line":65,"column":null}},"36":{"start":{"line":66,"column":12},"end":{"line":66,"column":null}},"37":{"start":{"line":68,"column":12},"end":{"line":68,"column":null}},"38":{"start":{"line":72,"column":24},"end":{"line":78,"column":null}},"39":{"start":{"line":73,"column":8},"end":{"line":73,"column":null}},"40":{"start":{"line":74,"column":8},"end":{"line":74,"column":null}},"41":{"start":{"line":75,"column":8},"end":{"line":75,"column":null}},"42":{"start":{"line":76,"column":8},"end":{"line":76,"column":null}},"43":{"start":{"line":77,"column":8},"end":{"line":77,"column":null}},"44":{"start":{"line":80,"column":25},"end":{"line":95,"column":null}},"45":{"start":{"line":81,"column":8},"end":{"line":81,"column":null}},"46":{"start":{"line":82,"column":8},"end":{"line":91,"column":null}},"47":{"start":{"line":92,"column":8},"end":{"line":92,"column":null}},"48":{"start":{"line":93,"column":8},"end":{"line":93,"column":null}},"49":{"start":{"line":94,"column":8},"end":{"line":94,"column":null}},"50":{"start":{"line":97,"column":22},"end":{"line":102,"column":null}},"51":{"start":{"line":98,"column":8},"end":{"line":98,"column":null}},"52":{"start":{"line":99,"column":8},"end":{"line":99,"column":null}},"53":{"start":{"line":100,"column":8},"end":{"line":100,"column":null}},"54":{"start":{"line":101,"column":8},"end":{"line":101,"column":null}},"55":{"start":{"line":104,"column":25},"end":{"line":106,"column":null}},"56":{"start":{"line":105,"column":8},"end":{"line":105,"column":null}},"57":{"start":{"line":108,"column":25},"end":{"line":148,"column":null}},"58":{"start":{"line":109,"column":8},"end":{"line":109,"column":null}},"59":{"start":{"line":110,"column":8},"end":{"line":110,"column":null}},"60":{"start":{"line":111,"column":8},"end":{"line":111,"column":null}},"61":{"start":{"line":113,"column":8},"end":{"line":116,"column":null}},"62":{"start":{"line":114,"column":12},"end":{"line":114,"column":null}},"63":{"start":{"line":115,"column":12},"end":{"line":115,"column":null}},"64":{"start":{"line":118,"column":8},"end":{"line":147,"column":null}},"65":{"start":{"line":119,"column":26},"end":{"line":119,"column":null}},"66":{"start":{"line":120,"column":24},"end":{"line":122,"column":88}},"67":{"start":{"line":123,"column":27},"end":{"line":123,"column":null}},"68":{"start":{"line":125,"column":24},"end":{"line":132,"column":null}},"69":{"start":{"line":134,"column":25},"end":{"line":134,"column":null}},"70":{"start":{"line":136,"column":12},"end":{"line":139,"column":null}},"71":{"start":{"line":137,"column":16},"end":{"line":137,"column":null}},"72":{"start":{"line":138,"column":16},"end":{"line":138,"column":null}},"73":{"start":{"line":141,"column":12},"end":{"line":141,"column":null}},"74":{"start":{"line":142,"column":12},"end":{"line":142,"column":null}},"75":{"start":{"line":143,"column":12},"end":{"line":143,"column":null}},"76":{"start":{"line":145,"column":12},"end":{"line":145,"column":null}},"77":{"start":{"line":146,"column":12},"end":{"line":146,"column":null}},"78":{"start":{"line":150,"column":25},"end":{"line":174,"column":null}},"79":{"start":{"line":151,"column":8},"end":{"line":151,"column":null}},"80":{"start":{"line":151,"column":117},"end":{"line":151,"column":null}},"81":{"start":{"line":153,"column":8},"end":{"line":153,"column":null}},"82":{"start":{"line":154,"column":8},"end":{"line":154,"column":null}},"83":{"start":{"line":155,"column":8},"end":{"line":173,"column":null}},"84":{"start":{"line":156,"column":26},"end":{"line":156,"column":null}},"85":{"start":{"line":157,"column":24},"end":{"line":160,"column":null}},"86":{"start":{"line":162,"column":25},"end":{"line":162,"column":null}},"87":{"start":{"line":163,"column":12},"end":{"line":166,"column":null}},"88":{"start":{"line":164,"column":16},"end":{"line":164,"column":null}},"89":{"start":{"line":165,"column":16},"end":{"line":165,"column":null}},"90":{"start":{"line":168,"column":12},"end":{"line":168,"column":null}},"91":{"start":{"line":169,"column":12},"end":{"line":169,"column":null}},"92":{"start":{"line":171,"column":12},"end":{"line":171,"column":null}},"93":{"start":{"line":172,"column":12},"end":{"line":172,"column":null}},"94":{"start":{"line":176,"column":28},"end":{"line":214,"column":null}},"95":{"start":{"line":177,"column":8},"end":{"line":177,"column":null}},"96":{"start":{"line":178,"column":8},"end":{"line":178,"column":null}},"97":{"start":{"line":179,"column":8},"end":{"line":179,"column":null}},"98":{"start":{"line":181,"column":8},"end":{"line":184,"column":null}},"99":{"start":{"line":182,"column":12},"end":{"line":182,"column":null}},"100":{"start":{"line":183,"column":12},"end":{"line":183,"column":null}},"101":{"start":{"line":186,"column":8},"end":{"line":213,"column":null}},"102":{"start":{"line":187,"column":26},"end":{"line":187,"column":null}},"103":{"start":{"line":188,"column":24},"end":{"line":198,"column":null}},"104":{"start":{"line":200,"column":25},"end":{"line":200,"column":null}},"105":{"start":{"line":201,"column":12},"end":{"line":204,"column":null}},"106":{"start":{"line":202,"column":16},"end":{"line":202,"column":null}},"107":{"start":{"line":203,"column":16},"end":{"line":203,"column":null}},"108":{"start":{"line":206,"column":12},"end":{"line":206,"column":null}},"109":{"start":{"line":207,"column":12},"end":{"line":207,"column":null}},"110":{"start":{"line":208,"column":12},"end":{"line":208,"column":null}},"111":{"start":{"line":209,"column":12},"end":{"line":209,"column":null}},"112":{"start":{"line":211,"column":12},"end":{"line":211,"column":null}},"113":{"start":{"line":212,"column":12},"end":{"line":212,"column":null}},"114":{"start":{"line":216,"column":31},"end":{"line":240,"column":null}},"115":{"start":{"line":217,"column":8},"end":{"line":217,"column":null}},"116":{"start":{"line":217,"column":100},"end":{"line":217,"column":null}},"117":{"start":{"line":219,"column":8},"end":{"line":219,"column":null}},"118":{"start":{"line":220,"column":8},"end":{"line":220,"column":null}},"119":{"start":{"line":221,"column":8},"end":{"line":239,"column":null}},"120":{"start":{"line":222,"column":26},"end":{"line":222,"column":null}},"121":{"start":{"line":223,"column":24},"end":{"line":226,"column":null}},"122":{"start":{"line":228,"column":25},"end":{"line":228,"column":null}},"123":{"start":{"line":229,"column":12},"end":{"line":232,"column":null}},"124":{"start":{"line":230,"column":16},"end":{"line":230,"column":null}},"125":{"start":{"line":231,"column":16},"end":{"line":231,"column":null}},"126":{"start":{"line":234,"column":12},"end":{"line":234,"column":null}},"127":{"start":{"line":235,"column":12},"end":{"line":235,"column":null}},"128":{"start":{"line":237,"column":12},"end":{"line":237,"column":null}},"129":{"start":{"line":238,"column":12},"end":{"line":238,"column":null}},"130":{"start":{"line":242,"column":4},"end":{"line":505,"column":null}},"131":{"start":{"line":264,"column":36},"end":{"line":265,"column":56}},"132":{"start":{"line":286,"column":44},"end":{"line":286,"column":null}},"133":{"start":{"line":287,"column":44},"end":{"line":287,"column":null}},"134":{"start":{"line":288,"column":44},"end":{"line":288,"column":null}},"135":{"start":{"line":289,"column":44},"end":{"line":289,"column":null}},"136":{"start":{"line":296,"column":55},"end":{"line":296,"column":null}},"137":{"start":{"line":302,"column":55},"end":{"line":302,"column":null}},"138":{"start":{"line":324,"column":72},"end":{"line":325,"column":79}},"139":{"start":{"line":344,"column":79},"end":{"line":344,"column":null}},"140":{"start":{"line":463,"column":53},"end":{"line":463,"column":null}},"141":{"start":{"line":468,"column":49},"end":{"line":469,"column":69}},"142":{"start":{"line":481,"column":53},"end":{"line":481,"column":null}},"143":{"start":{"line":486,"column":48},"end":{"line":487,"column":61}},"144":{"start":{"line":497,"column":51},"end":{"line":497,"column":null}}},"fnMap":{"0":{"name":"(anonymous_0)","decl":{"start":{"line":5,"column":23},"end":{"line":5,"column":null}},"loc":{"start":{"line":5,"column":23},"end":{"line":515,"column":null}},"line":5},"1":{"name":"(anonymous_1)","decl":{"start":{"line":31,"column":14},"end":{"line":31,"column":null}},"loc":{"start":{"line":31,"column":14},"end":{"line":33,"column":7}},"line":31},"2":{"name":"(anonymous_2)","decl":{"start":{"line":35,"column":23},"end":{"line":35,"column":null}},"loc":{"start":{"line":35,"column":23},"end":{"line":70,"column":null}},"line":35},"3":{"name":"(anonymous_3)","decl":{"start":{"line":72,"column":24},"end":{"line":72,"column":null}},"loc":{"start":{"line":72,"column":24},"end":{"line":78,"column":null}},"line":72},"4":{"name":"(anonymous_4)","decl":{"start":{"line":80,"column":25},"end":{"line":80,"column":26}},"loc":{"start":{"line":80,"column":26},"end":{"line":95,"column":null}},"line":80},"5":{"name":"(anonymous_5)","decl":{"start":{"line":97,"column":22},"end":{"line":97,"column":null}},"loc":{"start":{"line":97,"column":22},"end":{"line":102,"column":null}},"line":97},"6":{"name":"(anonymous_6)","decl":{"start":{"line":104,"column":25},"end":{"line":104,"column":26}},"loc":{"start":{"line":104,"column":26},"end":{"line":106,"column":null}},"line":104},"7":{"name":"(anonymous_7)","decl":{"start":{"line":108,"column":25},"end":{"line":108,"column":32}},"loc":{"start":{"line":108,"column":32},"end":{"line":148,"column":null}},"line":108},"8":{"name":"(anonymous_8)","decl":{"start":{"line":150,"column":25},"end":{"line":150,"column":32}},"loc":{"start":{"line":150,"column":32},"end":{"line":174,"column":null}},"line":150},"9":{"name":"(anonymous_9)","decl":{"start":{"line":176,"column":28},"end":{"line":176,"column":35}},"loc":{"start":{"line":176,"column":35},"end":{"line":214,"column":null}},"line":176},"10":{"name":"(anonymous_10)","decl":{"start":{"line":216,"column":31},"end":{"line":216,"column":38}},"loc":{"start":{"line":216,"column":59},"end":{"line":240,"column":null}},"line":216},"11":{"name":"(anonymous_11)","decl":{"start":{"line":264,"column":35},"end":{"line":264,"column":36}},"loc":{"start":{"line":264,"column":36},"end":{"line":265,"column":56}},"line":264},"12":{"name":"(anonymous_12)","decl":{"start":{"line":285,"column":49},"end":{"line":285,"column":null}},"loc":{"start":{"line":285,"column":49},"end":{"line":290,"column":null}},"line":285},"13":{"name":"(anonymous_13)","decl":{"start":{"line":296,"column":49},"end":{"line":296,"column":55}},"loc":{"start":{"line":296,"column":55},"end":{"line":296,"column":null}},"line":296},"14":{"name":"(anonymous_14)","decl":{"start":{"line":302,"column":49},"end":{"line":302,"column":55}},"loc":{"start":{"line":302,"column":55},"end":{"line":302,"column":null}},"line":302},"15":{"name":"(anonymous_15)","decl":{"start":{"line":324,"column":71},"end":{"line":324,"column":72}},"loc":{"start":{"line":324,"column":72},"end":{"line":325,"column":79}},"line":324},"16":{"name":"(anonymous_16)","decl":{"start":{"line":344,"column":73},"end":{"line":344,"column":79}},"loc":{"start":{"line":344,"column":79},"end":{"line":344,"column":null}},"line":344},"17":{"name":"(anonymous_17)","decl":{"start":{"line":463,"column":46},"end":{"line":463,"column":47}},"loc":{"start":{"line":463,"column":53},"end":{"line":463,"column":null}},"line":463},"18":{"name":"(anonymous_18)","decl":{"start":{"line":468,"column":48},"end":{"line":468,"column":49}},"loc":{"start":{"line":468,"column":49},"end":{"line":469,"column":69}},"line":468},"19":{"name":"(anonymous_19)","decl":{"start":{"line":481,"column":46},"end":{"line":481,"column":47}},"loc":{"start":{"line":481,"column":53},"end":{"line":481,"column":null}},"line":481},"20":{"name":"(anonymous_20)","decl":{"start":{"line":486,"column":47},"end":{"line":486,"column":48}},"loc":{"start":{"line":486,"column":48},"end":{"line":487,"column":61}},"line":486},"21":{"name":"(anonymous_21)","decl":{"start":{"line":497,"column":45},"end":{"line":497,"column":51}},"loc":{"start":{"line":497,"column":51},"end":{"line":497,"column":null}},"line":497}},"branchMap":{"0":{"loc":{"start":{"line":45,"column":12},"end":{"line":45,"column":null}},"type":"if","locations":[{"start":{"line":45,"column":12},"end":{"line":45,"column":null}},{"start":{},"end":{}}],"line":45},"1":{"loc":{"start":{"line":47,"column":25},"end":{"line":47,"column":70}},"type":"binary-expr","locations":[{"start":{"line":47,"column":25},"end":{"line":47,"column":68}},{"start":{"line":47,"column":68},"end":{"line":47,"column":70}}],"line":47},"2":{"loc":{"start":{"line":53,"column":12},"end":{"line":53,"column":null}},"type":"if","locations":[{"start":{"line":53,"column":12},"end":{"line":53,"column":null}},{"start":{},"end":{}}],"line":53},"3":{"loc":{"start":{"line":55,"column":22},"end":{"line":55,"column":58}},"type":"binary-expr","locations":[{"start":{"line":55,"column":22},"end":{"line":55,"column":56}},{"start":{"line":55,"column":56},"end":{"line":55,"column":58}}],"line":55},"4":{"loc":{"start":{"line":61,"column":12},"end":{"line":61,"column":null}},"type":"if","locations":[{"start":{"line":61,"column":12},"end":{"line":61,"column":null}},{"start":{},"end":{}}],"line":61},"5":{"loc":{"start":{"line":63,"column":21},"end":{"line":63,"column":42}},"type":"binary-expr","locations":[{"start":{"line":63,"column":21},"end":{"line":63,"column":36}},{"start":{"line":63,"column":40},"end":{"line":63,"column":42}}],"line":63},"6":{"loc":{"start":{"line":83,"column":29},"end":{"line":83,"column":null}},"type":"binary-expr","locations":[{"start":{"line":83,"column":29},"end":{"line":83,"column":53}},{"start":{"line":83,"column":57},"end":{"line":83,"column":null}}],"line":83},"7":{"loc":{"start":{"line":84,"column":25},"end":{"line":84,"column":null}},"type":"binary-expr","locations":[{"start":{"line":84,"column":25},"end":{"line":84,"column":45}},{"start":{"line":84,"column":49},"end":{"line":84,"column":null}}],"line":84},"8":{"loc":{"start":{"line":85,"column":26},"end":{"line":87,"column":null}},"type":"cond-expr","locations":[{"start":{"line":86,"column":18},"end":{"line":86,"column":null}},{"start":{"line":87,"column":18},"end":{"line":87,"column":null}}],"line":85},"9":{"loc":{"start":{"line":88,"column":23},"end":{"line":90,"column":null}},"type":"cond-expr","locations":[{"start":{"line":89,"column":18},"end":{"line":89,"column":null}},{"start":{"line":90,"column":18},"end":{"line":90,"column":null}}],"line":88},"10":{"loc":{"start":{"line":113,"column":8},"end":{"line":116,"column":null}},"type":"if","locations":[{"start":{"line":113,"column":8},"end":{"line":116,"column":null}},{"start":{},"end":{}}],"line":113},"11":{"loc":{"start":{"line":120,"column":24},"end":{"line":122,"column":88}},"type":"cond-expr","locations":[{"start":{"line":121,"column":18},"end":{"line":121,"column":90}},{"start":{"line":122,"column":18},"end":{"line":122,"column":88}}],"line":120},"12":{"loc":{"start":{"line":123,"column":27},"end":{"line":123,"column":null}},"type":"cond-expr","locations":[{"start":{"line":123,"column":45},"end":{"line":123,"column":53}},{"start":{"line":123,"column":53},"end":{"line":123,"column":null}}],"line":123},"13":{"loc":{"start":{"line":136,"column":12},"end":{"line":139,"column":null}},"type":"if","locations":[{"start":{"line":136,"column":12},"end":{"line":139,"column":null}},{"start":{},"end":{}}],"line":136},"14":{"loc":{"start":{"line":137,"column":25},"end":{"line":137,"column":null}},"type":"binary-expr","locations":[{"start":{"line":137,"column":25},"end":{"line":137,"column":37}},{"start":{"line":137,"column":41},"end":{"line":137,"column":null}}],"line":137},"15":{"loc":{"start":{"line":141,"column":23},"end":{"line":141,"column":null}},"type":"cond-expr","locations":[{"start":{"line":141,"column":41},"end":{"line":141,"column":77}},{"start":{"line":141,"column":77},"end":{"line":141,"column":null}}],"line":141},"16":{"loc":{"start":{"line":151,"column":8},"end":{"line":151,"column":null}},"type":"if","locations":[{"start":{"line":151,"column":8},"end":{"line":151,"column":null}},{"start":{},"end":{}}],"line":151},"17":{"loc":{"start":{"line":163,"column":12},"end":{"line":166,"column":null}},"type":"if","locations":[{"start":{"line":163,"column":12},"end":{"line":166,"column":null}},{"start":{},"end":{}}],"line":163},"18":{"loc":{"start":{"line":164,"column":25},"end":{"line":164,"column":null}},"type":"binary-expr","locations":[{"start":{"line":164,"column":25},"end":{"line":164,"column":37}},{"start":{"line":164,"column":41},"end":{"line":164,"column":null}}],"line":164},"19":{"loc":{"start":{"line":181,"column":8},"end":{"line":184,"column":null}},"type":"if","locations":[{"start":{"line":181,"column":8},"end":{"line":184,"column":null}},{"start":{},"end":{}}],"line":181},"20":{"loc":{"start":{"line":181,"column":12},"end":{"line":181,"column":57}},"type":"binary-expr","locations":[{"start":{"line":181,"column":12},"end":{"line":181,"column":29}},{"start":{"line":181,"column":33},"end":{"line":181,"column":57}}],"line":181},"21":{"loc":{"start":{"line":201,"column":12},"end":{"line":204,"column":null}},"type":"if","locations":[{"start":{"line":201,"column":12},"end":{"line":204,"column":null}},{"start":{},"end":{}}],"line":201},"22":{"loc":{"start":{"line":202,"column":25},"end":{"line":202,"column":null}},"type":"binary-expr","locations":[{"start":{"line":202,"column":25},"end":{"line":202,"column":37}},{"start":{"line":202,"column":41},"end":{"line":202,"column":null}}],"line":202},"23":{"loc":{"start":{"line":217,"column":8},"end":{"line":217,"column":null}},"type":"if","locations":[{"start":{"line":217,"column":8},"end":{"line":217,"column":null}},{"start":{},"end":{}}],"line":217},"24":{"loc":{"start":{"line":229,"column":12},"end":{"line":232,"column":null}},"type":"if","locations":[{"start":{"line":229,"column":12},"end":{"line":232,"column":null}},{"start":{},"end":{}}],"line":229},"25":{"loc":{"start":{"line":230,"column":25},"end":{"line":230,"column":null}},"type":"binary-expr","locations":[{"start":{"line":230,"column":25},"end":{"line":230,"column":37}},{"start":{"line":230,"column":41},"end":{"line":230,"column":null}}],"line":230},"26":{"loc":{"start":{"line":254,"column":13},"end":{"line":254,"column":null}},"type":"binary-expr","locations":[{"start":{"line":254,"column":13},"end":{"line":254,"column":22}},{"start":{"line":254,"column":13},"end":{"line":254,"column":null}}],"line":254},"27":{"loc":{"start":{"line":255,"column":13},"end":{"line":255,"column":null}},"type":"binary-expr","locations":[{"start":{"line":255,"column":13},"end":{"line":255,"column":24}},{"start":{"line":255,"column":13},"end":{"line":255,"column":null}}],"line":255},"28":{"loc":{"start":{"line":257,"column":13},"end":{"line":364,"column":null}},"type":"cond-expr","locations":[{"start":{"line":257,"column":13},"end":{"line":263,"column":17}},{"start":{"line":263,"column":16},"end":{"line":364,"column":null}}],"line":257},"29":{"loc":{"start":{"line":271,"column":128},"end":{"line":273,"column":null}},"type":"cond-expr","locations":[{"start":{"line":271,"column":161},"end":{"line":271,"column":null}},{"start":{"line":272,"column":48},"end":{"line":273,"column":null}}],"line":271},"30":{"loc":{"start":{"line":272,"column":48},"end":{"line":273,"column":null}},"type":"cond-expr","locations":[{"start":{"line":272,"column":82},"end":{"line":272,"column":null}},{"start":{"line":273,"column":52},"end":{"line":273,"column":null}}],"line":272},"31":{"loc":{"start":{"line":280,"column":51},"end":{"line":280,"column":136}},"type":"cond-expr","locations":[{"start":{"line":280,"column":75},"end":{"line":280,"column":130}},{"start":{"line":280,"column":130},"end":{"line":280,"column":136}}],"line":280},"32":{"loc":{"start":{"line":280,"column":140},"end":{"line":280,"column":null}},"type":"cond-expr","locations":[{"start":{"line":280,"column":161},"end":{"line":280,"column":213}},{"start":{"line":280,"column":213},"end":{"line":280,"column":null}}],"line":280},"33":{"loc":{"start":{"line":313,"column":33},"end":{"line":357,"column":null}},"type":"cond-expr","locations":[{"start":{"line":313,"column":81},"end":{"line":357,"column":37}},{"start":{"line":357,"column":36},"end":{"line":357,"column":null}}],"line":313},"34":{"loc":{"start":{"line":313,"column":33},"end":{"line":313,"column":null}},"type":"binary-expr","locations":[{"start":{"line":313,"column":33},"end":{"line":313,"column":50}},{"start":{"line":313,"column":54},"end":{"line":313,"column":null}}],"line":313},"35":{"loc":{"start":{"line":332,"column":120},"end":{"line":336,"column":null}},"type":"cond-expr","locations":[{"start":{"line":332,"column":186},"end":{"line":332,"column":null}},{"start":{"line":333,"column":68},"end":{"line":336,"column":null}}],"line":332},"36":{"loc":{"start":{"line":332,"column":120},"end":{"line":332,"column":186}},"type":"binary-expr","locations":[{"start":{"line":332,"column":120},"end":{"line":332,"column":152}},{"start":{"line":332,"column":152},"end":{"line":332,"column":186}}],"line":332},"37":{"loc":{"start":{"line":333,"column":68},"end":{"line":336,"column":null}},"type":"cond-expr","locations":[{"start":{"line":333,"column":99},"end":{"line":333,"column":null}},{"start":{"line":334,"column":72},"end":{"line":336,"column":null}}],"line":333},"38":{"loc":{"start":{"line":334,"column":72},"end":{"line":336,"column":null}},"type":"cond-expr","locations":[{"start":{"line":334,"column":101},"end":{"line":334,"column":null}},{"start":{"line":335,"column":76},"end":{"line":336,"column":null}}],"line":334},"39":{"loc":{"start":{"line":335,"column":76},"end":{"line":336,"column":null}},"type":"cond-expr","locations":[{"start":{"line":335,"column":102},"end":{"line":335,"column":null}},{"start":{"line":336,"column":80},"end":{"line":336,"column":null}}],"line":335},"40":{"loc":{"start":{"line":362,"column":21},"end":{"line":364,"column":null}},"type":"binary-expr","locations":[{"start":{"line":362,"column":21},"end":{"line":362,"column":null}},{"start":{"line":362,"column":42},"end":{"line":364,"column":null}}],"line":362},"41":{"loc":{"start":{"line":371,"column":13},"end":{"line":443,"column":null}},"type":"binary-expr","locations":[{"start":{"line":371,"column":13},"end":{"line":371,"column":null}},{"start":{"line":371,"column":13},"end":{"line":443,"column":null}}],"line":371},"42":{"loc":{"start":{"line":375,"column":29},"end":{"line":375,"column":null}},"type":"cond-expr","locations":[{"start":{"line":375,"column":47},"end":{"line":375,"column":67}},{"start":{"line":375,"column":67},"end":{"line":375,"column":null}}],"line":375},"43":{"loc":{"start":{"line":453,"column":13},"end":{"line":505,"column":null}},"type":"binary-expr","locations":[{"start":{"line":453,"column":13},"end":{"line":453,"column":null}},{"start":{"line":453,"column":13},"end":{"line":505,"column":null}}],"line":453}},"s":{"0":1,"1":31,"2":31,"3":31,"4":31,"5":31,"6":31,"7":31,"8":31,"9":31,"10":31,"11":31,"12":31,"13":31,"14":6,"15":31,"16":11,"17":11,"18":11,"19":11,"20":11,"21":11,"22":0,"23":11,"24":11,"25":11,"26":11,"27":0,"28":11,"29":11,"30":11,"31":11,"32":0,"33":11,"34":11,"35":0,"36":0,"37":11,"38":31,"39":1,"40":1,"41":1,"42":1,"43":1,"44":31,"45":1,"46":1,"47":1,"48":1,"49":1,"50":31,"51":2,"52":2,"53":2,"54":2,"55":31,"56":4,"57":31,"58":2,"59":2,"60":2,"61":2,"62":0,"63":0,"64":2,"65":2,"66":2,"67":2,"68":2,"69":2,"70":2,"71":0,"72":0,"73":2,"74":2,"75":2,"76":0,"77":0,"78":31,"79":1,"80":0,"81":1,"82":1,"83":1,"84":1,"85":1,"86":1,"87":1,"88":0,"89":0,"90":1,"91":1,"92":0,"93":0,"94":31,"95":1,"96":1,"97":1,"98":1,"99":0,"100":0,"101":1,"102":1,"103":1,"104":1,"105":1,"106":0,"107":0,"108":1,"109":1,"110":1,"111":1,"112":0,"113":0,"114":31,"115":1,"116":0,"117":1,"118":1,"119":1,"120":1,"121":1,"122":1,"123":1,"124":0,"125":0,"126":1,"127":1,"128":0,"129":0,"130":31,"131":25,"132":1,"133":1,"134":1,"135":1,"136":1,"137":1,"138":48,"139":1,"140":1,"141":12,"142":1,"143":12,"144":0},"f":{"0":31,"1":6,"2":11,"3":1,"4":1,"5":2,"6":4,"7":2,"8":1,"9":1,"10":1,"11":25,"12":1,"13":1,"14":1,"15":48,"16":1,"17":1,"18":12,"19":1,"20":12,"21":0},"b":{"0":[0,11],"1":[11,0],"2":[0,11],"3":[11,0],"4":[0,11],"5":[11,0],"6":[1,0],"7":[1,0],"8":[1,0],"9":[1,0],"10":[0,2],"11":[1,1],"12":[1,1],"13":[0,2],"14":[0,0],"15":[1,1],"16":[0,1],"17":[0,1],"18":[0,0],"19":[0,1],"20":[1,1],"21":[0,1],"22":[0,0],"23":[0,1],"24":[0,1],"25":[0,0],"26":[31,0],"27":[31,5],"28":[6,25],"29":[24,1],"30":[1,0],"31":[24,1],"32":[24,1],"33":[24,1],"34":[25,25],"35":[24,24],"36":[48,24],"37":[23,1],"38":[1,0],"39":[0,0],"40":[25,1],"41":[31,8],"42":[3,5],"43":[31,4]},"meta":{"lastBranch":44,"lastFunction":22,"lastStatement":145,"seen":{"s:5:23:515:Infinity":0,"f:5:23:5:Infinity":0,"s:6:35:6:Infinity":1,"s:7:29:7:Infinity":2,"s:8:27:8:Infinity":3,"s:9:31:9:Infinity":4,"s:11:33:11:Infinity":5,"s:12:45:12:Infinity":6,"s:13:53:13:Infinity":7,"s:14:47:14:Infinity":8,"s:16:33:21:Infinity":9,"s:23:37:26:Infinity":10,"s:28:27:28:Infinity":11,"s:29:31:29:Infinity":12,"s:31:4:33:Infinity":13,"f:31:14:31:Infinity":1,"s:32:8:32:Infinity":14,"s:35:23:70:Infinity":15,"f:35:23:35:Infinity":2,"s:36:8:36:Infinity":16,"s:37:8:37:Infinity":17,"s:38:8:69:Infinity":18,"s:39:26:39:Infinity":19,"s:42:33:44:Infinity":20,"b:45:12:45:Infinity:undefined:undefined:undefined:undefined":0,"s:45:12:45:Infinity":21,"s:45:34:45:Infinity":22,"s:46:34:46:Infinity":23,"s:47:12:47:Infinity":24,"b:47:25:47:68:47:68:47:70":1,"s:50:30:52:Infinity":25,"b:53:12:53:Infinity:undefined:undefined:undefined:undefined":2,"s:53:12:53:Infinity":26,"s:53:31:53:Infinity":27,"s:54:31:54:Infinity":28,"s:55:12:55:Infinity":29,"b:55:22:55:56:55:56:55:58":3,"s:58:29:60:Infinity":30,"b:61:12:61:Infinity:undefined:undefined:undefined:undefined":4,"s:61:12:61:Infinity":31,"s:61:30:61:Infinity":32,"s:62:30:62:Infinity":33,"s:63:12:63:Infinity":34,"b:63:21:63:36:63:40:63:42":5,"s:65:12:65:Infinity":35,"s:66:12:66:Infinity":36,"s:68:12:68:Infinity":37,"s:72:24:78:Infinity":38,"f:72:24:72:Infinity":3,"s:73:8:73:Infinity":39,"s:74:8:74:Infinity":40,"s:75:8:75:Infinity":41,"s:76:8:76:Infinity":42,"s:77:8:77:Infinity":43,"s:80:25:95:Infinity":44,"f:80:25:80:26":4,"s:81:8:81:Infinity":45,"s:82:8:91:Infinity":46,"b:83:29:83:53:83:57:83:Infinity":6,"b:84:25:84:45:84:49:84:Infinity":7,"b:86:18:86:Infinity:87:18:87:Infinity":8,"b:89:18:89:Infinity:90:18:90:Infinity":9,"s:92:8:92:Infinity":47,"s:93:8:93:Infinity":48,"s:94:8:94:Infinity":49,"s:97:22:102:Infinity":50,"f:97:22:97:Infinity":5,"s:98:8:98:Infinity":51,"s:99:8:99:Infinity":52,"s:100:8:100:Infinity":53,"s:101:8:101:Infinity":54,"s:104:25:106:Infinity":55,"f:104:25:104:26":6,"s:105:8:105:Infinity":56,"s:108:25:148:Infinity":57,"f:108:25:108:32":7,"s:109:8:109:Infinity":58,"s:110:8:110:Infinity":59,"s:111:8:111:Infinity":60,"b:113:8:116:Infinity:undefined:undefined:undefined:undefined":10,"s:113:8:116:Infinity":61,"s:114:12:114:Infinity":62,"s:115:12:115:Infinity":63,"s:118:8:147:Infinity":64,"s:119:26:119:Infinity":65,"s:120:24:122:88":66,"b:121:18:121:90:122:18:122:88":11,"s:123:27:123:Infinity":67,"b:123:45:123:53:123:53:123:Infinity":12,"s:125:24:132:Infinity":68,"s:134:25:134:Infinity":69,"b:136:12:139:Infinity:undefined:undefined:undefined:undefined":13,"s:136:12:139:Infinity":70,"s:137:16:137:Infinity":71,"b:137:25:137:37:137:41:137:Infinity":14,"s:138:16:138:Infinity":72,"s:141:12:141:Infinity":73,"b:141:41:141:77:141:77:141:Infinity":15,"s:142:12:142:Infinity":74,"s:143:12:143:Infinity":75,"s:145:12:145:Infinity":76,"s:146:12:146:Infinity":77,"s:150:25:174:Infinity":78,"f:150:25:150:32":8,"b:151:8:151:Infinity:undefined:undefined:undefined:undefined":16,"s:151:8:151:Infinity":79,"s:151:117:151:Infinity":80,"s:153:8:153:Infinity":81,"s:154:8:154:Infinity":82,"s:155:8:173:Infinity":83,"s:156:26:156:Infinity":84,"s:157:24:160:Infinity":85,"s:162:25:162:Infinity":86,"b:163:12:166:Infinity:undefined:undefined:undefined:undefined":17,"s:163:12:166:Infinity":87,"s:164:16:164:Infinity":88,"b:164:25:164:37:164:41:164:Infinity":18,"s:165:16:165:Infinity":89,"s:168:12:168:Infinity":90,"s:169:12:169:Infinity":91,"s:171:12:171:Infinity":92,"s:172:12:172:Infinity":93,"s:176:28:214:Infinity":94,"f:176:28:176:35":9,"s:177:8:177:Infinity":95,"s:178:8:178:Infinity":96,"s:179:8:179:Infinity":97,"b:181:8:184:Infinity:undefined:undefined:undefined:undefined":19,"s:181:8:184:Infinity":98,"b:181:12:181:29:181:33:181:57":20,"s:182:12:182:Infinity":99,"s:183:12:183:Infinity":100,"s:186:8:213:Infinity":101,"s:187:26:187:Infinity":102,"s:188:24:198:Infinity":103,"s:200:25:200:Infinity":104,"b:201:12:204:Infinity:undefined:undefined:undefined:undefined":21,"s:201:12:204:Infinity":105,"s:202:16:202:Infinity":106,"b:202:25:202:37:202:41:202:Infinity":22,"s:203:16:203:Infinity":107,"s:206:12:206:Infinity":108,"s:207:12:207:Infinity":109,"s:208:12:208:Infinity":110,"s:209:12:209:Infinity":111,"s:211:12:211:Infinity":112,"s:212:12:212:Infinity":113,"s:216:31:240:Infinity":114,"f:216:31:216:38":10,"b:217:8:217:Infinity:undefined:undefined:undefined:undefined":23,"s:217:8:217:Infinity":115,"s:217:100:217:Infinity":116,"s:219:8:219:Infinity":117,"s:220:8:220:Infinity":118,"s:221:8:239:Infinity":119,"s:222:26:222:Infinity":120,"s:223:24:226:Infinity":121,"s:228:25:228:Infinity":122,"b:229:12:232:Infinity:undefined:undefined:undefined:undefined":24,"s:229:12:232:Infinity":123,"s:230:16:230:Infinity":124,"b:230:25:230:37:230:41:230:Infinity":25,"s:231:16:231:Infinity":125,"s:234:12:234:Infinity":126,"s:235:12:235:Infinity":127,"s:237:12:237:Infinity":128,"s:238:12:238:Infinity":129,"s:242:4:505:Infinity":130,"b:254:13:254:22:254:13:254:Infinity":26,"b:255:13:255:24:255:13:255:Infinity":27,"b:257:13:263:17:263:16:364:Infinity":28,"f:264:35:264:36":11,"s:264:36:265:56":131,"b:271:161:271:Infinity:272:48:273:Infinity":29,"b:272:82:272:Infinity:273:52:273:Infinity":30,"b:280:75:280:130:280:130:280:136":31,"b:280:161:280:213:280:213:280:Infinity":32,"f:285:49:285:Infinity":12,"s:286:44:286:Infinity":132,"s:287:44:287:Infinity":133,"s:288:44:288:Infinity":134,"s:289:44:289:Infinity":135,"f:296:49:296:55":13,"s:296:55:296:Infinity":136,"f:302:49:302:55":14,"s:302:55:302:Infinity":137,"b:313:81:357:37:357:36:357:Infinity":33,"b:313:33:313:50:313:54:313:Infinity":34,"f:324:71:324:72":15,"s:324:72:325:79":138,"b:332:186:332:Infinity:333:68:336:Infinity":35,"b:332:120:332:152:332:152:332:186":36,"b:333:99:333:Infinity:334:72:336:Infinity":37,"b:334:101:334:Infinity:335:76:336:Infinity":38,"b:335:102:335:Infinity:336:80:336:Infinity":39,"f:344:73:344:79":16,"s:344:79:344:Infinity":139,"b:362:21:362:Infinity:362:42:364:Infinity":40,"b:371:13:371:Infinity:371:13:443:Infinity":41,"b:375:47:375:67:375:67:375:Infinity":42,"b:453:13:453:Infinity:453:13:505:Infinity":43,"f:463:46:463:47":17,"s:463:53:463:Infinity":140,"f:468:48:468:49":18,"s:468:49:469:69":141,"f:481:46:481:47":19,"s:481:53:481:Infinity":142,"f:486:47:486:48":20,"s:486:48:487:61":143,"f:497:45:497:51":21,"s:497:51:497:Infinity":144}}}
,"/home/artraxer/TFG-Sociedad-Cientifica/frontend/Sociedad Científica de Desarrollo Informático (SCDI)/src/components/Layout/Header.jsx": {"path":"/home/artraxer/TFG-Sociedad-Cientifica/frontend/Sociedad Científica de Desarrollo Informático (SCDI)/src/components/Layout/Header.jsx","statementMap":{"0":{"start":{"line":11,"column":15},"end":{"line":473,"column":null}},"1":{"start":{"line":12,"column":57},"end":{"line":12,"column":null}},"2":{"start":{"line":13,"column":15},"end":{"line":13,"column":null}},"3":{"start":{"line":15,"column":27},"end":{"line":15,"column":null}},"4":{"start":{"line":16,"column":37},"end":{"line":20,"column":null}},"5":{"start":{"line":21,"column":39},"end":{"line":21,"column":null}},"6":{"start":{"line":22,"column":45},"end":{"line":22,"column":null}},"7":{"start":{"line":23,"column":59},"end":{"line":23,"column":null}},"8":{"start":{"line":24,"column":65},"end":{"line":24,"column":null}},"9":{"start":{"line":25,"column":37},"end":{"line":25,"column":null}},"10":{"start":{"line":27,"column":27},"end":{"line":34,"column":null}},"11":{"start":{"line":28,"column":8},"end":{"line":34,"column":null}},"12":{"start":{"line":29,"column":12},"end":{"line":29,"column":null}},"13":{"start":{"line":30,"column":27},"end":{"line":34,"column":null}},"14":{"start":{"line":37,"column":29},"end":{"line":44,"column":null}},"15":{"start":{"line":38,"column":8},"end":{"line":44,"column":null}},"16":{"start":{"line":39,"column":12},"end":{"line":39,"column":null}},"17":{"start":{"line":40,"column":29},"end":{"line":44,"column":null}},"18":{"start":{"line":47,"column":29},"end":{"line":54,"column":null}},"19":{"start":{"line":48,"column":8},"end":{"line":54,"column":null}},"20":{"start":{"line":49,"column":12},"end":{"line":49,"column":null}},"21":{"start":{"line":50,"column":29},"end":{"line":54,"column":null}},"22":{"start":{"line":57,"column":30},"end":{"line":61,"column":null}},"23":{"start":{"line":58,"column":8},"end":{"line":58,"column":null}},"24":{"start":{"line":59,"column":8},"end":{"line":59,"column":null}},"25":{"start":{"line":60,"column":8},"end":{"line":60,"column":null}},"26":{"start":{"line":63,"column":40},"end":{"line":85,"column":null}},"27":{"start":{"line":64,"column":8},"end":{"line":84,"column":null}},"28":{"start":{"line":65,"column":24},"end":{"line":72,"column":null}},"29":{"start":{"line":74,"column":12},"end":{"line":76,"column":null}},"30":{"start":{"line":75,"column":16},"end":{"line":75,"column":null}},"31":{"start":{"line":78,"column":12},"end":{"line":79,"column":null}},"32":{"start":{"line":79,"column":16},"end":{"line":79,"column":null}},"33":{"start":{"line":79,"column":33},"end":{"line":79,"column":null}},"34":{"start":{"line":83,"column":12},"end":{"line":83,"column":null}},"35":{"start":{"line":87,"column":4},"end":{"line":122,"column":null}},"36":{"start":{"line":88,"column":27},"end":{"line":119,"column":null}},"37":{"start":{"line":89,"column":12},"end":{"line":92,"column":null}},"38":{"start":{"line":90,"column":16},"end":{"line":90,"column":null}},"39":{"start":{"line":91,"column":16},"end":{"line":91,"column":null}},"40":{"start":{"line":94,"column":12},"end":{"line":118,"column":null}},"41":{"start":{"line":95,"column":65},"end":{"line":99,"column":null}},"42":{"start":{"line":96,"column":87},"end":{"line":96,"column":null}},"43":{"start":{"line":97,"column":89},"end":{"line":97,"column":null}},"44":{"start":{"line":98,"column":91},"end":{"line":98,"column":null}},"45":{"start":{"line":101,"column":37},"end":{"line":101,"column":77}},"46":{"start":{"line":102,"column":39},"end":{"line":102,"column":85}},"47":{"start":{"line":103,"column":39},"end":{"line":103,"column":83}},"48":{"start":{"line":105,"column":41},"end":{"line":105,"column":null}},"49":{"start":{"line":106,"column":43},"end":{"line":106,"column":null}},"50":{"start":{"line":107,"column":43},"end":{"line":107,"column":null}},"51":{"start":{"line":109,"column":16},"end":{"line":113,"column":null}},"52":{"start":{"line":116,"column":16},"end":{"line":116,"column":null}},"53":{"start":{"line":117,"column":16},"end":{"line":117,"column":null}},"54":{"start":{"line":121,"column":8},"end":{"line":121,"column":null}},"55":{"start":{"line":124,"column":4},"end":{"line":148,"column":null}},"56":{"start":{"line":125,"column":36},"end":{"line":145,"column":null}},"57":{"start":{"line":126,"column":12},"end":{"line":126,"column":null}},"58":{"start":{"line":126,"column":29},"end":{"line":126,"column":null}},"59":{"start":{"line":128,"column":12},"end":{"line":144,"column":null}},"60":{"start":{"line":129,"column":28},"end":{"line":133,"column":null}},"61":{"start":{"line":135,"column":16},"end":{"line":137,"column":null}},"62":{"start":{"line":136,"column":20},"end":{"line":136,"column":null}},"63":{"start":{"line":139,"column":29},"end":{"line":139,"column":null}},"64":{"start":{"line":140,"column":16},"end":{"line":140,"column":null}},"65":{"start":{"line":142,"column":16},"end":{"line":142,"column":null}},"66":{"start":{"line":143,"column":16},"end":{"line":143,"column":null}},"67":{"start":{"line":147,"column":8},"end":{"line":147,"column":null}},"68":{"start":{"line":150,"column":25},"end":{"line":153,"column":null}},"69":{"start":{"line":151,"column":8},"end":{"line":151,"column":null}},"70":{"start":{"line":152,"column":8},"end":{"line":152,"column":null}},"71":{"start":{"line":155,"column":4},"end":{"line":465,"column":null}},"72":{"start":{"line":183,"column":39},"end":{"line":183,"column":null}},"73":{"start":{"line":194,"column":45},"end":{"line":194,"column":null}},"74":{"start":{"line":195,"column":42},"end":{"line":195,"column":null}},"75":{"start":{"line":195,"column":59},"end":{"line":195,"column":82}},"76":{"start":{"line":205,"column":71},"end":{"line":209,"column":null}},"77":{"start":{"line":222,"column":69},"end":{"line":226,"column":null}},"78":{"start":{"line":239,"column":71},"end":{"line":243,"column":null}},"79":{"start":{"line":270,"column":43},"end":{"line":270,"column":null}},"80":{"start":{"line":287,"column":65},"end":{"line":289,"column":null}},"81":{"start":{"line":291,"column":67},"end":{"line":291,"column":null}},"82":{"start":{"line":311,"column":55},"end":{"line":311,"column":null}},"83":{"start":{"line":362,"column":31},"end":{"line":362,"column":null}},"84":{"start":{"line":372,"column":72},"end":{"line":372,"column":94}},"85":{"start":{"line":373,"column":78},"end":{"line":373,"column":100}},"86":{"start":{"line":374,"column":82},"end":{"line":374,"column":104}},"87":{"start":{"line":375,"column":80},"end":{"line":375,"column":102}},"88":{"start":{"line":390,"column":51},"end":{"line":390,"column":null}},"89":{"start":{"line":401,"column":51},"end":{"line":401,"column":null}},"90":{"start":{"line":412,"column":51},"end":{"line":412,"column":null}},"91":{"start":{"line":431,"column":51},"end":{"line":431,"column":null}},"92":{"start":{"line":442,"column":43},"end":{"line":442,"column":null}},"93":{"start":{"line":463,"column":47},"end":{"line":463,"column":null}}},"fnMap":{"0":{"name":"(anonymous_0)","decl":{"start":{"line":11,"column":15},"end":{"line":11,"column":null}},"loc":{"start":{"line":11,"column":15},"end":{"line":473,"column":null}},"line":11},"1":{"name":"(anonymous_1)","decl":{"start":{"line":27,"column":27},"end":{"line":27,"column":28}},"loc":{"start":{"line":28,"column":8},"end":{"line":34,"column":null}},"line":28},"2":{"name":"(anonymous_2)","decl":{"start":{"line":28,"column":23},"end":{"line":28,"column":24}},"loc":{"start":{"line":29,"column":12},"end":{"line":29,"column":null}},"line":29},"3":{"name":"(anonymous_3)","decl":{"start":{"line":30,"column":14},"end":{"line":30,"column":15}},"loc":{"start":{"line":30,"column":27},"end":{"line":34,"column":null}},"line":30},"4":{"name":"(anonymous_4)","decl":{"start":{"line":37,"column":29},"end":{"line":37,"column":30}},"loc":{"start":{"line":38,"column":8},"end":{"line":44,"column":null}},"line":38},"5":{"name":"(anonymous_5)","decl":{"start":{"line":38,"column":25},"end":{"line":38,"column":26}},"loc":{"start":{"line":39,"column":12},"end":{"line":39,"column":null}},"line":39},"6":{"name":"(anonymous_6)","decl":{"start":{"line":40,"column":14},"end":{"line":40,"column":15}},"loc":{"start":{"line":40,"column":29},"end":{"line":44,"column":null}},"line":40},"7":{"name":"(anonymous_7)","decl":{"start":{"line":47,"column":29},"end":{"line":47,"column":30}},"loc":{"start":{"line":48,"column":8},"end":{"line":54,"column":null}},"line":48},"8":{"name":"(anonymous_8)","decl":{"start":{"line":48,"column":25},"end":{"line":48,"column":26}},"loc":{"start":{"line":49,"column":12},"end":{"line":49,"column":null}},"line":49},"9":{"name":"(anonymous_9)","decl":{"start":{"line":50,"column":14},"end":{"line":50,"column":15}},"loc":{"start":{"line":50,"column":29},"end":{"line":54,"column":null}},"line":50},"10":{"name":"(anonymous_10)","decl":{"start":{"line":57,"column":30},"end":{"line":57,"column":31}},"loc":{"start":{"line":57,"column":31},"end":{"line":61,"column":null}},"line":57},"11":{"name":"(anonymous_11)","decl":{"start":{"line":63,"column":40},"end":{"line":63,"column":47}},"loc":{"start":{"line":63,"column":47},"end":{"line":85,"column":null}},"line":63},"12":{"name":"(anonymous_12)","decl":{"start":{"line":78,"column":30},"end":{"line":78,"column":null}},"loc":{"start":{"line":79,"column":16},"end":{"line":79,"column":null}},"line":79},"13":{"name":"(anonymous_13)","decl":{"start":{"line":79,"column":28},"end":{"line":79,"column":33}},"loc":{"start":{"line":79,"column":33},"end":{"line":79,"column":null}},"line":79},"14":{"name":"(anonymous_14)","decl":{"start":{"line":87,"column":14},"end":{"line":87,"column":null}},"loc":{"start":{"line":87,"column":14},"end":{"line":122,"column":7}},"line":87},"15":{"name":"(anonymous_15)","decl":{"start":{"line":88,"column":27},"end":{"line":88,"column":null}},"loc":{"start":{"line":88,"column":27},"end":{"line":119,"column":null}},"line":88},"16":{"name":"(anonymous_16)","decl":{"start":{"line":96,"column":78},"end":{"line":96,"column":79}},"loc":{"start":{"line":96,"column":87},"end":{"line":96,"column":null}},"line":96},"17":{"name":"(anonymous_17)","decl":{"start":{"line":97,"column":80},"end":{"line":97,"column":81}},"loc":{"start":{"line":97,"column":89},"end":{"line":97,"column":null}},"line":97},"18":{"name":"(anonymous_18)","decl":{"start":{"line":98,"column":82},"end":{"line":98,"column":83}},"loc":{"start":{"line":98,"column":91},"end":{"line":98,"column":null}},"line":98},"19":{"name":"(anonymous_19)","decl":{"start":{"line":124,"column":14},"end":{"line":124,"column":null}},"loc":{"start":{"line":124,"column":14},"end":{"line":148,"column":7}},"line":124},"20":{"name":"(anonymous_20)","decl":{"start":{"line":125,"column":36},"end":{"line":125,"column":null}},"loc":{"start":{"line":125,"column":36},"end":{"line":145,"column":null}},"line":125},"21":{"name":"(anonymous_21)","decl":{"start":{"line":150,"column":25},"end":{"line":150,"column":null}},"loc":{"start":{"line":150,"column":25},"end":{"line":153,"column":null}},"line":150},"22":{"name":"(anonymous_22)","decl":{"start":{"line":183,"column":33},"end":{"line":183,"column":39}},"loc":{"start":{"line":183,"column":39},"end":{"line":183,"column":null}},"line":183},"23":{"name":"(anonymous_23)","decl":{"start":{"line":194,"column":38},"end":{"line":194,"column":39}},"loc":{"start":{"line":194,"column":45},"end":{"line":194,"column":null}},"line":194},"24":{"name":"(anonymous_24)","decl":{"start":{"line":195,"column":36},"end":{"line":195,"column":42}},"loc":{"start":{"line":195,"column":42},"end":{"line":195,"column":null}},"line":195},"25":{"name":"(anonymous_25)","decl":{"start":{"line":195,"column":53},"end":{"line":195,"column":59}},"loc":{"start":{"line":195,"column":59},"end":{"line":195,"column":82}},"line":195},"26":{"name":"(anonymous_26)","decl":{"start":{"line":205,"column":70},"end":{"line":205,"column":71}},"loc":{"start":{"line":205,"column":71},"end":{"line":209,"column":null}},"line":205},"27":{"name":"(anonymous_27)","decl":{"start":{"line":222,"column":68},"end":{"line":222,"column":69}},"loc":{"start":{"line":222,"column":69},"end":{"line":226,"column":null}},"line":222},"28":{"name":"(anonymous_28)","decl":{"start":{"line":239,"column":70},"end":{"line":239,"column":71}},"loc":{"start":{"line":239,"column":71},"end":{"line":243,"column":null}},"line":239},"29":{"name":"(anonymous_29)","decl":{"start":{"line":270,"column":37},"end":{"line":270,"column":43}},"loc":{"start":{"line":270,"column":43},"end":{"line":270,"column":null}},"line":270},"30":{"name":"(anonymous_30)","decl":{"start":{"line":287,"column":64},"end":{"line":287,"column":65}},"loc":{"start":{"line":287,"column":65},"end":{"line":289,"column":null}},"line":287},"31":{"name":"(anonymous_31)","decl":{"start":{"line":291,"column":61},"end":{"line":291,"column":67}},"loc":{"start":{"line":291,"column":67},"end":{"line":291,"column":null}},"line":291},"32":{"name":"(anonymous_32)","decl":{"start":{"line":311,"column":49},"end":{"line":311,"column":55}},"loc":{"start":{"line":311,"column":55},"end":{"line":311,"column":null}},"line":311},"33":{"name":"(anonymous_33)","decl":{"start":{"line":362,"column":25},"end":{"line":362,"column":31}},"loc":{"start":{"line":362,"column":31},"end":{"line":362,"column":null}},"line":362},"34":{"name":"(anonymous_34)","decl":{"start":{"line":372,"column":66},"end":{"line":372,"column":72}},"loc":{"start":{"line":372,"column":72},"end":{"line":372,"column":94}},"line":372},"35":{"name":"(anonymous_35)","decl":{"start":{"line":373,"column":72},"end":{"line":373,"column":78}},"loc":{"start":{"line":373,"column":78},"end":{"line":373,"column":100}},"line":373},"36":{"name":"(anonymous_36)","decl":{"start":{"line":374,"column":76},"end":{"line":374,"column":82}},"loc":{"start":{"line":374,"column":82},"end":{"line":374,"column":104}},"line":374},"37":{"name":"(anonymous_37)","decl":{"start":{"line":375,"column":74},"end":{"line":375,"column":80}},"loc":{"start":{"line":375,"column":80},"end":{"line":375,"column":102}},"line":375},"38":{"name":"(anonymous_38)","decl":{"start":{"line":390,"column":45},"end":{"line":390,"column":51}},"loc":{"start":{"line":390,"column":51},"end":{"line":390,"column":null}},"line":390},"39":{"name":"(anonymous_39)","decl":{"start":{"line":401,"column":45},"end":{"line":401,"column":51}},"loc":{"start":{"line":401,"column":51},"end":{"line":401,"column":null}},"line":401},"40":{"name":"(anonymous_40)","decl":{"start":{"line":412,"column":45},"end":{"line":412,"column":51}},"loc":{"start":{"line":412,"column":51},"end":{"line":412,"column":null}},"line":412},"41":{"name":"(anonymous_41)","decl":{"start":{"line":431,"column":45},"end":{"line":431,"column":51}},"loc":{"start":{"line":431,"column":51},"end":{"line":431,"column":null}},"line":431},"42":{"name":"(anonymous_42)","decl":{"start":{"line":442,"column":37},"end":{"line":442,"column":43}},"loc":{"start":{"line":442,"column":43},"end":{"line":442,"column":null}},"line":442},"43":{"name":"(anonymous_43)","decl":{"start":{"line":463,"column":41},"end":{"line":463,"column":47}},"loc":{"start":{"line":463,"column":47},"end":{"line":463,"column":null}},"line":463}},"branchMap":{"0":{"loc":{"start":{"line":33,"column":16},"end":{"line":33,"column":null}},"type":"binary-expr","locations":[{"start":{"line":33,"column":16},"end":{"line":33,"column":27}},{"start":{"line":33,"column":31},"end":{"line":33,"column":null}}],"line":33},"1":{"loc":{"start":{"line":43,"column":16},"end":{"line":43,"column":null}},"type":"binary-expr","locations":[{"start":{"line":43,"column":16},"end":{"line":43,"column":29}},{"start":{"line":43,"column":33},"end":{"line":43,"column":null}}],"line":43},"2":{"loc":{"start":{"line":53,"column":16},"end":{"line":53,"column":null}},"type":"binary-expr","locations":[{"start":{"line":53,"column":16},"end":{"line":53,"column":29}},{"start":{"line":53,"column":33},"end":{"line":53,"column":null}}],"line":53},"3":{"loc":{"start":{"line":74,"column":12},"end":{"line":76,"column":null}},"type":"if","locations":[{"start":{"line":74,"column":12},"end":{"line":76,"column":null}},{"start":{},"end":{}}],"line":74},"4":{"loc":{"start":{"line":89,"column":12},"end":{"line":92,"column":null}},"type":"if","locations":[{"start":{"line":89,"column":12},"end":{"line":92,"column":null}},{"start":{},"end":{}}],"line":89},"5":{"loc":{"start":{"line":101,"column":37},"end":{"line":101,"column":77}},"type":"binary-expr","locations":[{"start":{"line":101,"column":37},"end":{"line":101,"column":75}},{"start":{"line":101,"column":75},"end":{"line":101,"column":77}}],"line":101},"6":{"loc":{"start":{"line":102,"column":39},"end":{"line":102,"column":85}},"type":"binary-expr","locations":[{"start":{"line":102,"column":39},"end":{"line":102,"column":83}},{"start":{"line":102,"column":83},"end":{"line":102,"column":85}}],"line":102},"7":{"loc":{"start":{"line":103,"column":39},"end":{"line":103,"column":83}},"type":"binary-expr","locations":[{"start":{"line":103,"column":39},"end":{"line":103,"column":81}},{"start":{"line":103,"column":81},"end":{"line":103,"column":83}}],"line":103},"8":{"loc":{"start":{"line":126,"column":12},"end":{"line":126,"column":null}},"type":"if","locations":[{"start":{"line":126,"column":12},"end":{"line":126,"column":null}},{"start":{},"end":{}}],"line":126},"9":{"loc":{"start":{"line":135,"column":16},"end":{"line":137,"column":null}},"type":"if","locations":[{"start":{"line":135,"column":16},"end":{"line":137,"column":null}},{"start":{},"end":{}}],"line":135},"10":{"loc":{"start":{"line":140,"column":34},"end":{"line":140,"column":81}},"type":"binary-expr","locations":[{"start":{"line":140,"column":34},"end":{"line":140,"column":75}},{"start":{"line":140,"column":79},"end":{"line":140,"column":81}}],"line":140},"11":{"loc":{"start":{"line":181,"column":17},"end":{"line":243,"column":null}},"type":"cond-expr","locations":[{"start":{"line":181,"column":18},"end":{"line":189,"column":21}},{"start":{"line":189,"column":20},"end":{"line":243,"column":null}}],"line":181},"12":{"loc":{"start":{"line":199,"column":26},"end":{"line":243,"column":null}},"type":"binary-expr","locations":[{"start":{"line":199,"column":26},"end":{"line":199,"column":61}},{"start":{"line":199,"column":61},"end":{"line":199,"co
[...]
:{"line":152,"column":41},"end":{"line":152,"column":47}},"loc":{"start":{"line":152,"column":47},"end":{"line":152,"column":null}},"line":152},"14":{"name":"(anonymous_14)","decl":{"start":{"line":165,"column":37},"end":{"line":165,"column":43}},"loc":{"start":{"line":165,"column":43},"end":{"line":165,"column":null}},"line":165}},"branchMap":{"0":{"loc":{"start":{"line":21,"column":24},"end":{"line":21,"column":null}},"type":"binary-expr","locations":[{"start":{"line":21,"column":24},"end":{"line":21,"column":62}},{"start":{"line":21,"column":62},"end":{"line":21,"column":null}}],"line":21},"1":{"loc":{"start":{"line":27,"column":27},"end":{"line":27,"column":59}},"type":"binary-expr","locations":[{"start":{"line":27,"column":27},"end":{"line":27,"column":57}},{"start":{"line":27,"column":57},"end":{"line":27,"column":59}}],"line":27},"2":{"loc":{"start":{"line":41,"column":8},"end":{"line":44,"column":null}},"type":"if","locations":[{"start":{"line":41,"column":8},"end":{"line":44,"column":null}},{"start":{},"end":{}}],"line":41},"3":{"loc":{"start":{"line":41,"column":12},"end":{"line":41,"column":51}},"type":"binary-expr","locations":[{"start":{"line":41,"column":12},"end":{"line":41,"column":27}},{"start":{"line":41,"column":27},"end":{"line":41,"column":51}}],"line":41},"4":{"loc":{"start":{"line":59,"column":36},"end":{"line":59,"column":null}},"type":"cond-expr","locations":[{"start":{"line":59,"column":58},"end":{"line":59,"column":94}},{"start":{"line":59,"column":94},"end":{"line":59,"column":null}}],"line":59},"5":{"loc":{"start":{"line":67,"column":36},"end":{"line":67,"column":null}},"type":"cond-expr","locations":[{"start":{"line":67,"column":62},"end":{"line":67,"column":98}},{"start":{"line":67,"column":98},"end":{"line":67,"column":null}}],"line":67},"6":{"loc":{"start":{"line":73,"column":26},"end":{"line":78,"column":null}},"type":"binary-expr","locations":[{"start":{"line":73,"column":26},"end":{"line":73,"column":49}},{"start":{"line":73,"column":49},"end":{"line":73,"column":null}},{"start":{"line":73,"column":62},"end":{"line":78,"column":null}}],"line":73},"7":{"loc":{"start":{"line":85,"column":21},"end":{"line":124,"column":null}},"type":"cond-expr","locations":[{"start":{"line":85,"column":21},"end":{"line":87,"column":32}},{"start":{"line":87,"column":24},"end":{"line":124,"column":null}}],"line":85},"8":{"loc":{"start":{"line":87,"column":24},"end":{"line":124,"column":null}},"type":"cond-expr","locations":[{"start":{"line":87,"column":43},"end":{"line":89,"column":37}},{"start":{"line":89,"column":24},"end":{"line":124,"column":null}}],"line":87},"9":{"loc":{"start":{"line":89,"column":24},"end":{"line":124,"column":null}},"type":"cond-expr","locations":[{"start":{"line":89,"column":37},"end":{"line":121,"column":25}},{"start":{"line":121,"column":24},"end":{"line":124,"column":null}}],"line":89},"10":{"loc":{"start":{"line":95,"column":40},"end":{"line":95,"column":null}},"type":"cond-expr","locations":[{"start":{"line":95,"column":81},"end":{"line":95,"column":92}},{"start":{"line":95,"column":92},"end":{"line":95,"column":null}}],"line":95},"11":{"loc":{"start":{"line":105,"column":65},"end":{"line":105,"column":96}},"type":"binary-expr","locations":[{"start":{"line":105,"column":65},"end":{"line":105,"column":76}},{"start":{"line":105,"column":80},"end":{"line":105,"column":96}}],"line":105},"12":{"loc":{"start":{"line":112,"column":36},"end":{"line":114,"column":null}},"type":"if","locations":[{"start":{"line":112,"column":36},"end":{"line":114,"column":null}},{"start":{},"end":{}}],"line":112},"13":{"loc":{"start":{"line":125,"column":64},"end":{"line":125,"column":95}},"type":"binary-expr","locations":[{"start":{"line":125,"column":64},"end":{"line":125,"column":75}},{"start":{"line":125,"column":79},"end":{"line":125,"column":95}}],"line":125},"14":{"loc":{"start":{"line":138,"column":17},"end":{"line":170,"column":null}},"type":"binary-expr","locations":[{"start":{"line":138,"column":17},"end":{"line":138,"column":40}},{"start":{"line":138,"column":40},"end":{"line":138,"column":null}},{"start":{"line":138,"column":57},"end":{"line":170,"column":null}}],"line":138},"15":{"loc":{"start":{"line":154,"column":36},"end":{"line":156,"column":null}},"type":"cond-expr","locations":[{"start":{"line":155,"column":42},"end":{"line":155,"column":null}},{"start":{"line":156,"column":42},"end":{"line":156,"column":null}}],"line":154},"16":{"loc":{"start":{"line":158,"column":46},"end":{"line":158,"column":null}},"type":"cond-expr","locations":[{"start":{"line":158,"column":74},"end":{"line":158,"column":83}},{"start":{"line":158,"column":83},"end":{"line":158,"column":null}}],"line":158}},"s":{"0":1,"1":11,"2":11,"3":11,"4":11,"5":11,"6":11,"7":11,"8":11,"9":11,"10":4,"11":4,"12":4,"13":4,"14":0,"15":0,"16":11,"17":11,"18":11,"19":11,"20":1,"21":1,"22":1,"23":11,"24":0,"25":1,"26":3,"27":0,"28":0,"29":0,"30":20,"31":0,"32":8,"33":1,"34":0},"f":{"0":11,"1":4,"2":4,"3":4,"4":0,"5":1,"6":0,"7":1,"8":3,"9":0,"10":20,"11":0,"12":8,"13":1,"14":0},"b":{"0":[11,10],"1":[4,0],"2":[1,0],"3":[1,1],"4":[10,1],"5":[1,10],"6":[11,11,1],"7":[4,7],"8":[0,7],"9":[1,6],"10":[0,1],"11":[3,0],"12":[0,0],"13":[20,0],"14":[11,10,6],"15":[6,2],"16":[6,2]},"meta":{"lastBranch":17,"lastFunction":15,"lastStatement":35,"seen":{"s:12:16:177:Infinity":0,"f:12:16:12:Infinity":0,"s:13:15:13:Infinity":1,"s:14:31:14:Infinity":2,"s:15:31:15:Infinity":3,"s:16:41:16:Infinity":4,"s:17:37:17:Infinity":5,"s:18:33:18:54":6,"s:20:29:20:Infinity":7,"s:21:24:21:Infinity":8,"b:21:24:21:62:21:62:21:Infinity":0,"s:23:4:34:Infinity":9,"f:23:14:23:Infinity":1,"s:24:8:33:Infinity":10,"f:25:18:25:19":2,"s:25:27:25:Infinity":11,"f:26:18:26:19":3,"s:27:16:27:Infinity":12,"b:27:27:27:57:27:57:27:59":1,"s:28:16:28:Infinity":13,"f:30:19:30:20":4,"s:31:16:31:Infinity":14,"s:32:16:32:Infinity":15,"s:36:25:36:Infinity":16,"s:37:19:37:Infinity":17,"s:38:28:38:Infinity":18,"s:40:26:45:Infinity":19,"f:40:26:40:27":5,"b:41:8:44:Infinity:undefined:undefined:undefined:undefined":2,"s:41:8:44:Infinity":20,"b:41:12:41:27:41:27:41:51":3,"s:42:12:42:Infinity":21,"s:43:12:43:Infinity":22,"s:47:4:170:Infinity":23,"f:57:41:57:47":6,"s:57:47:57:Infinity":24,"b:59:58:59:94:59:94:59:Infinity":4,"f:65:41:65:47":7,"s:65:47:65:Infinity":25,"b:67:62:67:98:67:98:67:Infinity":5,"b:73:26:73:49:73:49:73:Infinity:73:62:78:Infinity":6,"b:85:21:87:32:87:24:124:Infinity":7,"b:87:43:89:37:89:24:124:Infinity":8,"b:89:37:121:25:121:24:124:Infinity":9,"b:95:81:95:92:95:92:95:Infinity":10,"f:101:52:101:53":8,"s:101:65:109:Infinity":26,"b:105:65:105:76:105:80:105:96":11,"f:110:44:110:45":9,"s:111:36:111:67":27,"b:112:36:114:Infinity:undefined:undefined:undefined:undefined":12,"s:112:36:114:Infinity":28,"s:113:40:113:Infinity":29,"f:122:49:122:50":10,"s:122:50:124:Infinity":30,"b:125:64:125:75:125:79:125:95":13,"b:138:17:138:40:138:40:138:Infinity:138:57:170:Infinity":14,"f:141:37:141:43":11,"s:141:43:141:Infinity":31,"f:149:54:149:55":12,"s:149:58:151:Infinity":32,"f:152:41:152:47":13,"s:152:47:152:Infinity":33,"b:155:42:155:Infinity:156:42:156:Infinity":15,"b:158:74:158:83:158:83:158:Infinity":16,"f:165:37:165:43":14,"s:165:43:165:Infinity":34}}}
,"/home/artraxer/TFG-Sociedad-Cientifica/frontend/Sociedad Científica de Desarrollo Informático (SCDI)/src/pages/Proyectos/Proyectos.jsx": {"path":"/home/artraxer/TFG-Sociedad-Cientifica/frontend/Sociedad Científica de Desarrollo Informático (SCDI)/src/pages/Proyectos/Proyectos.jsx","statementMap":{"0":{"start":{"line":7,"column":18},"end":{"line":183,"column":null}},"1":{"start":{"line":8,"column":15},"end":{"line":8,"column":null}},"2":{"start":{"line":9,"column":35},"end":{"line":9,"column":null}},"3":{"start":{"line":10,"column":31},"end":{"line":10,"column":null}},"4":{"start":{"line":11,"column":41},"end":{"line":11,"column":null}},"5":{"start":{"line":12,"column":37},"end":{"line":12,"column":null}},"6":{"start":{"line":15,"column":41},"end":{"line":15,"column":null}},"7":{"start":{"line":16,"column":45},"end":{"line":16,"column":null}},"8":{"start":{"line":18,"column":31},"end":{"line":18,"column":null}},"9":{"start":{"line":19,"column":24},"end":{"line":19,"column":null}},"10":{"start":{"line":21,"column":4},"end":{"line":33,"column":null}},"11":{"start":{"line":22,"column":8},"end":{"line":22,"column":null}},"12":{"start":{"line":23,"column":8},"end":{"line":32,"column":null}},"13":{"start":{"line":24,"column":27},"end":{"line":24,"column":null}},"14":{"start":{"line":26,"column":16},"end":{"line":26,"column":null}},"15":{"start":{"line":27,"column":16},"end":{"line":27,"column":null}},"16":{"start":{"line":30,"column":16},"end":{"line":30,"column":null}},"17":{"start":{"line":31,"column":16},"end":{"line":31,"column":null}},"18":{"start":{"line":36,"column":31},"end":{"line":53,"column":null}},"19":{"start":{"line":37,"column":27},"end":{"line":37,"column":null}},"20":{"start":{"line":38,"column":26},"end":{"line":38,"column":null}},"21":{"start":{"line":40,"column":8},"end":{"line":42,"column":null}},"22":{"start":{"line":41,"column":12},"end":{"line":41,"column":null}},"23":{"start":{"line":44,"column":8},"end":{"line":50,"column":null}},"24":{"start":{"line":46,"column":37},"end":{"line":48,"column":null}},"25":{"start":{"line":49,"column":12},"end":{"line":49,"column":null}},"26":{"start":{"line":52,"column":8},"end":{"line":52,"column":null}},"27":{"start":{"line":55,"column":25},"end":{"line":55,"column":null}},"28":{"start":{"line":56,"column":19},"end":{"line":56,"column":null}},"29":{"start":{"line":57,"column":30},"end":{"line":57,"column":null}},"30":{"start":{"line":59,"column":26},"end":{"line":64,"column":null}},"31":{"start":{"line":60,"column":8},"end":{"line":63,"column":null}},"32":{"start":{"line":61,"column":12},"end":{"line":61,"column":null}},"33":{"start":{"line":62,"column":12},"end":{"line":62,"column":null}},"34":{"start":{"line":66,"column":4},"end":{"line":176,"column":null}},"35":{"start":{"line":90,"column":32},"end":{"line":90,"column":null}},"36":{"start":{"line":91,"column":32},"end":{"line":91,"column":null}},"37":{"start":{"line":111,"column":32},"end":{"line":111,"column":null}},"38":{"start":{"line":112,"column":32},"end":{"line":112,"column":null}},"39":{"start":{"line":127,"column":52},"end":{"line":129,"column":null}},"40":{"start":{"line":151,"column":43},"end":{"line":151,"column":null}},"41":{"start":{"line":158,"column":58},"end":{"line":160,"column":null}},"42":{"start":{"line":161,"column":47},"end":{"line":161,"column":null}},"43":{"start":{"line":172,"column":43},"end":{"line":172,"column":null}}},"fnMap":{"0":{"name":"(anonymous_0)","decl":{"start":{"line":7,"column":18},"end":{"line":7,"column":null}},"loc":{"start":{"line":7,"column":18},"end":{"line":183,"column":null}},"line":7},"1":{"name":"(anonymous_1)","decl":{"start":{"line":21,"column":14},"end":{"line":21,"column":null}},"loc":{"start":{"line":21,"column":14},"end":{"line":33,"column":7}},"line":21},"2":{"name":"(anonymous_2)","decl":{"start":{"line":24,"column":18},"end":{"line":24,"column":19}},"loc":{"start":{"line":24,"column":27},"end":{"line":24,"column":null}},"line":24},"3":{"name":"(anonymous_3)","decl":{"start":{"line":25,"column":18},"end":{"line":25,"column":19}},"loc":{"start":{"line":25,"column":19},"end":{"line":28,"column":null}},"line":25},"4":{"name":"(anonymous_4)","decl":{"start":{"line":29,"column":19},"end":{"line":29,"column":20}},"loc":{"start":{"line":29,"column":20},"end":{"line":32,"column":null}},"line":29},"5":{"name":"(anonymous_5)","decl":{"start":{"line":36,"column":48},"end":{"line":36,"column":49}},"loc":{"start":{"line":36,"column":49},"end":{"line":53,"column":null}},"line":36},"6":{"name":"(anonymous_6)","decl":{"start":{"line":59,"column":26},"end":{"line":59,"column":27}},"loc":{"start":{"line":59,"column":27},"end":{"line":64,"column":null}},"line":59},"7":{"name":"(anonymous_7)","decl":{"start":{"line":89,"column":38},"end":{"line":89,"column":39}},"loc":{"start":{"line":89,"column":39},"end":{"line":92,"column":null}},"line":89},"8":{"name":"(anonymous_8)","decl":{"start":{"line":110,"column":38},"end":{"line":110,"column":39}},"loc":{"start":{"line":110,"column":39},"end":{"line":113,"column":null}},"line":110},"9":{"name":"(anonymous_9)","decl":{"start":{"line":127,"column":51},"end":{"line":127,"column":52}},"loc":{"start":{"line":127,"column":52},"end":{"line":129,"column":null}},"line":127},"10":{"name":"(anonymous_10)","decl":{"start":{"line":151,"column":37},"end":{"line":151,"column":43}},"loc":{"start":{"line":151,"column":43},"end":{"line":151,"column":null}},"line":151},"11":{"name":"(anonymous_11)","decl":{"start":{"line":158,"column":54},"end":{"line":158,"column":55}},"loc":{"start":{"line":158,"column":58},"end":{"line":160,"column":null}},"line":158},"12":{"name":"(anonymous_12)","decl":{"start":{"line":161,"column":41},"end":{"line":161,"column":47}},"loc":{"start":{"line":161,"column":47},"end":{"line":161,"column":null}},"line":161},"13":{"name":"(anonymous_13)","decl":{"start":{"line":172,"column":37},"end":{"line":172,"column":43}},"loc":{"start":{"line":172,"column":43},"end":{"line":172,"column":null}},"line":172}},"branchMap":{"0":{"loc":{"start":{"line":19,"column":24},"end":{"line":19,"column":null}},"type":"binary-expr","locations":[{"start":{"line":19,"column":24},"end":{"line":19,"column":62}},{"start":{"line":19,"column":62},"end":{"line":19,"column":null}}],"line":19},"1":{"loc":{"start":{"line":26,"column":29},"end":{"line":26,"column":65}},"type":"binary-expr","locations":[{"start":{"line":26,"column":29},"end":{"line":26,"column":63}},{"start":{"line":26,"column":63},"end":{"line":26,"column":65}}],"line":26},"2":{"loc":{"start":{"line":40,"column":8},"end":{"line":42,"column":null}},"type":"if","locations":[{"start":{"line":40,"column":8},"end":{"line":42,"column":null}},{"start":{},"end":{}}],"line":40},"3":{"loc":{"start":{"line":44,"column":8},"end":{"line":50,"column":null}},"type":"if","locations":[{"start":{"line":44,"column":8},"end":{"line":50,"column":null}},{"start":{},"end":{}}],"line":44},"4":{"loc":{"start":{"line":46,"column":37},"end":{"line":48,"column":null}},"type":"cond-expr","locations":[{"start":{"line":47,"column":18},"end":{"line":47,"column":null}},{"start":{"line":48,"column":18},"end":{"line":48,"column":null}}],"line":46},"5":{"loc":{"start":{"line":52,"column":15},"end":{"line":52,"column":null}},"type":"binary-expr","locations":[{"start":{"line":52,"column":15},"end":{"line":52,"column":31}},{"start":{"line":52,"column":31},"end":{"line":52,"column":null}}],"line":52},"6":{"loc":{"start":{"line":60,"column":8},"end":{"line":63,"column":null}},"type":"if","locations":[{"start":{"line":60,"column":8},"end":{"line":63,"column":null}},{"start":{},"end":{}}],"line":60},"7":{"loc":{"start":{"line":60,"column":12},"end":{"line":60,"column":51}},"type":"binary-expr","locations":[{"start":{"line":60,"column":12},"end":{"line":60,"column":27}},{"start":{"line":60,"column":27},"end":{"line":60,"column":51}}],"line":60},"8":{"loc":{"start":{"line":71,"column":22},"end":{"line":76,"column":null}},"type":"binary-expr","locations":[{"start":{"line":71,"column":22},"end":{"line":71,"column":43}},{"start":{"line":71,"column":43},"end":{"line":71,"column":null}},{"start":{"line":71,"column":56},"end":{"line":76,"column":null}}],"line":71},"9":{"loc":{"start":{"line":85,"column":29},"end":{"line":85,"column":null}},"type":"binary-expr","locations":[{"start":{"line":85,"column":29},"end":{"line":85,"column":61}},{"start":{"line":85,"column":61},"end":{"line":85,"column":null}}],"line":85},"10":{"loc":{"start":{"line":105,"column":29},"end":{"line":105,"column":null}},"type":"binary-expr","locations":[{"start":{"line":105,"column":29},"end":{"line":105,"column":63}},{"start":{"line":105,"column":63},"end":{"line":105,"column":null}}],"line":105},"11":{"loc":{"start":{"line":121,"column":21},"end":{"line":129,"column":null}},"type":"cond-expr","locations":[{"start":{"line":121,"column":21},"end":{"line":123,"column":42}},{"start":{"line":123,"column":24},"end":{"line":129,"column":null}}],"line":121},"12":{"loc":{"start":{"line":123,"column":24},"end":{"line":129,"column":null}},"type":"cond-expr","locations":[{"start":{"line":123,"column":53},"end":{"line":126,"column":25}},{"start":{"line":126,"column":24},"end":{"line":129,"column":null}}],"line":123},"13":{"loc":{"start":{"line":130,"column":68},"end":{"line":130,"column":105}},"type":"binary-expr","locations":[{"start":{"line":130,"column":68},"end":{"line":130,"column":81}},{"start":{"line":130,"column":85},"end":{"line":130,"column":105}}],"line":130},"14":{"loc":{"start":{"line":148,"column":17},"end":{"line":176,"column":null}},"type":"binary-expr","locations":[{"start":{"line":148,"column":17},"end":{"line":148,"column":null}},{"start":{"line":148,"column":45},"end":{"line":176,"column":null}}],"line":148},"15":{"loc":{"start":{"line":162,"column":127},"end":{"line":164,"column":null}},"type":"cond-expr","locations":[{"start":{"line":163,"column":38},"end":{"line":163,"column":null}},{"start":{"line":164,"column":38},"end":{"line":164,"column":null}}],"line":162}},"s":{"0":1,"1":13,"2":13,"3":13,"4":13,"5":13,"6":13,"7":13,"8":13,"9":13,"10":13,"11":4,"12":4,"13":4,"14":4,"15":4,"16":0,"17":0,"18":13,"19":27,"20":27,"21":27,"22":6,"23":27,"24":6,"25":6,"26":27,"27":13,"28":13,"29":13,"30":13,"31":0,"32":0,"33":0,"34":13,"35":1,"36":1,"37":1,"38":1,"39":17,"40":0,"41":7,"42":0,"43":0},"f":{"0":13,"1":4,"2":4,"3":4,"4":0,"5":27,"6":0,"7":1,"8":1,"9":17,"10":0,"11":7,"12":0,"13":0},"b":{"0":[13,11],"1":[4,0],"2":[6,21],"3":[6,21],"4":[6,0],"5":[27,23],"6":[0,0],"7":[0,0],"8":[13,12,1],"9":[13,0],"10":[13,0],"11":[4,9],"12":[2,7],"13":[17,0],"14":[13,7],"15":[7,0]},"meta":{"lastBranch":16,"lastFunction":14,"lastStatement":44,"seen":{"s:7:18:183:Infinity":0,"f:7:18:7:Infinity":0,"s:8:15:8:Infinity":1,"s:9:35:9:Infinity":2,"s:10:31:10:Infinity":3,"s:11:41:11:Infinity":4,"s:12:37:12:Infinity":5,"s:15:41:15:Infinity":6,"s:16:45:16:Infinity":7,"s:18:31:18:Infinity":8,"s:19:24:19:Infinity":9,"b:19:24:19:62:19:62:19:Infinity":0,"s:21:4:33:Infinity":10,"f:21:14:21:Infinity":1,"s:22:8:22:Infinity":11,"s:23:8:32:Infinity":12,"f:24:18:24:19":2,"s:24:27:24:Infinity":13,"f:25:18:25:19":3,"s:26:16:26:Infinity":14,"b:26:29:26:63:26:63:26:65":1,"s:27:16:27:Infinity":15,"f:29:19:29:20":4,"s:30:16:30:Infinity":16,"s:31:16:31:Infinity":17,"s:36:31:53:Infinity":18,"f:36:48:36:49":5,"s:37:27:37:Infinity":19,"s:38:26:38:Infinity":20,"b:40:8:42:Infinity:undefined:undefined:undefined:undefined":2,"s:40:8:42:Infinity":21,"s:41:12:41:Infinity":22,"b:44:8:50:Infinity:undefined:undefined:undefined:undefined":3,"s:44:8:50:Infinity":23,"s:46:37:48:Infinity":24,"b:47:18:47:Infinity:48:18:48:Infinity":4,"s:49:12:49:Infinity":25,"s:52:8:52:Infinity":26,"b:52:15:52:31:52:31:52:Infinity":5,"s:55:25:55:Infinity":27,"s:56:19:56:Infinity":28,"s:57:30:57:Infinity":29,"s:59:26:64:Infinity":30,"f:59:26:59:27":6,"b:60:8:63:Infinity:undefined:undefined:undefined:undefined":6,"s:60:8:63:Infinity":31,"b:60:12:60:27:60:27:60:51":7,"s:61:12:61:Infinity":32,"s:62:12:62:Infinity":33,"s:66:4:176:Infinity":34,"b:71:22:71:43:71:43:71:Infinity:71:56:76:Infinity":8,"b:85:29:85:61:85:61:85:Infinity":9,"f:89:38:89:39":7,"s:90:32:90:Infinity":35,"s:91:32:91:Infinity":36,"b:105:29:105:63:105:63:105:Infinity":10,"f:110:38:110:39":8,"s:111:32:111:Infinity":37,"s:112:32:112:Infinity":38,"b:121:21:123:42:123:24:129:Infinity":11,"b:123:53:126:25:126:24:129:Infinity":12,"f:127:51:127:52":9,"s:127:52:129:Infinity":39,"b:130:68:130:81:130:85:130:105":13,"b:148:17:148:Infinity:148:45:176:Infinity":14,"f:151:37:151:43":10,"s:151:43:151:Infinity":40,"f:158:54:158:55":11,"s:158:58:160:Infinity":41,"f:161:41:161:47":12,"s:161:47:161:Infinity":42,"b:163:38:163:Infinity:164:38:164:Infinity":15,"f:172:37:172:43":13,"s:172:43:172:Infinity":43}}}
}
